[ 2018-12-16T13:17:18+08:00 ] 101.132.97.53 /index.php/Admin/Index/index.html
INFO: [ app_init ] --START--
INFO: Run Behavior\BuildLiteBehavior [ RunTime:0.000000s ]
INFO: [ app_init ] --END-- [ RunTime:0.000000s ]
NOTIC: [8] Use of undefined constant URL_MODEL - assumed 'URL_MODEL' D:\wwwroot\wgcadmin_22fqiz\web\Application\Admin\Conf\config.php 第 4 行.
INFO: [ app_begin ] --START--
INFO: Run Behavior\ReadHtmlCacheBehavior [ RunTime:0.000000s ]
INFO: [ app_begin ] --END-- [ RunTime:0.000000s ]

[ 2018-12-16T14:27:58+08:00 ] 113.96.219.247 /index.php/Admin/Admin/login.html
INFO: [ app_init ] --START--
INFO: Run Behavior\BuildLiteBehavior [ RunTime:0.000000s ]
INFO: [ app_init ] --END-- [ RunTime:0.000000s ]
NOTIC: [8] Use of undefined constant URL_MODEL - assumed 'URL_MODEL' D:\wwwroot\wgcadmin_22fqiz\web\Application\Admin\Conf\config.php 第 4 行.
INFO: [ app_begin ] --START--
INFO: Run Behavior\ReadHtmlCacheBehavior [ RunTime:0.000000s ]
INFO: [ app_begin ] --END-- [ RunTime:0.000000s ]
INFO: [ view_parse ] --START--
INFO: [ template_filter ] --START--
INFO: Run Behavior\ContentReplaceBehavior [ RunTime:0.000000s ]
INFO: [ template_filter ] --END-- [ RunTime:0.000000s ]
NOTIC: [8] Undefined variable: think D:\wwwroot\wgcadmin_22fqiz\web\Application\Runtime\Cache\Admin\2275611bb46a2a49189a5a4b00fcf970.php 第 64 行.
NOTIC: [8] Undefined variable: think D:\wwwroot\wgcadmin_22fqiz\web\Application\Runtime\Cache\Admin\2275611bb46a2a49189a5a4b00fcf970.php 第 69 行.
INFO: Run Behavior\ParseTemplateBehavior [ RunTime:0.015625s ]
INFO: [ view_parse ] --END-- [ RunTime:0.015625s ]
INFO: [ view_filter ] --START--
INFO: Run Behavior\WriteHtmlCacheBehavior [ RunTime:0.000000s ]
INFO: [ view_filter ] --END-- [ RunTime:0.000000s ]
INFO: [ app_end ] --START--
INFO: Run Behavior\ShowPageTraceBehavior [ RunTime:0.000000s ]
INFO: [ app_end ] --END-- [ RunTime:0.000000s ]

[ 2018-12-16T14:28:23+08:00 ] 113.96.219.247 /index.php/Admin/Admin/login.html
INFO: [ app_init ] --START--
INFO: Run Behavior\BuildLiteBehavior [ RunTime:0.000000s ]
INFO: [ app_init ] --END-- [ RunTime:0.000000s ]
NOTIC: [8] Use of undefined constant URL_MODEL - assumed 'URL_MODEL' D:\wwwroot\wgcadmin_22fqiz\web\Application\Admin\Conf\config.php 第 4 行.
INFO: [ app_begin ] --START--
INFO: Run Behavior\ReadHtmlCacheBehavior [ RunTime:0.000000s ]
INFO: [ app_begin ] --END-- [ RunTime:0.000000s ]
INFO: [ view_parse ] --START--
INFO: [ template_filter ] --START--
INFO: Run Behavior\ContentReplaceBehavior [ RunTime:0.000000s ]
INFO: [ template_filter ] --END-- [ RunTime:0.000000s ]
NOTIC: [8] Undefined variable: think D:\wwwroot\wgcadmin_22fqiz\web\Application\Runtime\Cache\Admin\2275611bb46a2a49189a5a4b00fcf970.php 第 64 行.
NOTIC: [8] Undefined variable: think D:\wwwroot\wgcadmin_22fqiz\web\Application\Runtime\Cache\Admin\2275611bb46a2a49189a5a4b00fcf970.php 第 69 行.
INFO: Run Behavior\ParseTemplateBehavior [ RunTime:0.000000s ]
INFO: [ view_parse ] --END-- [ RunTime:0.000000s ]
INFO: [ view_filter ] --START--
INFO: Run Behavior\WriteHtmlCacheBehavior [ RunTime:0.000000s ]
INFO: [ view_filter ] --END-- [ RunTime:0.000000s ]
INFO: [ app_end ] --START--
INFO: Run Behavior\ShowPageTraceBehavior [ RunTime:0.000000s ]
INFO: [ app_end ] --END-- [ RunTime:0.000000s ]

[ 2018-12-16T14:28:37+08:00 ] 113.96.219.247 /index.php/Admin/Admin/checkuser
INFO: [ app_init ] --START--
INFO: Run Behavior\BuildLiteBehavior [ RunTime:0.000000s ]
INFO: [ app_init ] --END-- [ RunTime:0.000000s ]
NOTIC: [8] Use of undefined constant URL_MODEL - assumed 'URL_MODEL' D:\wwwroot\wgcadmin_22fqiz\web\Application\Admin\Conf\config.php 第 4 行.
INFO: [ app_begin ] --START--
INFO: Run Behavior\ReadHtmlCacheBehavior [ RunTime:0.000000s ]
INFO: [ app_begin ] --END-- [ RunTime:0.000000s ]
SQL: SHOW COLUMNS FROM `ecm_member` [ RunTime:0.000000s ]
SQL: SHOW COLUMNS FROM `ecm_gongsi` [ RunTime:0.015625s ]
SQL: SELECT member.user_id AS user_id,member.fenxiaoshang AS fenxiaoshang,member.fenxiaoshang_name AS fenxiaoshang_name FROM ecm_member member LEFT JOIN ecm_gongsi gongsi ON member.user_id=gongsi.muid WHERE member.user_name = '1000008' LIMIT 1   [ RunTime:0.000000s ]
SQL: SELECT `user_id` FROM `ecm_member` WHERE `user_name` = '1000008' AND `password` = 'e10adc3949ba59abbe56e057f20f883e' LIMIT 1   [ RunTime:0.000000s ]
SQL: SELECT `isadmin` FROM `ecm_member` WHERE `isadmin` = 1 AND `user_id` = 1473406045 LIMIT 1   [ RunTime:0.000000s ]
NOTIC: [8] A session had already been started - ignoring session_start() D:\wwwroot\wgcadmin_22fqiz\web\Application\Admin\Controller\AdminController.class.php 第 67 行.
SQL: SELECT m.user_id,m.roleid,m.user_name,m.kehu,m.fenxiaoshang_userid,m.userphoto,g.name,g.zhiwei,r.rolename,m.storeid FROM ecm_member m LEFT JOIN ecm_gongyingshang g ON m.user_id = g.user_id LEFT JOIN ecm_role r ON m.roleid = r.id  WHERE m.user_id = '1473406045' LIMIT 1   [ RunTime:0.000000s ]
SQL: SELECT `fenxiaoshang_name` FROM `ecm_member` WHERE `user_id` = 1473406045 LIMIT 1   [ RunTime:0.000000s ]
SQL: SELECT `fenxiaoshang_userid` FROM `ecm_member` WHERE `user_id` = 1473406045 LIMIT 1   [ RunTime:0.000000s ]
NOTIC: [8] Undefined variable: pwd D:\wwwroot\wgcadmin_22fqiz\web\Application\Admin\Controller\AdminController.class.php 第 72 行.

[ 2018-12-16T14:28:39+08:00 ] 113.96.219.247 /index.php/Admin/Index/index.html
INFO: [ app_init ] --START--
INFO: Run Behavior\BuildLiteBehavior [ RunTime:0.000000s ]
INFO: [ app_init ] --END-- [ RunTime:0.000000s ]
NOTIC: [8] Use of undefined constant URL_MODEL - assumed 'URL_MODEL' D:\wwwroot\wgcadmin_22fqiz\web\Application\Admin\Conf\config.php 第 4 行.
INFO: [ app_begin ] --START--
INFO: Run Behavior\ReadHtmlCacheBehavior [ RunTime:0.000000s ]
INFO: [ app_begin ] --END-- [ RunTime:0.000000s ]
NOTIC: [8] A session had already been started - ignoring session_start() D:\wwwroot\wgcadmin_22fqiz\web\Application\Admin\Controller\IndexController.class.php 第 7 行.
NOTIC: [8] A session had already been started - ignoring session_start() D:\wwwroot\wgcadmin_22fqiz\web\Application\Admin\Controller\CategoryController.class.php 第 129 行.
SQL: SHOW COLUMNS FROM `ecm_category` [ RunTime:0.000000s ]
SQL: SELECT `id`,`pid`,`catname`,`caticon`,`m`,`c`,`a`,`orderlist` FROM `ecm_category` WHERE `display` = 1 AND `storeid` = 'b65e2727ec76202a16d7fd77dfa8a2de'  [ RunTime:0.000000s ]
INFO: [ view_parse ] --START--
INFO: [ template_filter ] --START--
INFO: Run Behavior\ContentReplaceBehavior [ RunTime:0.000000s ]
INFO: [ template_filter ] --END-- [ RunTime:0.000000s ]
INFO: Run Behavior\ParseTemplateBehavior [ RunTime:0.015625s ]
INFO: [ view_parse ] --END-- [ RunTime:0.015625s ]
INFO: [ view_filter ] --START--
INFO: Run Behavior\WriteHtmlCacheBehavior [ RunTime:0.000000s ]
INFO: [ view_filter ] --END-- [ RunTime:0.000000s ]
INFO: [ app_end ] --START--
INFO: Run Behavior\ShowPageTraceBehavior [ RunTime:0.000000s ]
INFO: [ app_end ] --END-- [ RunTime:0.000000s ]

[ 2018-12-16T14:28:40+08:00 ] 113.96.219.247 /index.php/Admin/Index/welcome
INFO: [ app_init ] --START--
INFO: Run Behavior\BuildLiteBehavior [ RunTime:0.000000s ]
INFO: [ app_init ] --END-- [ RunTime:0.000000s ]
NOTIC: [8] Use of undefined constant URL_MODEL - assumed 'URL_MODEL' D:\wwwroot\wgcadmin_22fqiz\web\Application\Admin\Conf\config.php 第 4 行.
INFO: [ app_begin ] --START--
INFO: Run Behavior\ReadHtmlCacheBehavior [ RunTime:0.000000s ]
INFO: [ app_begin ] --END-- [ RunTime:0.000000s ]
SQL: SHOW COLUMNS FROM `ecm_member` [ RunTime:0.000000s ]
SQL: SELECT COUNT(*) AS tp_count FROM `ecm_member` WHERE `user_id` > 4474 AND `fenxiaoshang_userid` = '1647131543823180' LIMIT 1   [ RunTime:0.031250s ]
SQL: SELECT COUNT(*) AS tp_count FROM `ecm_member` WHERE ( regtime >= '1544889600' and user_id >4474 and fenxiaoshang_userid = 1647131543823180 ) LIMIT 1   [ RunTime:0.015625s ]
SQL: SELECT COUNT(*) AS tp_count FROM `ecm_member` WHERE ( regtime >= '1544803200' and user_id >4474 and fenxiaoshang_userid = 1647131543823180 ) LIMIT 1   [ RunTime:0.031251s ]
SQL: SELECT COUNT(*) AS tp_count FROM `ecm_member` WHERE ( regtime >= '1544803200' and user_id >4474 and fenxiaoshang_userid = 1647131543823180 ) LIMIT 1   [ RunTime:0.031250s ]
SQL: SELECT COUNT(*) AS tp_count FROM `ecm_member` WHERE ( regtime >= '1542297600' and user_id >4474 and fenxiaoshang_userid = 1647131543823180 ) LIMIT 1   [ RunTime:0.015625s ]
SQL: SELECT COUNT(*) AS tp_count FROM `ecm_member` WHERE `position_type` = 1 AND `fenxiaoshang_userid` = '1647131543823180' LIMIT 1   [ RunTime:0.015625s ]
INFO: [ view_parse ] --START--
INFO: [ template_filter ] --START--
INFO: Run Behavior\ContentReplaceBehavior [ RunTime:0.000000s ]
INFO: [ template_filter ] --END-- [ RunTime:0.000000s ]
INFO: Run Behavior\ParseTemplateBehavior [ RunTime:0.000000s ]
INFO: [ view_parse ] --END-- [ RunTime:0.000000s ]
INFO: [ view_filter ] --START--
INFO: Run Behavior\WriteHtmlCacheBehavior [ RunTime:0.000000s ]
INFO: [ view_filter ] --END-- [ RunTime:0.000000s ]
INFO: [ app_end ] --START--
INFO: Run Behavior\ShowPageTraceBehavior [ RunTime:0.015625s ]
INFO: [ app_end ] --END-- [ RunTime:0.015625s ]

[ 2018-12-16T14:29:37+08:00 ] 61.129.6.251 /index.php/Admin/Admin/checkuser
INFO: [ app_init ] --START--
INFO: Run Behavior\BuildLiteBehavior [ RunTime:0.000000s ]
INFO: [ app_init ] --END-- [ RunTime:0.000000s ]
NOTIC: [8] Use of undefined constant URL_MODEL - assumed 'URL_MODEL' D:\wwwroot\wgcadmin_22fqiz\web\Application\Admin\Conf\config.php 第 4 行.
INFO: [ app_begin ] --START--
INFO: Run Behavior\ReadHtmlCacheBehavior [ RunTime:0.000000s ]
INFO: [ app_begin ] --END-- [ RunTime:0.000000s ]

[ 2018-12-16T17:17:27+08:00 ] 171.13.14.26 /index.php/Admin/Index/index.html
INFO: [ app_init ] --START--
INFO: Run Behavior\BuildLiteBehavior [ RunTime:0.000000s ]
INFO: [ app_init ] --END-- [ RunTime:0.000000s ]
NOTIC: [8] Use of undefined constant URL_MODEL - assumed 'URL_MODEL' D:\wwwroot\wgcadmin_22fqiz\web\Application\Admin\Conf\config.php 第 4 行.
INFO: [ app_begin ] --START--
INFO: Run Behavior\ReadHtmlCacheBehavior [ RunTime:0.000000s ]
INFO: [ app_begin ] --END-- [ RunTime:0.000000s ]

[ 2018-12-16T17:17:27+08:00 ] 171.13.14.7 /index.php/Admin/Index/index.html
INFO: [ app_init ] --START--
INFO: Run Behavior\BuildLiteBehavior [ RunTime:0.000000s ]
INFO: [ app_init ] --END-- [ RunTime:0.000000s ]
NOTIC: [8] Use of undefined constant URL_MODEL - assumed 'URL_MODEL' D:\wwwroot\wgcadmin_22fqiz\web\Application\Admin\Conf\config.php 第 4 行.
INFO: [ app_begin ] --START--
INFO: Run Behavior\ReadHtmlCacheBehavior [ RunTime:0.000000s ]
INFO: [ app_begin ] --END-- [ RunTime:0.000000s ]

