[ 2018-11-02T15:05:56+08:00 ] 180.163.220.5 /index.php/Admin/Index/index.html
INFO: [ app_init ] --START--
INFO: Run Behavior\BuildLiteBehavior [ RunTime:0.000000s ]
INFO: [ app_init ] --END-- [ RunTime:0.000000s ]
NOTIC: [8] Use of undefined constant URL_MODEL - assumed 'URL_MODEL' D:\wwwroot\wgcadmin_22fqiz\web\Application\Admin\Conf\config.php 第 4 行.
INFO: [ app_begin ] --START--
INFO: Run Behavior\ReadHtmlCacheBehavior [ RunTime:0.000000s ]
INFO: [ app_begin ] --END-- [ RunTime:0.000000s ]

[ 2018-11-02T15:08:34+08:00 ] 42.236.10.124 /index.php/Admin/Kaoqing/exportqj
INFO: [ app_init ] --START--
INFO: Run Behavior\BuildLiteBehavior [ RunTime:0.000000s ]
INFO: [ app_init ] --END-- [ RunTime:0.000000s ]
NOTIC: [8] Use of undefined constant URL_MODEL - assumed 'URL_MODEL' D:\wwwroot\wgcadmin_22fqiz\web\Application\Admin\Conf\config.php 第 4 行.
INFO: [ app_begin ] --START--
INFO: Run Behavior\ReadHtmlCacheBehavior [ RunTime:0.000000s ]
INFO: [ app_begin ] --END-- [ RunTime:0.000000s ]

[ 2018-11-02T15:16:55+08:00 ] 116.21.92.12 /index.php/Admin/User/index.html
INFO: [ app_init ] --START--
INFO: Run Behavior\BuildLiteBehavior [ RunTime:0.000000s ]
INFO: [ app_init ] --END-- [ RunTime:0.000000s ]
NOTIC: [8] Use of undefined constant URL_MODEL - assumed 'URL_MODEL' D:\wwwroot\wgcadmin_22fqiz\web\Application\Admin\Conf\config.php 第 4 行.
INFO: [ app_begin ] --START--
INFO: Run Behavior\ReadHtmlCacheBehavior [ RunTime:0.000000s ]
INFO: [ app_begin ] --END-- [ RunTime:0.000000s ]
SQL: SHOW COLUMNS FROM `ecm_member` [ RunTime:0.015626s ]
SQL: SHOW COLUMNS FROM `ecm_gongyingshang` [ RunTime:0.000000s ]
SQL: SELECT COUNT(*) AS tp_count FROM ecm_member member LEFT JOIN ecm_gongyingshang gongyingshang ON member.user_id=gongyingshang.user_id WHERE gongyingshang.name <> '' LIMIT 1   [ RunTime:0.000000s ]
SQL: SELECT member.user_id AS user_id,member.user_name AS user_name,member.shenfen AS shenfen,member.shenfentype AS shenfentype,member.balance AS balance,member.userphoto AS userphoto,member.xiangxi AS xiangxi,member.regtime AS regtime,member.token AS token,member.fenxiaoshang AS fenxiaoshang,member.fenxiaoshang_name AS fenxiaoshang_name,member.fenxiaoshang_time AS fenxiaoshang_time,member.postion AS postion,member.type AS type,member.is_user AS is_user,member.pai AS pai,gongyingshang.name AS name,gongyingshang.sex AS sex,gongyingshang.bumen AS bumen,gongyingshang.nianling AS nianling,gongyingshang.huji AS huji,gongyingshang.zhiwei AS zhiwei,gongyingshang.user_id AS uid FROM ecm_member member LEFT JOIN ecm_gongyingshang gongyingshang ON member.user_id=gongyingshang.user_id WHERE gongyingshang.name <> '' ORDER BY member.user_id desc LIMIT 0,20   [ RunTime:0.046875s ]
SQL: SHOW COLUMNS FROM `ecm_capital` [ RunTime:0.000000s ]
SQL: SELECT `hasmoney` FROM `ecm_capital` WHERE `user_id` = 1473405890 LIMIT 1   [ RunTime:0.000000s ]
SQL: SELECT `hasmoney` FROM `ecm_capital` WHERE `user_id` = 1473405889 LIMIT 1   [ RunTime:0.000000s ]
SQL: SELECT `hasmoney` FROM `ecm_capital` WHERE `user_id` = 1473405888 LIMIT 1   [ RunTime:0.000000s ]
SQL: SELECT `hasmoney` FROM `ecm_capital` WHERE `user_id` = 1473405887 LIMIT 1   [ RunTime:0.000000s ]
SQL: SELECT `hasmoney` FROM `ecm_capital` WHERE `user_id` = 1473405886 LIMIT 1   [ RunTime:0.000000s ]
SQL: SELECT `hasmoney` FROM `ecm_capital` WHERE `user_id` = 1473405885 LIMIT 1   [ RunTime:0.000000s ]
SQL: SELECT `hasmoney` FROM `ecm_capital` WHERE `user_id` = 1473405884 LIMIT 1   [ RunTime:0.000000s ]
SQL: SELECT `hasmoney` FROM `ecm_capital` WHERE `user_id` = 1473405883 LIMIT 1   [ RunTime:0.000000s ]
SQL: SELECT `hasmoney` FROM `ecm_capital` WHERE `user_id` = 1473405882 LIMIT 1   [ RunTime:0.000000s ]
SQL: SELECT `hasmoney` FROM `ecm_capital` WHERE `user_id` = 1473405881 LIMIT 1   [ RunTime:0.000000s ]
SQL: SELECT `hasmoney` FROM `ecm_capital` WHERE `user_id` = 1473405880 LIMIT 1   [ RunTime:0.000000s ]
SQL: SELECT `hasmoney` FROM `ecm_capital` WHERE `user_id` = 1473405879 LIMIT 1   [ RunTime:0.000000s ]
SQL: SELECT `hasmoney` FROM `ecm_capital` WHERE `user_id` = 1473405878 LIMIT 1   [ RunTime:0.000000s ]
SQL: SELECT `hasmoney` FROM `ecm_capital` WHERE `user_id` = 1473405877 LIMIT 1   [ RunTime:0.000000s ]
SQL: SELECT `hasmoney` FROM `ecm_capital` WHERE `user_id` = 1473405876 LIMIT 1   [ RunTime:0.000000s ]
SQL: SELECT `hasmoney` FROM `ecm_capital` WHERE `user_id` = 1473405875 LIMIT 1   [ RunTime:0.000000s ]
SQL: SELECT `hasmoney` FROM `ecm_capital` WHERE `user_id` = 1473405874 LIMIT 1   [ RunTime:0.000000s ]
SQL: SELECT `hasmoney` FROM `ecm_capital` WHERE `user_id` = 1473405872 LIMIT 1   [ RunTime:0.000000s ]
SQL: SELECT `hasmoney` FROM `ecm_capital` WHERE `user_id` = 1473405871 LIMIT 1   [ RunTime:0.000000s ]
SQL: SELECT `hasmoney` FROM `ecm_capital` WHERE `user_id` = 1473405870 LIMIT 1   [ RunTime:0.000000s ]
INFO: [ view_parse ] --START--
NOTIC: [8] Undefined offset: 1 D:\wwwroot\wgcadmin_22fqiz\web\ThinkPHP\Library\Think\Template.class.php 第 523 行.
INFO: [ template_filter ] --START--
INFO: Run Behavior\ContentReplaceBehavior [ RunTime:0.000000s ]
INFO: [ template_filter ] --END-- [ RunTime:0.000000s ]
NOTIC: [8] Undefined variable: wgcadmininfo D:\wwwroot\wgcadmin_22fqiz\web\Application\Runtime\Cache\Admin\65e605872ed5d34210f5b33beb13f5a3.php 第 87 行.
INFO: Run Behavior\ParseTemplateBehavior [ RunTime:0.015625s ]
INFO: [ view_parse ] --END-- [ RunTime:0.015625s ]
INFO: [ view_filter ] --START--
INFO: Run Behavior\WriteHtmlCacheBehavior [ RunTime:0.000000s ]
INFO: [ view_filter ] --END-- [ RunTime:0.000000s ]
INFO: [ app_end ] --START--
INFO: Run Behavior\ShowPageTraceBehavior [ RunTime:0.015625s ]
INFO: [ app_end ] --END-- [ RunTime:0.015625s ]

[ 2018-11-02T15:17:15+08:00 ] 116.21.92.12 /index.php/Admin/User/index.html
INFO: [ app_init ] --START--
INFO: Run Behavior\BuildLiteBehavior [ RunTime:0.000000s ]
INFO: [ app_init ] --END-- [ RunTime:0.000000s ]
NOTIC: [8] Use of undefined constant URL_MODEL - assumed 'URL_MODEL' D:\wwwroot\wgcadmin_22fqiz\web\Application\Admin\Conf\config.php 第 4 行.
INFO: [ app_begin ] --START--
INFO: Run Behavior\ReadHtmlCacheBehavior [ RunTime:0.000000s ]
INFO: [ app_begin ] --END-- [ RunTime:0.000000s ]
SQL: SHOW COLUMNS FROM `ecm_member` [ RunTime:0.000000s ]
SQL: SHOW COLUMNS FROM `ecm_gongyingshang` [ RunTime:0.000000s ]
SQL: SELECT COUNT(*) AS tp_count FROM ecm_member member LEFT JOIN ecm_gongyingshang gongyingshang ON member.user_id=gongyingshang.user_id WHERE ( `name` LIKE '%侯丽娇%' OR `user_name` LIKE '%侯丽娇%' OR `type` LIKE '%侯丽娇%' ) LIMIT 1   [ RunTime:2.125040s ]
SQL: SELECT member.user_id AS user_id,member.user_name AS user_name,member.shenfen AS shenfen,member.shenfentype AS shenfentype,member.balance AS balance,member.userphoto AS userphoto,member.xiangxi AS xiangxi,member.regtime AS regtime,member.token AS token,member.fenxiaoshang AS fenxiaoshang,member.fenxiaoshang_name AS fenxiaoshang_name,member.fenxiaoshang_time AS fenxiaoshang_time,member.postion AS postion,member.type AS type,member.is_user AS is_user,member.pai AS pai,gongyingshang.name AS name,gongyingshang.sex AS sex,gongyingshang.bumen AS bumen,gongyingshang.nianling AS nianling,gongyingshang.huji AS huji,gongyingshang.zhiwei AS zhiwei,gongyingshang.user_id AS uid FROM ecm_member member LEFT JOIN ecm_gongyingshang gongyingshang ON member.user_id=gongyingshang.user_id WHERE ( `name` LIKE '%侯丽娇%' OR `user_name` LIKE '%侯丽娇%' OR `type` LIKE '%侯丽娇%' ) ORDER BY member.user_id desc LIMIT 0,20   [ RunTime:3.500068s ]
SQL: SHOW COLUMNS FROM `ecm_capital` [ RunTime:0.000000s ]
SQL: SELECT `hasmoney` FROM `ecm_capital` WHERE `user_id` = 1473405059 LIMIT 1   [ RunTime:0.000000s ]
INFO: [ view_parse ] --START--
NOTIC: [8] Undefined offset: 1 D:\wwwroot\wgcadmin_22fqiz\web\ThinkPHP\Library\Think\Template.class.php 第 523 行.
INFO: [ template_filter ] --START--
INFO: Run Behavior\ContentReplaceBehavior [ RunTime:0.000000s ]
INFO: [ template_filter ] --END-- [ RunTime:0.000000s ]
NOTIC: [8] Undefined variable: wgcadmininfo D:\wwwroot\wgcadmin_22fqiz\web\Application\Runtime\Cache\Admin\65e605872ed5d34210f5b33beb13f5a3.php 第 87 行.
INFO: Run Behavior\ParseTemplateBehavior [ RunTime:0.015625s ]
INFO: [ view_parse ] --END-- [ RunTime:0.015625s ]
INFO: [ view_filter ] --START--
INFO: Run Behavior\WriteHtmlCacheBehavior [ RunTime:0.000000s ]
INFO: [ view_filter ] --END-- [ RunTime:0.000000s ]
INFO: [ app_end ] --START--
INFO: Run Behavior\ShowPageTraceBehavior [ RunTime:0.000000s ]
INFO: [ app_end ] --END-- [ RunTime:0.000000s ]

[ 2018-11-02T15:17:23+08:00 ] 116.21.92.12 /index.php/Admin/User/user_show/id/1473405059
INFO: [ app_init ] --START--
INFO: Run Behavior\BuildLiteBehavior [ RunTime:0.000000s ]
INFO: [ app_init ] --END-- [ RunTime:0.000000s ]
NOTIC: [8] Use of undefined constant URL_MODEL - assumed 'URL_MODEL' D:\wwwroot\wgcadmin_22fqiz\web\Application\Admin\Conf\config.php 第 4 行.
INFO: [ app_begin ] --START--
INFO: Run Behavior\ReadHtmlCacheBehavior [ RunTime:0.000000s ]
INFO: [ app_begin ] --END-- [ RunTime:0.000000s ]
SQL: SHOW COLUMNS FROM `ecm_member` [ RunTime:0.000000s ]
SQL: SHOW COLUMNS FROM `ecm_gongyingshang` [ RunTime:0.000000s ]
SQL: SELECT member.content AS content,member.job_live AS job_live,member.graduate AS graduate,member.tuijian_id AS tuijian_id,member.education AS education,member.job_exp AS job_exp,member.user_id AS user_id,member.user_name AS user_name,member.userphoto AS userphoto,member.authentication AS authentication,member.postion AS postion,member.regtime AS regtime,gongyingshang.name AS name,gongyingshang.sex AS sex,gongyingshang.nianling AS nianling,gongyingshang.bumen AS bumen,gongyingshang.huji AS huji,gongyingshang.shenfenzheng AS shenfenzheng,gongyingshang.kname AS kname,gongyingshang.kahao AS kahao,gongyingshang.xinzi AS xinzi,gongyingshang.gz_jingyan AS gz_jingyan,gongyingshang.intension AS intension,gongyingshang.skill AS skill,gongyingshang.mobile AS mobile,gongyingshang.beteach AS beteach,gongyingshang.teachcontent AS teachcontent,gongyingshang.zhiwei AS zhiwei,gongyingshang.email AS email,gongyingshang.gy_type AS gy_type FROM ecm_member member LEFT JOIN ecm_gongyingshang gongyingshang ON member.user_id=gongyingshang.user_id WHERE member.user_id = '1473405059' LIMIT 1   [ RunTime:0.000000s ]
NOTIC: [8] Undefined offset: 0 D:\wwwroot\wgcadmin_22fqiz\web\Application\Admin\Controller\UserController.class.php 第 182 行.
INFO: [ view_parse ] --START--
INFO: [ template_filter ] --START--
INFO: Run Behavior\ContentReplaceBehavior [ RunTime:0.000000s ]
INFO: [ template_filter ] --END-- [ RunTime:0.000000s ]
INFO: Run Behavior\ParseTemplateBehavior [ RunTime:0.015625s ]
INFO: [ view_parse ] --END-- [ RunTime:0.015625s ]
INFO: [ view_filter ] --START--
INFO: Run Behavior\WriteHtmlCacheBehavior [ RunTime:0.000000s ]
INFO: [ view_filter ] --END-- [ RunTime:0.000000s ]
INFO: [ app_end ] --START--
INFO: Run Behavior\ShowPageTraceBehavior [ RunTime:0.000000s ]
INFO: [ app_end ] --END-- [ RunTime:0.000000s ]

[ 2018-11-02T15:17:33+08:00 ] 116.21.92.12 /index.php/Admin/User/index.html
INFO: [ app_init ] --START--
INFO: Run Behavior\BuildLiteBehavior [ RunTime:0.000000s ]
INFO: [ app_init ] --END-- [ RunTime:0.000000s ]
NOTIC: [8] Use of undefined constant URL_MODEL - assumed 'URL_MODEL' D:\wwwroot\wgcadmin_22fqiz\web\Application\Admin\Conf\config.php 第 4 行.
INFO: [ app_begin ] --START--
INFO: Run Behavior\ReadHtmlCacheBehavior [ RunTime:0.000000s ]
INFO: [ app_begin ] --END-- [ RunTime:0.000000s ]
SQL: SHOW COLUMNS FROM `ecm_member` [ RunTime:0.000000s ]
SQL: SHOW COLUMNS FROM `ecm_gongyingshang` [ RunTime:0.000000s ]
SQL: SELECT COUNT(*) AS tp_count FROM ecm_member member LEFT JOIN ecm_gongyingshang gongyingshang ON member.user_id=gongyingshang.user_id WHERE gongyingshang.name <> '' LIMIT 1   [ RunTime:0.000000s ]
SQL: SELECT member.user_id AS user_id,member.user_name AS user_name,member.shenfen AS shenfen,member.shenfentype AS shenfentype,member.balance AS balance,member.userphoto AS userphoto,member.xiangxi AS xiangxi,member.regtime AS regtime,member.token AS token,member.fenxiaoshang AS fenxiaoshang,member.fenxiaoshang_name AS fenxiaoshang_name,member.fenxiaoshang_time AS fenxiaoshang_time,member.postion AS postion,member.type AS type,member.is_user AS is_user,member.pai AS pai,gongyingshang.name AS name,gongyingshang.sex AS sex,gongyingshang.bumen AS bumen,gongyingshang.nianling AS nianling,gongyingshang.huji AS huji,gongyingshang.zhiwei AS zhiwei,gongyingshang.user_id AS uid FROM ecm_member member LEFT JOIN ecm_gongyingshang gongyingshang ON member.user_id=gongyingshang.user_id WHERE gongyingshang.name <> '' ORDER BY member.user_id desc LIMIT 0,20   [ RunTime:0.046875s ]
SQL: SHOW COLUMNS FROM `ecm_capital` [ RunTime:0.000000s ]
SQL: SELECT `hasmoney` FROM `ecm_capital` WHERE `user_id` = 1473405890 LIMIT 1   [ RunTime:0.000000s ]
SQL: SELECT `hasmoney` FROM `ecm_capital` WHERE `user_id` = 1473405889 LIMIT 1   [ RunTime:0.000000s ]
SQL: SELECT `hasmoney` FROM `ecm_capital` WHERE `user_id` = 1473405888 LIMIT 1   [ RunTime:0.000000s ]
SQL: SELECT `hasmoney` FROM `ecm_capital` WHERE `user_id` = 1473405887 LIMIT 1   [ RunTime:0.000000s ]
SQL: SELECT `hasmoney` FROM `ecm_capital` WHERE `user_id` = 1473405886 LIMIT 1   [ RunTime:0.000000s ]
SQL: SELECT `hasmoney` FROM `ecm_capital` WHERE `user_id` = 1473405885 LIMIT 1   [ RunTime:0.000000s ]
SQL: SELECT `hasmoney` FROM `ecm_capital` WHERE `user_id` = 1473405884 LIMIT 1   [ RunTime:0.000000s ]
SQL: SELECT `hasmoney` FROM `ecm_capital` WHERE `user_id` = 1473405883 LIMIT 1   [ RunTime:0.000000s ]
SQL: SELECT `hasmoney` FROM `ecm_capital` WHERE `user_id` = 1473405882 LIMIT 1   [ RunTime:0.000000s ]
SQL: SELECT `hasmoney` FROM `ecm_capital` WHERE `user_id` = 1473405881 LIMIT 1   [ RunTime:0.000000s ]
SQL: SELECT `hasmoney` FROM `ecm_capital` WHERE `user_id` = 1473405880 LIMIT 1   [ RunTime:0.000000s ]
SQL: SELECT `hasmoney` FROM `ecm_capital` WHERE `user_id` = 1473405879 LIMIT 1   [ RunTime:0.000000s ]
SQL: SELECT `hasmoney` FROM `ecm_capital` WHERE `user_id` = 1473405878 LIMIT 1   [ RunTime:0.000000s ]
SQL: SELECT `hasmoney` FROM `ecm_capital` WHERE `user_id` = 1473405877 LIMIT 1   [ RunTime:0.000000s ]
SQL: SELECT `hasmoney` FROM `ecm_capital` WHERE `user_id` = 1473405876 LIMIT 1   [ RunTime:0.000000s ]
SQL: SELECT `hasmoney` FROM `ecm_capital` WHERE `user_id` = 1473405875 LIMIT 1   [ RunTime:0.000000s ]
SQL: SELECT `hasmoney` FROM `ecm_capital` WHERE `user_id` = 1473405874 LIMIT 1   [ RunTime:0.000000s ]
SQL: SELECT `hasmoney` FROM `ecm_capital` WHERE `user_id` = 1473405872 LIMIT 1   [ RunTime:0.000000s ]
SQL: SELECT `hasmoney` FROM `ecm_capital` WHERE `user_id` = 1473405871 LIMIT 1   [ RunTime:0.000000s ]
SQL: SELECT `hasmoney` FROM `ecm_capital` WHERE `user_id` = 1473405870 LIMIT 1   [ RunTime:0.000000s ]
INFO: [ view_parse ] --START--
NOTIC: [8] Undefined offset: 1 D:\wwwroot\wgcadmin_22fqiz\web\ThinkPHP\Library\Think\Template.class.php 第 523 行.
INFO: [ template_filter ] --START--
INFO: Run Behavior\ContentReplaceBehavior [ RunTime:0.000000s ]
INFO: [ template_filter ] --END-- [ RunTime:0.000000s ]
NOTIC: [8] Undefined variable: wgcadmininfo D:\wwwroot\wgcadmin_22fqiz\web\Application\Runtime\Cache\Admin\65e605872ed5d34210f5b33beb13f5a3.php 第 87 行.
INFO: Run Behavior\ParseTemplateBehavior [ RunTime:0.015625s ]
INFO: [ view_parse ] --END-- [ RunTime:0.015625s ]
INFO: [ view_filter ] --START--
INFO: Run Behavior\WriteHtmlCacheBehavior [ RunTime:0.000000s ]
INFO: [ view_filter ] --END-- [ RunTime:0.000000s ]
INFO: [ app_end ] --START--
INFO: Run Behavior\ShowPageTraceBehavior [ RunTime:0.000000s ]
INFO: [ app_end ] --END-- [ RunTime:0.000000s ]

[ 2018-11-02T15:18:08+08:00 ] 116.21.92.12 /index.php/Admin/User/index.html
INFO: [ app_init ] --START--
INFO: Run Behavior\BuildLiteBehavior [ RunTime:0.000000s ]
INFO: [ app_init ] --END-- [ RunTime:0.000000s ]
NOTIC: [8] Use of undefined constant URL_MODEL - assumed 'URL_MODEL' D:\wwwroot\wgcadmin_22fqiz\web\Application\Admin\Conf\config.php 第 4 行.
INFO: [ app_begin ] --START--
INFO: Run Behavior\ReadHtmlCacheBehavior [ RunTime:0.000000s ]
INFO: [ app_begin ] --END-- [ RunTime:0.000000s ]
SQL: SHOW COLUMNS FROM `ecm_member` [ RunTime:0.015625s ]
SQL: SHOW COLUMNS FROM `ecm_gongyingshang` [ RunTime:0.000000s ]
SQL: SELECT COUNT(*) AS tp_count FROM ecm_member member LEFT JOIN ecm_gongyingshang gongyingshang ON member.user_id=gongyingshang.user_id WHERE ( `name` LIKE '%曾秀香%' OR `user_name` LIKE '%曾秀香%' OR `type` LIKE '%曾秀香%' ) LIMIT 1   [ RunTime:2.156292s ]
SQL: SELECT member.user_id AS user_id,member.user_name AS user_name,member.shenfen AS shenfen,member.shenfentype AS shenfentype,member.balance AS balance,member.userphoto AS userphoto,member.xiangxi AS xiangxi,member.regtime AS regtime,member.token AS token,member.fenxiaoshang AS fenxiaoshang,member.fenxiaoshang_name AS fenxiaoshang_name,member.fenxiaoshang_time AS fenxiaoshang_time,member.postion AS postion,member.type AS type,member.is_user AS is_user,member.pai AS pai,gongyingshang.name AS name,gongyingshang.sex AS sex,gongyingshang.bumen AS bumen,gongyingshang.nianling AS nianling,gongyingshang.huji AS huji,gongyingshang.zhiwei AS zhiwei,gongyingshang.user_id AS uid FROM ecm_member member LEFT JOIN ecm_gongyingshang gongyingshang ON member.user_id=gongyingshang.user_id WHERE ( `name` LIKE '%曾秀香%' OR `user_name` LIKE '%曾秀香%' OR `type` LIKE '%曾秀香%' ) ORDER BY member.user_id desc LIMIT 0,20   [ RunTime:3.531318s ]
SQL: SHOW COLUMNS FROM `ecm_capital` [ RunTime:0.000000s ]
SQL: SELECT `hasmoney` FROM `ecm_capital` WHERE `user_id` = 1473405603 LIMIT 1   [ RunTime:0.000000s ]
INFO: [ view_parse ] --START--
NOTIC: [8] Undefined offset: 1 D:\wwwroot\wgcadmin_22fqiz\web\ThinkPHP\Library\Think\Template.class.php 第 523 行.
INFO: [ template_filter ] --START--
INFO: Run Behavior\ContentReplaceBehavior [ RunTime:0.000000s ]
INFO: [ template_filter ] --END-- [ RunTime:0.000000s ]
NOTIC: [8] Undefined variable: wgcadmininfo D:\wwwroot\wgcadmin_22fqiz\web\Application\Runtime\Cache\Admin\65e605872ed5d34210f5b33beb13f5a3.php 第 87 行.
INFO: Run Behavior\ParseTemplateBehavior [ RunTime:0.015625s ]
INFO: [ view_parse ] --END-- [ RunTime:0.015625s ]
INFO: [ view_filter ] --START--
INFO: Run Behavior\WriteHtmlCacheBehavior [ RunTime:0.000000s ]
INFO: [ view_filter ] --END-- [ RunTime:0.000000s ]
INFO: [ app_end ] --START--
INFO: Run Behavior\ShowPageTraceBehavior [ RunTime:0.000000s ]
INFO: [ app_end ] --END-- [ RunTime:0.000000s ]

[ 2018-11-02T15:18:13+08:00 ] 116.21.92.12 /index.php/Admin/User/user_show/id/1473405603
INFO: [ app_init ] --START--
INFO: Run Behavior\BuildLiteBehavior [ RunTime:0.000000s ]
INFO: [ app_init ] --END-- [ RunTime:0.000000s ]
NOTIC: [8] Use of undefined constant URL_MODEL - assumed 'URL_MODEL' D:\wwwroot\wgcadmin_22fqiz\web\Application\Admin\Conf\config.php 第 4 行.
INFO: [ app_begin ] --START--
INFO: Run Behavior\ReadHtmlCacheBehavior [ RunTime:0.000000s ]
INFO: [ app_begin ] --END-- [ RunTime:0.000000s ]
SQL: SHOW COLUMNS FROM `ecm_member` [ RunTime:0.000000s ]
SQL: SHOW COLUMNS FROM `ecm_gongyingshang` [ RunTime:0.000000s ]
SQL: SELECT member.content AS content,member.job_live AS job_live,member.graduate AS graduate,member.tuijian_id AS tuijian_id,member.education AS education,member.job_exp AS job_exp,member.user_id AS user_id,member.user_name AS user_name,member.userphoto AS userphoto,member.authentication AS authentication,member.postion AS postion,member.regtime AS regtime,gongyingshang.name AS name,gongyingshang.sex AS sex,gongyingshang.nianling AS nianling,gongyingshang.bumen AS bumen,gongyingshang.huji AS huji,gongyingshang.shenfenzheng AS shenfenzheng,gongyingshang.kname AS kname,gongyingshang.kahao AS kahao,gongyingshang.xinzi AS xinzi,gongyingshang.gz_jingyan AS gz_jingyan,gongyingshang.intension AS intension,gongyingshang.skill AS skill,gongyingshang.mobile AS mobile,gongyingshang.beteach AS beteach,gongyingshang.teachcontent AS teachcontent,gongyingshang.zhiwei AS zhiwei,gongyingshang.email AS email,gongyingshang.gy_type AS gy_type FROM ecm_member member LEFT JOIN ecm_gongyingshang gongyingshang ON member.user_id=gongyingshang.user_id WHERE member.user_id = '1473405603' LIMIT 1   [ RunTime:0.000000s ]
NOTIC: [8] Undefined offset: 0 D:\wwwroot\wgcadmin_22fqiz\web\Application\Admin\Controller\UserController.class.php 第 182 行.
INFO: [ view_parse ] --START--
INFO: [ template_filter ] --START--
INFO: Run Behavior\ContentReplaceBehavior [ RunTime:0.000000s ]
INFO: [ template_filter ] --END-- [ RunTime:0.000000s ]
INFO: Run Behavior\ParseTemplateBehavior [ RunTime:0.015625s ]
INFO: [ view_parse ] --END-- [ RunTime:0.015625s ]
INFO: [ view_filter ] --START--
INFO: Run Behavior\WriteHtmlCacheBehavior [ RunTime:0.000000s ]
INFO: [ view_filter ] --END-- [ RunTime:0.000000s ]
INFO: [ app_end ] --START--
INFO: Run Behavior\ShowPageTraceBehavior [ RunTime:0.000000s ]
INFO: [ app_end ] --END-- [ RunTime:0.000000s ]

[ 2018-11-02T15:19:41+08:00 ] 116.21.92.12 /index.php/Admin/User/index.html
INFO: [ app_init ] --START--
INFO: Run Behavior\BuildLiteBehavior [ RunTime:0.000000s ]
INFO: [ app_init ] --END-- [ RunTime:0.000000s ]
NOTIC: [8] Use of undefined constant URL_MODEL - assumed 'URL_MODEL' D:\wwwroot\wgcadmin_22fqiz\web\Application\Admin\Conf\config.php 第 4 行.
INFO: [ app_begin ] --START--
INFO: Run Behavior\ReadHtmlCacheBehavior [ RunTime:0.000000s ]
INFO: [ app_begin ] --END-- [ RunTime:0.000000s ]
SQL: SHOW COLUMNS FROM `ecm_member` [ RunTime:0.000000s ]
SQL: SHOW COLUMNS FROM `ecm_gongyingshang` [ RunTime:0.000000s ]
SQL: SELECT COUNT(*) AS tp_count FROM ecm_member member LEFT JOIN ecm_gongyingshang gongyingshang ON member.user_id=gongyingshang.user_id WHERE gongyingshang.name <> '' LIMIT 1   [ RunTime:0.000000s ]
SQL: SELECT member.user_id AS user_id,member.user_name AS user_name,member.shenfen AS shenfen,member.shenfentype AS shenfentype,member.balance AS balance,member.userphoto AS userphoto,member.xiangxi AS xiangxi,member.regtime AS regtime,member.token AS token,member.fenxiaoshang AS fenxiaoshang,member.fenxiaoshang_name AS fenxiaoshang_name,member.fenxiaoshang_time AS fenxiaoshang_time,member.postion AS postion,member.type AS type,member.is_user AS is_user,member.pai AS pai,gongyingshang.name AS name,gongyingshang.sex AS sex,gongyingshang.bumen AS bumen,gongyingshang.nianling AS nianling,gongyingshang.huji AS huji,gongyingshang.zhiwei AS zhiwei,gongyingshang.user_id AS uid FROM ecm_member member LEFT JOIN ecm_gongyingshang gongyingshang ON member.user_id=gongyingshang.user_id WHERE gongyingshang.name <> '' ORDER BY member.user_id desc LIMIT 0,20   [ RunTime:0.046876s ]
SQL: SHOW COLUMNS FROM `ecm_capital` [ RunTime:0.000000s ]
SQL: SELECT `hasmoney` FROM `ecm_capital` WHERE `user_id` = 1473405890 LIMIT 1   [ RunTime:0.000000s ]
SQL: SELECT `hasmoney` FROM `ecm_capital` WHERE `user_id` = 1473405889 LIMIT 1   [ RunTime:0.000000s ]
SQL: SELECT `hasmoney` FROM `ecm_capital` WHERE `user_id` = 1473405888 LIMIT 1   [ RunTime:0.000000s ]
SQL: SELECT `hasmoney` FROM `ecm_capital` WHERE `user_id` = 1473405887 LIMIT 1   [ RunTime:0.000000s ]
SQL: SELECT `hasmoney` FROM `ecm_capital` WHERE `user_id` = 1473405886 LIMIT 1   [ RunTime:0.000000s ]
SQL: SELECT `hasmoney` FROM `ecm_capital` WHERE `user_id` = 1473405885 LIMIT 1   [ RunTime:0.000000s ]
SQL: SELECT `hasmoney` FROM `ecm_capital` WHERE `user_id` = 1473405884 LIMIT 1   [ RunTime:0.000000s ]
SQL: SELECT `hasmoney` FROM `ecm_capital` WHERE `user_id` = 1473405883 LIMIT 1   [ RunTime:0.000000s ]
SQL: SELECT `hasmoney` FROM `ecm_capital` WHERE `user_id` = 1473405882 LIMIT 1   [ RunTime:0.015625s ]
SQL: SELECT `hasmoney` FROM `ecm_capital` WHERE `user_id` = 1473405881 LIMIT 1   [ RunTime:0.000000s ]
SQL: SELECT `hasmoney` FROM `ecm_capital` WHERE `user_id` = 1473405880 LIMIT 1   [ RunTime:0.000000s ]
SQL: SELECT `hasmoney` FROM `ecm_capital` WHERE `user_id` = 1473405879 LIMIT 1   [ RunTime:0.000000s ]
SQL: SELECT `hasmoney` FROM `ecm_capital` WHERE `user_id` = 1473405878 LIMIT 1   [ RunTime:0.000000s ]
SQL: SELECT `hasmoney` FROM `ecm_capital` WHERE `user_id` = 1473405877 LIMIT 1   [ RunTime:0.000000s ]
SQL: SELECT `hasmoney` FROM `ecm_capital` WHERE `user_id` = 1473405876 LIMIT 1   [ RunTime:0.000000s ]
SQL: SELECT `hasmoney` FROM `ecm_capital` WHERE `user_id` = 1473405875 LIMIT 1   [ RunTime:0.000000s ]
SQL: SELECT `hasmoney` FROM `ecm_capital` WHERE `user_id` = 1473405874 LIMIT 1   [ RunTime:0.000000s ]
SQL: SELECT `hasmoney` FROM `ecm_capital` WHERE `user_id` = 1473405872 LIMIT 1   [ RunTime:0.000000s ]
SQL: SELECT `hasmoney` FROM `ecm_capital` WHERE `user_id` = 1473405871 LIMIT 1   [ RunTime:0.000000s ]
SQL: SELECT `hasmoney` FROM `ecm_capital` WHERE `user_id` = 1473405870 LIMIT 1   [ RunTime:0.000000s ]
INFO: [ view_parse ] --START--
NOTIC: [8] Undefined offset: 1 D:\wwwroot\wgcadmin_22fqiz\web\ThinkPHP\Library\Think\Template.class.php 第 523 行.
INFO: [ template_filter ] --START--
INFO: Run Behavior\ContentReplaceBehavior [ RunTime:0.000000s ]
INFO: [ template_filter ] --END-- [ RunTime:0.000000s ]
NOTIC: [8] Undefined variable: wgcadmininfo D:\wwwroot\wgcadmin_22fqiz\web\Application\Runtime\Cache\Admin\65e605872ed5d34210f5b33beb13f5a3.php 第 87 行.
INFO: Run Behavior\ParseTemplateBehavior [ RunTime:0.015625s ]
INFO: [ view_parse ] --END-- [ RunTime:0.015625s ]
INFO: [ view_filter ] --START--
INFO: Run Behavior\WriteHtmlCacheBehavior [ RunTime:0.000000s ]
INFO: [ view_filter ] --END-- [ RunTime:0.000000s ]
INFO: [ app_end ] --START--
INFO: Run Behavior\ShowPageTraceBehavior [ RunTime:0.000000s ]
INFO: [ app_end ] --END-- [ RunTime:0.000000s ]

[ 2018-11-02T15:19:48+08:00 ] 116.21.92.12 /index.php/Admin/User/user_show/id/1473405890
INFO: [ app_init ] --START--
INFO: Run Behavior\BuildLiteBehavior [ RunTime:0.000000s ]
INFO: [ app_init ] --END-- [ RunTime:0.000000s ]
NOTIC: [8] Use of undefined constant URL_MODEL - assumed 'URL_MODEL' D:\wwwroot\wgcadmin_22fqiz\web\Application\Admin\Conf\config.php 第 4 行.
INFO: [ app_begin ] --START--
INFO: Run Behavior\ReadHtmlCacheBehavior [ RunTime:0.000000s ]
INFO: [ app_begin ] --END-- [ RunTime:0.000000s ]
SQL: SHOW COLUMNS FROM `ecm_member` [ RunTime:0.015625s ]
SQL: SHOW COLUMNS FROM `ecm_gongyingshang` [ RunTime:0.000000s ]
SQL: SELECT member.content AS content,member.job_live AS job_live,member.graduate AS graduate,member.tuijian_id AS tuijian_id,member.education AS education,member.job_exp AS job_exp,member.user_id AS user_id,member.user_name AS user_name,member.userphoto AS userphoto,member.authentication AS authentication,member.postion AS postion,member.regtime AS regtime,gongyingshang.name AS name,gongyingshang.sex AS sex,gongyingshang.nianling AS nianling,gongyingshang.bumen AS bumen,gongyingshang.huji AS huji,gongyingshang.shenfenzheng AS shenfenzheng,gongyingshang.kname AS kname,gongyingshang.kahao AS kahao,gongyingshang.xinzi AS xinzi,gongyingshang.gz_jingyan AS gz_jingyan,gongyingshang.intension AS intension,gongyingshang.skill AS skill,gongyingshang.mobile AS mobile,gongyingshang.beteach AS beteach,gongyingshang.teachcontent AS teachcontent,gongyingshang.zhiwei AS zhiwei,gongyingshang.email AS email,gongyingshang.gy_type AS gy_type FROM ecm_member member LEFT JOIN ecm_gongyingshang gongyingshang ON member.user_id=gongyingshang.user_id WHERE member.user_id = '1473405890' LIMIT 1   [ RunTime:0.000000s ]
INFO: [ view_parse ] --START--
INFO: [ template_filter ] --START--
INFO: Run Behavior\ContentReplaceBehavior [ RunTime:0.000000s ]
INFO: [ template_filter ] --END-- [ RunTime:0.000000s ]
INFO: Run Behavior\ParseTemplateBehavior [ RunTime:0.015625s ]
INFO: [ view_parse ] --END-- [ RunTime:0.015625s ]
INFO: [ view_filter ] --START--
INFO: Run Behavior\WriteHtmlCacheBehavior [ RunTime:0.000000s ]
INFO: [ view_filter ] --END-- [ RunTime:0.000000s ]
INFO: [ app_end ] --START--
INFO: Run Behavior\ShowPageTraceBehavior [ RunTime:0.000000s ]
INFO: [ app_end ] --END-- [ RunTime:0.000000s ]

