[ 2018-12-30T11:34:03+08:00 ] 116.21.93.13 /index.php/Admin/Index/index.html
INFO: [ app_init ] --START--
INFO: Run Behavior\BuildLiteBehavior [ RunTime:0.000000s ]
INFO: [ app_init ] --END-- [ RunTime:0.000000s ]
NOTIC: [8] Use of undefined constant URL_MODEL - assumed 'URL_MODEL' D:\wwwroot\wgcadmin_22fqiz\web\Application\Admin\Conf\config.php 第 4 行.
INFO: [ app_begin ] --START--
INFO: Run Behavior\ReadHtmlCacheBehavior [ RunTime:0.000000s ]
INFO: [ app_begin ] --END-- [ RunTime:0.000000s ]

[ 2018-12-30T11:34:05+08:00 ] 116.21.93.13 /index.php/Admin/Admin/login.html
INFO: [ app_init ] --START--
INFO: Run Behavior\BuildLiteBehavior [ RunTime:0.000000s ]
INFO: [ app_init ] --END-- [ RunTime:0.000000s ]
NOTIC: [8] Use of undefined constant URL_MODEL - assumed 'URL_MODEL' D:\wwwroot\wgcadmin_22fqiz\web\Application\Admin\Conf\config.php 第 4 行.
INFO: [ app_begin ] --START--
INFO: Run Behavior\ReadHtmlCacheBehavior [ RunTime:0.000000s ]
INFO: [ app_begin ] --END-- [ RunTime:0.000000s ]
INFO: [ view_parse ] --START--
INFO: [ template_filter ] --START--
INFO: Run Behavior\ContentReplaceBehavior [ RunTime:0.000000s ]
INFO: [ template_filter ] --END-- [ RunTime:0.000000s ]
NOTIC: [8] Undefined variable: think D:\wwwroot\wgcadmin_22fqiz\web\Application\Runtime\Cache\Admin\2275611bb46a2a49189a5a4b00fcf970.php 第 64 行.
NOTIC: [8] Undefined variable: think D:\wwwroot\wgcadmin_22fqiz\web\Application\Runtime\Cache\Admin\2275611bb46a2a49189a5a4b00fcf970.php 第 69 行.
INFO: Run Behavior\ParseTemplateBehavior [ RunTime:0.015625s ]
INFO: [ view_parse ] --END-- [ RunTime:0.015625s ]
INFO: [ view_filter ] --START--
INFO: Run Behavior\WriteHtmlCacheBehavior [ RunTime:0.000000s ]
INFO: [ view_filter ] --END-- [ RunTime:0.000000s ]
INFO: [ app_end ] --START--
INFO: Run Behavior\ShowPageTraceBehavior [ RunTime:0.000000s ]
INFO: [ app_end ] --END-- [ RunTime:0.000000s ]

[ 2018-12-30T11:34:24+08:00 ] 42.236.10.84 /index.php/Admin/Index/index.html
INFO: [ app_init ] --START--
INFO: Run Behavior\BuildLiteBehavior [ RunTime:0.000000s ]
INFO: [ app_init ] --END-- [ RunTime:0.000000s ]
NOTIC: [8] Use of undefined constant URL_MODEL - assumed 'URL_MODEL' D:\wwwroot\wgcadmin_22fqiz\web\Application\Admin\Conf\config.php 第 4 行.
INFO: [ app_begin ] --START--
INFO: Run Behavior\ReadHtmlCacheBehavior [ RunTime:0.000000s ]
INFO: [ app_begin ] --END-- [ RunTime:0.000000s ]

[ 2018-12-30T11:34:52+08:00 ] 116.21.93.13 /index.php/Admin/Admin/checkuser
INFO: [ app_init ] --START--
INFO: Run Behavior\BuildLiteBehavior [ RunTime:0.000000s ]
INFO: [ app_init ] --END-- [ RunTime:0.000000s ]
NOTIC: [8] Use of undefined constant URL_MODEL - assumed 'URL_MODEL' D:\wwwroot\wgcadmin_22fqiz\web\Application\Admin\Conf\config.php 第 4 行.
INFO: [ app_begin ] --START--
INFO: Run Behavior\ReadHtmlCacheBehavior [ RunTime:0.000000s ]
INFO: [ app_begin ] --END-- [ RunTime:0.000000s ]
SQL: SHOW COLUMNS FROM `ecm_member` [ RunTime:0.015626s ]
SQL: SHOW COLUMNS FROM `ecm_gongsi` [ RunTime:0.000000s ]
SQL: SELECT member.user_id AS user_id,member.fenxiaoshang AS fenxiaoshang,member.fenxiaoshang_name AS fenxiaoshang_name FROM ecm_member member LEFT JOIN ecm_gongsi gongsi ON member.user_id=gongsi.muid WHERE member.user_name = '1000019' LIMIT 1   [ RunTime:0.000000s ]
SQL: SELECT `user_id` FROM `ecm_member` WHERE `user_name` = '1000019' AND `password` = 'e10adc3949ba59abbe56e057f20f883e' LIMIT 1   [ RunTime:0.000000s ]
SQL: SELECT `isadmin` FROM `ecm_member` WHERE `isadmin` = 1 AND `user_id` = 1473406150 LIMIT 1   [ RunTime:0.000000s ]
NOTIC: [8] A session had already been started - ignoring session_start() D:\wwwroot\wgcadmin_22fqiz\web\Application\Admin\Controller\AdminController.class.php 第 67 行.
SQL: SELECT m.user_id,m.roleid,m.user_name,m.kehu,m.fenxiaoshang_userid,m.userphoto,g.name,g.zhiwei,r.rolename,m.storeid FROM ecm_member m LEFT JOIN ecm_gongyingshang g ON m.user_id = g.user_id LEFT JOIN ecm_role r ON m.roleid = r.id  WHERE m.user_id = '1473406150' LIMIT 1   [ RunTime:0.000000s ]
SQL: SELECT `fenxiaoshang_name` FROM `ecm_member` WHERE `user_id` = 1473406150 LIMIT 1   [ RunTime:0.000000s ]
SQL: SELECT `fenxiaoshang_userid` FROM `ecm_member` WHERE `user_id` = 1473406150 LIMIT 1   [ RunTime:0.000000s ]
NOTIC: [8] Undefined variable: pwd D:\wwwroot\wgcadmin_22fqiz\web\Application\Admin\Controller\AdminController.class.php 第 72 行.

[ 2018-12-30T11:34:53+08:00 ] 116.21.93.13 /index.php/Admin/Index/index.html
INFO: [ app_init ] --START--
INFO: Run Behavior\BuildLiteBehavior [ RunTime:0.000000s ]
INFO: [ app_init ] --END-- [ RunTime:0.015625s ]
NOTIC: [8] Use of undefined constant URL_MODEL - assumed 'URL_MODEL' D:\wwwroot\wgcadmin_22fqiz\web\Application\Admin\Conf\config.php 第 4 行.
INFO: [ app_begin ] --START--
INFO: Run Behavior\ReadHtmlCacheBehavior [ RunTime:0.000000s ]
INFO: [ app_begin ] --END-- [ RunTime:0.000000s ]
NOTIC: [8] A session had already been started - ignoring session_start() D:\wwwroot\wgcadmin_22fqiz\web\Application\Admin\Controller\IndexController.class.php 第 7 行.
NOTIC: [8] A session had already been started - ignoring session_start() D:\wwwroot\wgcadmin_22fqiz\web\Application\Admin\Controller\CategoryController.class.php 第 129 行.
SQL: SHOW COLUMNS FROM `ecm_category` [ RunTime:0.000000s ]
SQL: SELECT `id`,`pid`,`catname`,`caticon`,`m`,`c`,`a`,`orderlist` FROM `ecm_category` WHERE `display` = 1 AND `storeid` = 'b65e2727ec76202a16d7fd77dfa8a2de'  [ RunTime:0.000000s ]
INFO: [ view_parse ] --START--
INFO: [ template_filter ] --START--
INFO: Run Behavior\ContentReplaceBehavior [ RunTime:0.000000s ]
INFO: [ template_filter ] --END-- [ RunTime:0.000000s ]
INFO: Run Behavior\ParseTemplateBehavior [ RunTime:0.031250s ]
INFO: [ view_parse ] --END-- [ RunTime:0.031250s ]
INFO: [ view_filter ] --START--
INFO: Run Behavior\WriteHtmlCacheBehavior [ RunTime:0.000000s ]
INFO: [ view_filter ] --END-- [ RunTime:0.000000s ]
INFO: [ app_end ] --START--
INFO: Run Behavior\ShowPageTraceBehavior [ RunTime:0.000000s ]
INFO: [ app_end ] --END-- [ RunTime:0.000000s ]

[ 2018-12-30T11:34:53+08:00 ] 116.21.93.13 /index.php/Admin/Index/welcome
INFO: [ app_init ] --START--
INFO: Run Behavior\BuildLiteBehavior [ RunTime:0.000000s ]
INFO: [ app_init ] --END-- [ RunTime:0.000000s ]
NOTIC: [8] Use of undefined constant URL_MODEL - assumed 'URL_MODEL' D:\wwwroot\wgcadmin_22fqiz\web\Application\Admin\Conf\config.php 第 4 行.
INFO: [ app_begin ] --START--
INFO: Run Behavior\ReadHtmlCacheBehavior [ RunTime:0.015625s ]
INFO: [ app_begin ] --END-- [ RunTime:0.015625s ]
SQL: SHOW COLUMNS FROM `ecm_member` [ RunTime:0.000000s ]
SQL: SELECT COUNT(*) AS tp_count FROM `ecm_member` WHERE `user_id` > 4474 AND `fenxiaoshang_userid` = '5279401545896263' LIMIT 1   [ RunTime:0.031251s ]
SQL: SELECT COUNT(*) AS tp_count FROM `ecm_member` WHERE ( regtime >= '1546099200' and user_id >4474 and fenxiaoshang_userid = 5279401545896263 ) LIMIT 1   [ RunTime:0.015625s ]
SQL: SELECT COUNT(*) AS tp_count FROM `ecm_member` WHERE ( regtime >= '1546012800' and user_id >4474 and fenxiaoshang_userid = 5279401545896263 ) LIMIT 1   [ RunTime:0.031250s ]
SQL: SELECT COUNT(*) AS tp_count FROM `ecm_member` WHERE ( regtime >= '1546012800' and user_id >4474 and fenxiaoshang_userid = 5279401545896263 ) LIMIT 1   [ RunTime:0.015625s ]
SQL: SELECT COUNT(*) AS tp_count FROM `ecm_member` WHERE ( regtime >= '1543507200' and user_id >4474 and fenxiaoshang_userid = 5279401545896263 ) LIMIT 1   [ RunTime:0.031250s ]
SQL: SELECT COUNT(*) AS tp_count FROM `ecm_member` WHERE `position_type` = 1 AND `fenxiaoshang_userid` = '5279401545896263' LIMIT 1   [ RunTime:0.015625s ]
INFO: [ view_parse ] --START--
INFO: [ template_filter ] --START--
INFO: Run Behavior\ContentReplaceBehavior [ RunTime:0.000000s ]
INFO: [ template_filter ] --END-- [ RunTime:0.000000s ]
INFO: Run Behavior\ParseTemplateBehavior [ RunTime:0.000000s ]
INFO: [ view_parse ] --END-- [ RunTime:0.000000s ]
INFO: [ view_filter ] --START--
INFO: Run Behavior\WriteHtmlCacheBehavior [ RunTime:0.015625s ]
INFO: [ view_filter ] --END-- [ RunTime:0.015625s ]
INFO: [ app_end ] --START--
INFO: Run Behavior\ShowPageTraceBehavior [ RunTime:0.000000s ]
INFO: [ app_end ] --END-- [ RunTime:0.000000s ]

[ 2018-12-30T11:34:56+08:00 ] 116.21.93.13 /index.php/Admin/maillist/index.html
INFO: [ app_init ] --START--
INFO: Run Behavior\BuildLiteBehavior [ RunTime:0.000000s ]
INFO: [ app_init ] --END-- [ RunTime:0.000000s ]
NOTIC: [8] Use of undefined constant URL_MODEL - assumed 'URL_MODEL' D:\wwwroot\wgcadmin_22fqiz\web\Application\Admin\Conf\config.php 第 4 行.
INFO: [ app_begin ] --START--
INFO: Run Behavior\ReadHtmlCacheBehavior [ RunTime:0.000000s ]
INFO: [ app_begin ] --END-- [ RunTime:0.000000s ]
SQL: SHOW COLUMNS FROM `ecm_member` [ RunTime:0.000000s ]
SQL: SHOW COLUMNS FROM `ecm_gongyingshang` [ RunTime:0.000000s ]
SQL: SELECT COUNT(*) AS tp_count FROM ecm_member member LEFT JOIN ecm_gongyingshang gongyingshang ON gongyingshang.user_id=member.user_id WHERE `fenxiaoshang_userid` = '5279401545896263' AND member.user_id > 1473404044 LIMIT 1   [ RunTime:0.031250s ]
SQL: SELECT member.user_id AS user_id,member.user_name AS user_name,member.email AS email,member.userphoto AS userphoto,member.regtime AS regtime,gongyingshang.name AS name,gongyingshang.zhiwei AS zhiwei,gongyingshang.beizhu AS beizhu FROM ecm_member member LEFT JOIN ecm_gongyingshang gongyingshang ON gongyingshang.user_id=member.user_id WHERE `fenxiaoshang_userid` = '5279401545896263' AND member.user_id > 1473404044 ORDER BY member.regtime desc LIMIT 0,15   [ RunTime:0.015625s ]
INFO: [ view_parse ] --START--
INFO: [ template_filter ] --START--
INFO: Run Behavior\ContentReplaceBehavior [ RunTime:0.000000s ]
INFO: [ template_filter ] --END-- [ RunTime:0.000000s ]
NOTIC: [8] Undefined index: $select D:\wwwroot\wgcadmin_22fqiz\web\Application\Runtime\Cache\Admin\741e7b641c0a9d47185d74c16f044a6b.php 第 107 行.
INFO: Run Behavior\ParseTemplateBehavior [ RunTime:0.000000s ]
INFO: [ view_parse ] --END-- [ RunTime:0.000000s ]
INFO: [ view_filter ] --START--
INFO: Run Behavior\WriteHtmlCacheBehavior [ RunTime:0.000000s ]
INFO: [ view_filter ] --END-- [ RunTime:0.000000s ]
INFO: [ app_end ] --START--
INFO: Run Behavior\ShowPageTraceBehavior [ RunTime:0.000000s ]
INFO: [ app_end ] --END-- [ RunTime:0.000000s ]

[ 2018-12-30T11:35:00+08:00 ] 116.21.93.13 /index.php/Admin/Headline/index.html
INFO: [ app_init ] --START--
INFO: Run Behavior\BuildLiteBehavior [ RunTime:0.000000s ]
INFO: [ app_init ] --END-- [ RunTime:0.000000s ]
NOTIC: [8] Use of undefined constant URL_MODEL - assumed 'URL_MODEL' D:\wwwroot\wgcadmin_22fqiz\web\Application\Admin\Conf\config.php 第 4 行.
INFO: [ app_begin ] --START--
INFO: Run Behavior\ReadHtmlCacheBehavior [ RunTime:0.000000s ]
INFO: [ app_begin ] --END-- [ RunTime:0.000000s ]
SQL: SHOW COLUMNS FROM `ecm_advertisement` [ RunTime:0.000000s ]
SQL: SELECT COUNT(*) AS tp_count FROM `ecm_advertisement` WHERE `fenxiaoshang_userid` = '5279401545896263' LIMIT 1   [ RunTime:0.000000s ]
SQL: SELECT * FROM `ecm_advertisement` WHERE `fenxiaoshang_userid` = '5279401545896263' ORDER BY times desc LIMIT 0,200   [ RunTime:0.000000s ]
INFO: [ view_parse ] --START--
NOTIC: [8] Undefined offset: 1 D:\wwwroot\wgcadmin_22fqiz\web\ThinkPHP\Library\Think\Template.class.php 第 523 行.
INFO: [ template_filter ] --START--
INFO: Run Behavior\ContentReplaceBehavior [ RunTime:0.000000s ]
INFO: [ template_filter ] --END-- [ RunTime:0.000000s ]
INFO: Run Behavior\ParseTemplateBehavior [ RunTime:0.015625s ]
INFO: [ view_parse ] --END-- [ RunTime:0.015625s ]
INFO: [ view_filter ] --START--
INFO: Run Behavior\WriteHtmlCacheBehavior [ RunTime:0.000000s ]
INFO: [ view_filter ] --END-- [ RunTime:0.000000s ]
INFO: [ app_end ] --START--
INFO: Run Behavior\ShowPageTraceBehavior [ RunTime:0.000000s ]
INFO: [ app_end ] --END-- [ RunTime:0.000000s ]

[ 2018-12-30T11:35:02+08:00 ] 116.21.93.13 /index.php/Admin/Headline/adds
INFO: [ app_init ] --START--
INFO: Run Behavior\BuildLiteBehavior [ RunTime:0.000000s ]
INFO: [ app_init ] --END-- [ RunTime:0.000000s ]
NOTIC: [8] Use of undefined constant URL_MODEL - assumed 'URL_MODEL' D:\wwwroot\wgcadmin_22fqiz\web\Application\Admin\Conf\config.php 第 4 行.
INFO: [ app_begin ] --START--
INFO: Run Behavior\ReadHtmlCacheBehavior [ RunTime:0.000000s ]
INFO: [ app_begin ] --END-- [ RunTime:0.000000s ]
INFO: [ view_parse ] --START--
INFO: [ template_filter ] --START--
INFO: Run Behavior\ContentReplaceBehavior [ RunTime:0.000000s ]
INFO: [ template_filter ] --END-- [ RunTime:0.000000s ]
INFO: Run Behavior\ParseTemplateBehavior [ RunTime:0.000000s ]
INFO: [ view_parse ] --END-- [ RunTime:0.000000s ]
INFO: [ view_filter ] --START--
INFO: Run Behavior\WriteHtmlCacheBehavior [ RunTime:0.000000s ]
INFO: [ view_filter ] --END-- [ RunTime:0.000000s ]
INFO: [ app_end ] --START--
INFO: Run Behavior\ShowPageTraceBehavior [ RunTime:0.000000s ]
INFO: [ app_end ] --END-- [ RunTime:0.000000s ]

[ 2018-12-30T11:35:04+08:00 ] 101.91.60.110 /index.php/Admin/Index/index.html
INFO: [ app_init ] --START--
INFO: Run Behavior\BuildLiteBehavior [ RunTime:0.000000s ]
INFO: [ app_init ] --END-- [ RunTime:0.000000s ]
NOTIC: [8] Use of undefined constant URL_MODEL - assumed 'URL_MODEL' D:\wwwroot\wgcadmin_22fqiz\web\Application\Admin\Conf\config.php 第 4 行.
INFO: [ app_begin ] --START--
INFO: Run Behavior\ReadHtmlCacheBehavior [ RunTime:0.000000s ]
INFO: [ app_begin ] --END-- [ RunTime:0.000000s ]

[ 2018-12-30T11:35:04+08:00 ] 61.151.178.163 /index.php/Admin/Admin/login.html
INFO: [ app_init ] --START--
INFO: Run Behavior\BuildLiteBehavior [ RunTime:0.000000s ]
INFO: [ app_init ] --END-- [ RunTime:0.000000s ]
NOTIC: [8] Use of undefined constant URL_MODEL - assumed 'URL_MODEL' D:\wwwroot\wgcadmin_22fqiz\web\Application\Admin\Conf\config.php 第 4 行.
INFO: [ app_begin ] --START--
INFO: Run Behavior\ReadHtmlCacheBehavior [ RunTime:0.000000s ]
INFO: [ app_begin ] --END-- [ RunTime:0.000000s ]
INFO: [ view_parse ] --START--
INFO: [ template_filter ] --START--
INFO: Run Behavior\ContentReplaceBehavior [ RunTime:0.000000s ]
INFO: [ template_filter ] --END-- [ RunTime:0.000000s ]
NOTIC: [8] Undefined variable: think D:\wwwroot\wgcadmin_22fqiz\web\Application\Runtime\Cache\Admin\2275611bb46a2a49189a5a4b00fcf970.php 第 64 行.
NOTIC: [8] Undefined variable: think D:\wwwroot\wgcadmin_22fqiz\web\Application\Runtime\Cache\Admin\2275611bb46a2a49189a5a4b00fcf970.php 第 69 行.
INFO: Run Behavior\ParseTemplateBehavior [ RunTime:0.015625s ]
INFO: [ view_parse ] --END-- [ RunTime:0.015625s ]
INFO: [ view_filter ] --START--
INFO: Run Behavior\WriteHtmlCacheBehavior [ RunTime:0.000000s ]
INFO: [ view_filter ] --END-- [ RunTime:0.000000s ]
INFO: [ app_end ] --START--
INFO: Run Behavior\ShowPageTraceBehavior [ RunTime:0.000000s ]
INFO: [ app_end ] --END-- [ RunTime:0.000000s ]

[ 2018-12-30T11:35:24+08:00 ] 180.163.220.68 /index.php/Admin/Admin/checkuser
INFO: [ app_init ] --START--
INFO: Run Behavior\BuildLiteBehavior [ RunTime:0.000000s ]
INFO: [ app_init ] --END-- [ RunTime:0.000000s ]
NOTIC: [8] Use of undefined constant URL_MODEL - assumed 'URL_MODEL' D:\wwwroot\wgcadmin_22fqiz\web\Application\Admin\Conf\config.php 第 4 行.
INFO: [ app_begin ] --START--
INFO: Run Behavior\ReadHtmlCacheBehavior [ RunTime:0.000000s ]
INFO: [ app_begin ] --END-- [ RunTime:0.000000s ]

[ 2018-12-30T11:35:53+08:00 ] 61.151.178.165 /index.php/Admin/Index/welcome
INFO: [ app_init ] --START--
INFO: Run Behavior\BuildLiteBehavior [ RunTime:0.000000s ]
INFO: [ app_init ] --END-- [ RunTime:0.000000s ]
NOTIC: [8] Use of undefined constant URL_MODEL - assumed 'URL_MODEL' D:\wwwroot\wgcadmin_22fqiz\web\Application\Admin\Conf\config.php 第 4 行.
INFO: [ app_begin ] --START--
INFO: Run Behavior\ReadHtmlCacheBehavior [ RunTime:0.000000s ]
INFO: [ app_begin ] --END-- [ RunTime:0.000000s ]

[ 2018-12-30T11:35:56+08:00 ] 101.91.60.110 /index.php/Admin/maillist/index.html
INFO: [ app_init ] --START--
INFO: Run Behavior\BuildLiteBehavior [ RunTime:0.000000s ]
INFO: [ app_init ] --END-- [ RunTime:0.000000s ]
NOTIC: [8] Use of undefined constant URL_MODEL - assumed 'URL_MODEL' D:\wwwroot\wgcadmin_22fqiz\web\Application\Admin\Conf\config.php 第 4 行.
INFO: [ app_begin ] --START--
INFO: Run Behavior\ReadHtmlCacheBehavior [ RunTime:0.000000s ]
INFO: [ app_begin ] --END-- [ RunTime:0.000000s ]

[ 2018-12-30T11:36:00+08:00 ] 61.129.6.225 /index.php/Admin/Headline/index.html
INFO: [ app_init ] --START--
INFO: Run Behavior\BuildLiteBehavior [ RunTime:0.000000s ]
INFO: [ app_init ] --END-- [ RunTime:0.000000s ]
NOTIC: [8] Use of undefined constant URL_MODEL - assumed 'URL_MODEL' D:\wwwroot\wgcadmin_22fqiz\web\Application\Admin\Conf\config.php 第 4 行.
INFO: [ app_begin ] --START--
INFO: Run Behavior\ReadHtmlCacheBehavior [ RunTime:0.000000s ]
INFO: [ app_begin ] --END-- [ RunTime:0.000000s ]

[ 2018-12-30T11:36:02+08:00 ] 61.151.207.205 /index.php/Admin/Headline/adds
INFO: [ app_init ] --START--
INFO: Run Behavior\BuildLiteBehavior [ RunTime:0.000000s ]
INFO: [ app_init ] --END-- [ RunTime:0.000000s ]
NOTIC: [8] Use of undefined constant URL_MODEL - assumed 'URL_MODEL' D:\wwwroot\wgcadmin_22fqiz\web\Application\Admin\Conf\config.php 第 4 行.
INFO: [ app_begin ] --START--
INFO: Run Behavior\ReadHtmlCacheBehavior [ RunTime:0.000000s ]
INFO: [ app_begin ] --END-- [ RunTime:0.000000s ]

[ 2018-12-30T11:36:39+08:00 ] 116.21.93.13 /index.php/Admin/Headline/addForms
INFO: [ app_init ] --START--
INFO: Run Behavior\BuildLiteBehavior [ RunTime:0.000000s ]
INFO: [ app_init ] --END-- [ RunTime:0.000000s ]
NOTIC: [8] Use of undefined constant URL_MODEL - assumed 'URL_MODEL' D:\wwwroot\wgcadmin_22fqiz\web\Application\Admin\Conf\config.php 第 4 行.
INFO: [ app_begin ] --START--
INFO: Run Behavior\ReadHtmlCacheBehavior [ RunTime:0.000000s ]
INFO: [ app_begin ] --END-- [ RunTime:0.000000s ]
NOTIC: [2] call_user_func() expects parameter 1 to be a valid callback, no array or string given D:\wwwroot\wgcadmin_22fqiz\web\ThinkPHP\Library\Think\Upload.class.php 第 170 行.
SQL: SHOW COLUMNS FROM `ecm_advertisement` [ RunTime:0.000000s ]
SQL: INSERT INTO `ecm_advertisement` (`title`,`content`,`pic`,`describe`,`type`,`laiyuan`,`province`,`city`,`district`,`kehu`,`times`,`fenxiaoshang_userid`) VALUES ('公司案例','&lt;p style=&quot;text-align: center;&quot;&gt;&lt;span style=&quot;font-size: 20px;&quot;&gt;公司案例&lt;/span&gt;&lt;/p&gt;&lt;p style=&quot;text-align: center;&quot;&gt;&lt;span style=&quot;font-size: 20px;&quot;&gt;&lt;/span&gt;&lt;/p&gt;&lt;p&gt;&lt;img src=&quot;http://wgcmanage.59jiaju.com/ueditor/php/upload/image/20181230/1546140989137615.jpg&quot; style=&quot;&quot; title=&quot;1546140989137615.jpg&quot;/&gt;&lt;/p&gt;&lt;p&gt;&lt;img src=&quot;http://wgcmanage.59jiaju.com/ueditor/php/upload/image/20181230/1546140989528086.jpg&quot; style=&quot;&quot; title=&quot;1546140989528086.jpg&quot;/&gt;&lt;/p&gt;&lt;p&gt;&lt;img src=&quot;http://wgcmanage.59jiaju.com/ueditor/php/upload/image/20181230/1546140989773281.jpg&quot; style=&quot;&quot; title=&quot;1546140989773281.jpg&quot;/&gt;&lt;/p&gt;&lt;p&gt;&lt;img src=&quot;http://wgcmanage.59jiaju.com/ueditor/php/upload/image/20181230/1546140989138743.jpg&quot; style=&quot;&quot; title=&quot;1546140989138743.jpg&quot;/&gt;&lt;/p&gt;&lt;p&gt;&lt;img src=&quot;http://wgcmanage.59jiaju.com/ueditor/php/upload/image/20181230/1546140989441549.jpg&quot; style=&quot;&quot; title=&quot;1546140989441549.jpg&quot;/&gt;&lt;/p&gt;&lt;p&gt;&lt;img src=&quot;http://wgcmanage.59jiaju.com/ueditor/php/upload/image/20181230/1546140990393224.jpg&quot; style=&quot;&quot; title=&quot;1546140990393224.jpg&quot;/&gt;&lt;/p&gt;&lt;p&gt;&lt;img src=&quot;http://wgcmanage.59jiaju.com/ueditor/php/upload/image/20181230/1546140990168254.jpg&quot; style=&quot;&quot; title=&quot;1546140990168254.jpg&quot;/&gt;&lt;/p&gt;&lt;p&gt;&lt;img src=&quot;http://wgcmanage.59jiaju.com/ueditor/php/upload/image/20181230/1546140990120265.jpg&quot; style=&quot;&quot; title=&quot;1546140990120265.jpg&quot;/&gt;&lt;/p&gt;&lt;p&gt;&lt;img src=&quot;http://wgcmanage.59jiaju.com/ueditor/php/upload/image/20181230/1546140990737865.jpg&quot; style=&quot;&quot; title=&quot;1546140990737865.jpg&quot;/&gt;&lt;/p&gt;&lt;p&gt;&lt;img src=&quot;http://wgcmanage.59jiaju.com/ueditor/php/upload/image/20181230/1546140990108582.jpg&quot; style=&quot;&quot; title=&quot;1546140990108582.jpg&quot;/&gt;&lt;/p&gt;&lt;p&gt;&lt;img src=&quot;http://wgcmanage.59jiaju.com/ueditor/php/upload/image/20181230/1546140990108870.jpg&quot; style=&quot;&quot; title=&quot;1546140990108870.jpg&quot;/&gt;&lt;/p&gt;&lt;p&gt;&lt;img src=&quot;http://wgcmanage.59jiaju.com/ueditor/php/upload/image/20181230/1546140990443614.jpg&quot; style=&quot;&quot; title=&quot;1546140990443614.jpg&quot;/&gt;&lt;/p&gt;&lt;p&gt;&lt;img src=&quot;http://wgcmanage.59jiaju.com/ueditor/php/upload/image/20181230/1546140990250703.jpg&quot; style=&quot;&quot; title=&quot;1546140990250703.jpg&quot;/&gt;&lt;/p&gt;&lt;p&gt;&lt;img src=&quot;http://wgcmanage.59jiaju.com/ueditor/php/upload/image/20181230/1546140991126784.jpg&quot; style=&quot;&quot; title=&quot;1546140991126784.jpg&quot;/&gt;&lt;/p&gt;&lt;p&gt;&lt;img src=&quot;http://wgcmanage.59jiaju.com/ueditor/php/upload/image/20181230/1546140991673447.jpg&quot; style=&quot;&quot; title=&quot;1546140991673447.jpg&quot;/&gt;&lt;/p&gt;&lt;p&gt;&lt;img src=&quot;http://wgcmanage.59jiaju.com/ueditor/php/upload/image/20181230/1546140991419387.jpg&quot; style=&quot;&quot; title=&quot;1546140991419387.jpg&quot;/&gt;&lt;/p&gt;&lt;p style=&quot;text-align: center;&quot;&gt;&lt;span style=&quot;font-size: 20px;&quot;&gt;&lt;br/&gt;&lt;/span&gt;&lt;br/&gt;&lt;/p&gt;','/Uploads/2018-12-30/5c283d473a307.jpg','公司案例','59','微工程','广东省','广州市','市辖区','创跃装饰',1546140999,'5279401545896263') [ RunTime:0.000000s ]

[ 2018-12-30T11:36:39+08:00 ] 116.21.93.13 /index.php/Admin/Headline/index.html
INFO: [ app_init ] --START--
INFO: Run Behavior\BuildLiteBehavior [ RunTime:0.000000s ]
INFO: [ app_init ] --END-- [ RunTime:0.000000s ]
NOTIC: [8] Use of undefined constant URL_MODEL - assumed 'URL_MODEL' D:\wwwroot\wgcadmin_22fqiz\web\Application\Admin\Conf\config.php 第 4 行.
INFO: [ app_begin ] --START--
INFO: Run Behavior\ReadHtmlCacheBehavior [ RunTime:0.000000s ]
INFO: [ app_begin ] --END-- [ RunTime:0.000000s ]
SQL: SHOW COLUMNS FROM `ecm_advertisement` [ RunTime:0.000000s ]
SQL: SELECT COUNT(*) AS tp_count FROM `ecm_advertisement` WHERE `fenxiaoshang_userid` = '5279401545896263' LIMIT 1   [ RunTime:0.000000s ]
SQL: SELECT * FROM `ecm_advertisement` WHERE `fenxiaoshang_userid` = '5279401545896263' ORDER BY times desc LIMIT 0,200   [ RunTime:0.015625s ]
INFO: [ view_parse ] --START--
NOTIC: [8] Undefined offset: 1 D:\wwwroot\wgcadmin_22fqiz\web\ThinkPHP\Library\Think\Template.class.php 第 523 行.
INFO: [ template_filter ] --START--
INFO: Run Behavior\ContentReplaceBehavior [ RunTime:0.000000s ]
INFO: [ template_filter ] --END-- [ RunTime:0.000000s ]
INFO: Run Behavior\ParseTemplateBehavior [ RunTime:0.015625s ]
INFO: [ view_parse ] --END-- [ RunTime:0.015625s ]
INFO: [ view_filter ] --START--
INFO: Run Behavior\WriteHtmlCacheBehavior [ RunTime:0.000000s ]
INFO: [ view_filter ] --END-- [ RunTime:0.000000s ]
INFO: [ app_end ] --START--
INFO: Run Behavior\ShowPageTraceBehavior [ RunTime:0.000000s ]
INFO: [ app_end ] --END-- [ RunTime:0.000000s ]

[ 2018-12-30T11:36:46+08:00 ] 116.21.93.13 /index.php/Admin/Headline/adds
INFO: [ app_init ] --START--
INFO: Run Behavior\BuildLiteBehavior [ RunTime:0.000000s ]
INFO: [ app_init ] --END-- [ RunTime:0.000000s ]
NOTIC: [8] Use of undefined constant URL_MODEL - assumed 'URL_MODEL' D:\wwwroot\wgcadmin_22fqiz\web\Application\Admin\Conf\config.php 第 4 行.
INFO: [ app_begin ] --START--
INFO: Run Behavior\ReadHtmlCacheBehavior [ RunTime:0.000000s ]
INFO: [ app_begin ] --END-- [ RunTime:0.000000s ]
INFO: [ view_parse ] --START--
INFO: [ template_filter ] --START--
INFO: Run Behavior\ContentReplaceBehavior [ RunTime:0.000000s ]
INFO: [ template_filter ] --END-- [ RunTime:0.000000s ]
INFO: Run Behavior\ParseTemplateBehavior [ RunTime:0.000000s ]
INFO: [ view_parse ] --END-- [ RunTime:0.000000s ]
INFO: [ view_filter ] --START--
INFO: Run Behavior\WriteHtmlCacheBehavior [ RunTime:0.000000s ]
INFO: [ view_filter ] --END-- [ RunTime:0.000000s ]
INFO: [ app_end ] --START--
INFO: Run Behavior\ShowPageTraceBehavior [ RunTime:0.000000s ]
INFO: [ app_end ] --END-- [ RunTime:0.000000s ]

[ 2018-12-30T11:37:57+08:00 ] 116.21.93.13 /index.php/Admin/Headline/addForms
INFO: [ app_init ] --START--
INFO: Run Behavior\BuildLiteBehavior [ RunTime:0.000000s ]
INFO: [ app_init ] --END-- [ RunTime:0.000000s ]
NOTIC: [8] Use of undefined constant URL_MODEL - assumed 'URL_MODEL' D:\wwwroot\wgcadmin_22fqiz\web\Application\Admin\Conf\config.php 第 4 行.
INFO: [ app_begin ] --START--
INFO: Run Behavior\ReadHtmlCacheBehavior [ RunTime:0.000000s ]
INFO: [ app_begin ] --END-- [ RunTime:0.000000s ]
INFO: [ view_parse ] --START--
NOTIC: [2] file_get_contents(./Application/Admin/View/Public/head.html): failed to open stream: No such file or directory D:\wwwroot\wgcadmin_22fqiz\web\ThinkPHP\Library\Think\Template.class.php 第 692 行.
NOTIC: [2] file_get_contents(./Application/Admin/View/Public/wei.html): failed to open stream: No such file or directory D:\wwwroot\wgcadmin_22fqiz\web\ThinkPHP\Library\Think\Template.class.php 第 692 行.
INFO: [ template_filter ] --START--
INFO: Run Behavior\ContentReplaceBehavior [ RunTime:0.000000s ]
INFO: [ template_filter ] --END-- [ RunTime:0.000000s ]
INFO: Run Behavior\ParseTemplateBehavior [ RunTime:0.000000s ]
INFO: [ view_parse ] --END-- [ RunTime:0.000000s ]
INFO: [ view_filter ] --START--
INFO: Run Behavior\WriteHtmlCacheBehavior [ RunTime:0.000000s ]
INFO: [ view_filter ] --END-- [ RunTime:0.000000s ]

[ 2018-12-30T11:38:06+08:00 ] 116.21.93.13 /index.php/Admin/Headline/index.html
INFO: [ app_init ] --START--
INFO: Run Behavior\BuildLiteBehavior [ RunTime:0.000000s ]
INFO: [ app_init ] --END-- [ RunTime:0.000000s ]
NOTIC: [8] Use of undefined constant URL_MODEL - assumed 'URL_MODEL' D:\wwwroot\wgcadmin_22fqiz\web\Application\Admin\Conf\config.php 第 4 行.
INFO: [ app_begin ] --START--
INFO: Run Behavior\ReadHtmlCacheBehavior [ RunTime:0.000000s ]
INFO: [ app_begin ] --END-- [ RunTime:0.000000s ]
SQL: SHOW COLUMNS FROM `ecm_advertisement` [ RunTime:0.000000s ]
SQL: SELECT COUNT(*) AS tp_count FROM `ecm_advertisement` WHERE `fenxiaoshang_userid` = '5279401545896263' LIMIT 1   [ RunTime:0.000000s ]
SQL: SELECT * FROM `ecm_advertisement` WHERE `fenxiaoshang_userid` = '5279401545896263' ORDER BY times desc LIMIT 0,200   [ RunTime:0.000000s ]
INFO: [ view_parse ] --START--
NOTIC: [8] Undefined offset: 1 D:\wwwroot\wgcadmin_22fqiz\web\ThinkPHP\Library\Think\Template.class.php 第 523 行.
INFO: [ template_filter ] --START--
INFO: Run Behavior\ContentReplaceBehavior [ RunTime:0.000000s ]
INFO: [ template_filter ] --END-- [ RunTime:0.000000s ]
INFO: Run Behavior\ParseTemplateBehavior [ RunTime:0.000000s ]
INFO: [ view_parse ] --END-- [ RunTime:0.000000s ]
INFO: [ view_filter ] --START--
INFO: Run Behavior\WriteHtmlCacheBehavior [ RunTime:0.000000s ]
INFO: [ view_filter ] --END-- [ RunTime:0.000000s ]
INFO: [ app_end ] --START--
INFO: Run Behavior\ShowPageTraceBehavior [ RunTime:0.000000s ]
INFO: [ app_end ] --END-- [ RunTime:0.000000s ]

[ 2018-12-30T11:38:08+08:00 ] 116.21.93.13 /index.php/Admin/Index/index.html
INFO: [ app_init ] --START--
INFO: Run Behavior\BuildLiteBehavior [ RunTime:0.000000s ]
INFO: [ app_init ] --END-- [ RunTime:0.000000s ]
NOTIC: [8] Use of undefined constant URL_MODEL - assumed 'URL_MODEL' D:\wwwroot\wgcadmin_22fqiz\web\Application\Admin\Conf\config.php 第 4 行.
INFO: [ app_begin ] --START--
INFO: Run Behavior\ReadHtmlCacheBehavior [ RunTime:0.000000s ]
INFO: [ app_begin ] --END-- [ RunTime:0.000000s ]
NOTIC: [8] A session had already been started - ignoring session_start() D:\wwwroot\wgcadmin_22fqiz\web\Application\Admin\Controller\IndexController.class.php 第 7 行.
NOTIC: [8] A session had already been started - ignoring session_start() D:\wwwroot\wgcadmin_22fqiz\web\Application\Admin\Controller\CategoryController.class.php 第 129 行.
SQL: SHOW COLUMNS FROM `ecm_category` [ RunTime:0.000000s ]
SQL: SELECT `id`,`pid`,`catname`,`caticon`,`m`,`c`,`a`,`orderlist` FROM `ecm_category` WHERE `display` = 1 AND `storeid` = 'b65e2727ec76202a16d7fd77dfa8a2de'  [ RunTime:0.000000s ]
INFO: [ view_parse ] --START--
INFO: [ template_filter ] --START--
INFO: Run Behavior\ContentReplaceBehavior [ RunTime:0.000000s ]
INFO: [ template_filter ] --END-- [ RunTime:0.000000s ]
INFO: Run Behavior\ParseTemplateBehavior [ RunTime:0.015625s ]
INFO: [ view_parse ] --END-- [ RunTime:0.015625s ]
INFO: [ view_filter ] --START--
INFO: Run Behavior\WriteHtmlCacheBehavior [ RunTime:0.000000s ]
INFO: [ view_filter ] --END-- [ RunTime:0.000000s ]
INFO: [ app_end ] --START--
INFO: Run Behavior\ShowPageTraceBehavior [ RunTime:0.000000s ]
INFO: [ app_end ] --END-- [ RunTime:0.000000s ]

[ 2018-12-30T11:38:08+08:00 ] 116.21.93.13 /index.php/Admin/Index/welcome
INFO: [ app_init ] --START--
INFO: Run Behavior\BuildLiteBehavior [ RunTime:0.000000s ]
INFO: [ app_init ] --END-- [ RunTime:0.000000s ]
NOTIC: [8] Use of undefined constant URL_MODEL - assumed 'URL_MODEL' D:\wwwroot\wgcadmin_22fqiz\web\Application\Admin\Conf\config.php 第 4 行.
INFO: [ app_begin ] --START--
INFO: Run Behavior\ReadHtmlCacheBehavior [ RunTime:0.000000s ]
INFO: [ app_begin ] --END-- [ RunTime:0.000000s ]
SQL: SHOW COLUMNS FROM `ecm_member` [ RunTime:0.000000s ]
SQL: SELECT COUNT(*) AS tp_count FROM `ecm_member` WHERE `user_id` > 4474 AND `fenxiaoshang_userid` = '5279401545896263' LIMIT 1   [ RunTime:0.015625s ]
SQL: SELECT COUNT(*) AS tp_count FROM `ecm_member` WHERE ( regtime >= '1546099200' and user_id >4474 and fenxiaoshang_userid = 5279401545896263 ) LIMIT 1   [ RunTime:0.031250s ]
SQL: SELECT COUNT(*) AS tp_count FROM `ecm_member` WHERE ( regtime >= '1546012800' and user_id >4474 and fenxiaoshang_userid = 5279401545896263 ) LIMIT 1   [ RunTime:0.031250s ]
SQL: SELECT COUNT(*) AS tp_count FROM `ecm_member` WHERE ( regtime >= '1546012800' and user_id >4474 and fenxiaoshang_userid = 5279401545896263 ) LIMIT 1   [ RunTime:0.015626s ]
SQL: SELECT COUNT(*) AS tp_count FROM `ecm_member` WHERE ( regtime >= '1543507200' and user_id >4474 and fenxiaoshang_userid = 5279401545896263 ) LIMIT 1   [ RunTime:0.031250s ]
SQL: SELECT COUNT(*) AS tp_count FROM `ecm_member` WHERE `position_type` = 1 AND `fenxiaoshang_userid` = '5279401545896263' LIMIT 1   [ RunTime:0.015625s ]
INFO: [ view_parse ] --START--
INFO: [ template_filter ] --START--
INFO: Run Behavior\ContentReplaceBehavior [ RunTime:0.000000s ]
INFO: [ template_filter ] --END-- [ RunTime:0.000000s ]
INFO: Run Behavior\ParseTemplateBehavior [ RunTime:0.000000s ]
INFO: [ view_parse ] --END-- [ RunTime:0.000000s ]
INFO: [ view_filter ] --START--
INFO: Run Behavior\WriteHtmlCacheBehavior [ RunTime:0.000000s ]
INFO: [ view_filter ] --END-- [ RunTime:0.000000s ]
INFO: [ app_end ] --START--
INFO: Run Behavior\ShowPageTraceBehavior [ RunTime:0.000000s ]
INFO: [ app_end ] --END-- [ RunTime:0.000000s ]

[ 2018-12-30T11:38:11+08:00 ] 116.21.93.13 /index.php/Admin/Headline/index.html
INFO: [ app_init ] --START--
INFO: Run Behavior\BuildLiteBehavior [ RunTime:0.000000s ]
INFO: [ app_init ] --END-- [ RunTime:0.000000s ]
NOTIC: [8] Use of undefined constant URL_MODEL - assumed 'URL_MODEL' D:\wwwroot\wgcadmin_22fqiz\web\Application\Admin\Conf\config.php 第 4 行.
INFO: [ app_begin ] --START--
INFO: Run Behavior\ReadHtmlCacheBehavior [ RunTime:0.000000s ]
INFO: [ app_begin ] --END-- [ RunTime:0.000000s ]
SQL: SHOW COLUMNS FROM `ecm_advertisement` [ RunTime:0.015625s ]
SQL: SELECT COUNT(*) AS tp_count FROM `ecm_advertisement` WHERE `fenxiaoshang_userid` = '5279401545896263' LIMIT 1   [ RunTime:0.000000s ]
SQL: SELECT * FROM `ecm_advertisement` WHERE `fenxiaoshang_userid` = '5279401545896263' ORDER BY times desc LIMIT 0,200   [ RunTime:0.000000s ]
INFO: [ view_parse ] --START--
NOTIC: [8] Undefined offset: 1 D:\wwwroot\wgcadmin_22fqiz\web\ThinkPHP\Library\Think\Template.class.php 第 523 行.
INFO: [ template_filter ] --START--
INFO: Run Behavior\ContentReplaceBehavior [ RunTime:0.000000s ]
INFO: [ template_filter ] --END-- [ RunTime:0.000000s ]
INFO: Run Behavior\ParseTemplateBehavior [ RunTime:0.015625s ]
INFO: [ view_parse ] --END-- [ RunTime:0.015625s ]
INFO: [ view_filter ] --START--
INFO: Run Behavior\WriteHtmlCacheBehavior [ RunTime:0.000000s ]
INFO: [ view_filter ] --END-- [ RunTime:0.000000s ]
INFO: [ app_end ] --START--
INFO: Run Behavior\ShowPageTraceBehavior [ RunTime:0.000000s ]
INFO: [ app_end ] --END-- [ RunTime:0.000000s ]

[ 2018-12-30T11:38:14+08:00 ] 116.21.93.13 /index.php/Admin/Headline/adds
INFO: [ app_init ] --START--
INFO: Run Behavior\BuildLiteBehavior [ RunTime:0.000000s ]
INFO: [ app_init ] --END-- [ RunTime:0.000000s ]
NOTIC: [8] Use of undefined constant URL_MODEL - assumed 'URL_MODEL' D:\wwwroot\wgcadmin_22fqiz\web\Application\Admin\Conf\config.php 第 4 行.
INFO: [ app_begin ] --START--
INFO: Run Behavior\ReadHtmlCacheBehavior [ RunTime:0.000000s ]
INFO: [ app_begin ] --END-- [ RunTime:0.000000s ]
INFO: [ view_parse ] --START--
INFO: [ template_filter ] --START--
INFO: Run Behavior\ContentReplaceBehavior [ RunTime:0.000000s ]
INFO: [ template_filter ] --END-- [ RunTime:0.000000s ]
INFO: Run Behavior\ParseTemplateBehavior [ RunTime:0.015625s ]
INFO: [ view_parse ] --END-- [ RunTime:0.015625s ]
INFO: [ view_filter ] --START--
INFO: Run Behavior\WriteHtmlCacheBehavior [ RunTime:0.000000s ]
INFO: [ view_filter ] --END-- [ RunTime:0.000000s ]
INFO: [ app_end ] --START--
INFO: Run Behavior\ShowPageTraceBehavior [ RunTime:0.000000s ]
INFO: [ app_end ] --END-- [ RunTime:0.000000s ]

[ 2018-12-30T11:39:11+08:00 ] 116.21.93.13 /index.php/Admin/Headline/addForms
INFO: [ app_init ] --START--
INFO: Run Behavior\BuildLiteBehavior [ RunTime:0.000000s ]
INFO: [ app_init ] --END-- [ RunTime:0.000000s ]
NOTIC: [8] Use of undefined constant URL_MODEL - assumed 'URL_MODEL' D:\wwwroot\wgcadmin_22fqiz\web\Application\Admin\Conf\config.php 第 4 行.
INFO: [ app_begin ] --START--
INFO: Run Behavior\ReadHtmlCacheBehavior [ RunTime:0.000000s ]
INFO: [ app_begin ] --END-- [ RunTime:0.000000s ]
NOTIC: [2] call_user_func() expects parameter 1 to be a valid callback, no array or string given D:\wwwroot\wgcadmin_22fqiz\web\ThinkPHP\Library\Think\Upload.class.php 第 170 行.
SQL: SHOW COLUMNS FROM `ecm_advertisement` [ RunTime:0.000000s ]
SQL: INSERT INTO `ecm_advertisement` (`title`,`content`,`pic`,`describe`,`type`,`laiyuan`,`province`,`city`,`district`,`kehu`,`times`,`fenxiaoshang_userid`) VALUES ('公司案例','&lt;p style=&quot;text-align: center;&quot;&gt;&lt;span style=&quot;font-size: 20px;&quot;&gt;公司案例&lt;/span&gt;&lt;/p&gt;&lt;p style=&quot;text-align: center;&quot;&gt;&lt;span style=&quot;font-size: 20px;&quot;&gt;&lt;/span&gt;&lt;/p&gt;&lt;p&gt;&lt;img src=&quot;http://wgcmanage.59jiaju.com/ueditor/php/upload/image/20181230/1546141143397140.jpg&quot; style=&quot;&quot; title=&quot;1546141143397140.jpg&quot;/&gt;&lt;/p&gt;&lt;p&gt;&lt;img src=&quot;http://wgcmanage.59jiaju.com/ueditor/php/upload/image/20181230/1546141143136625.jpg&quot; style=&quot;&quot; title=&quot;1546141143136625.jpg&quot;/&gt;&lt;/p&gt;&lt;p&gt;&lt;img src=&quot;http://wgcmanage.59jiaju.com/ueditor/php/upload/image/20181230/1546141143110101.jpg&quot; style=&quot;&quot; title=&quot;1546141143110101.jpg&quot;/&gt;&lt;/p&gt;&lt;p&gt;&lt;img src=&quot;http://wgcmanage.59jiaju.com/ueditor/php/upload/image/20181230/1546141143472876.jpg&quot; style=&quot;&quot; title=&quot;1546141143472876.jpg&quot;/&gt;&lt;/p&gt;&lt;p&gt;&lt;img src=&quot;http://wgcmanage.59jiaju.com/ueditor/php/upload/image/20181230/1546141143101985.jpg&quot; style=&quot;&quot; title=&quot;1546141143101985.jpg&quot;/&gt;&lt;/p&gt;&lt;p&gt;&lt;img src=&quot;http://wgcmanage.59jiaju.com/ueditor/php/upload/image/20181230/1546141144133742.jpg&quot; style=&quot;&quot; title=&quot;1546141144133742.jpg&quot;/&gt;&lt;/p&gt;&lt;p&gt;&lt;img src=&quot;http://wgcmanage.59jiaju.com/ueditor/php/upload/image/20181230/1546141144130859.jpg&quot; style=&quot;&quot; title=&quot;1546141144130859.jpg&quot;/&gt;&lt;/p&gt;&lt;p&gt;&lt;img src=&quot;http://wgcmanage.59jiaju.com/ueditor/php/upload/image/20181230/1546141144629124.jpg&quot; style=&quot;&quot; title=&quot;1546141144629124.jpg&quot;/&gt;&lt;/p&gt;&lt;p&gt;&lt;img src=&quot;http://wgcmanage.59jiaju.com/ueditor/php/upload/image/20181230/1546141144830685.jpg&quot; style=&quot;&quot; title=&quot;1546141144830685.jpg&quot;/&gt;&lt;/p&gt;&lt;p&gt;&lt;img src=&quot;http://wgcmanage.59jiaju.com/ueditor/php/upload/image/20181230/1546141144894587.jpg&quot; style=&quot;&quot; title=&quot;1546141144894587.jpg&quot;/&gt;&lt;/p&gt;&lt;p style=&quot;text-align: center;&quot;&gt;&lt;span style=&quot;font-size: 20px;&quot;&gt;&lt;br/&gt;&lt;/span&gt;&lt;br/&gt;&lt;/p&gt;','/Uploads/2018-12-30/5c283ddf73a5c.jpg','公司案例','59','微工程','广东省','广州市','市辖区','创跃装饰',1546141151,'5279401545896263') [ RunTime:0.000000s ]

[ 2018-12-30T11:39:11+08:00 ] 116.21.93.13 /index.php/Admin/Headline/index.html
INFO: [ app_init ] --START--
INFO: Run Behavior\BuildLiteBehavior [ RunTime:0.000000s ]
INFO: [ app_init ] --END-- [ RunTime:0.000000s ]
NOTIC: [8] Use of undefined constant URL_MODEL - assumed 'URL_MODEL' D:\wwwroot\wgcadmin_22fqiz\web\Application\Admin\Conf\config.php 第 4 行.
INFO: [ app_begin ] --START--
INFO: Run Behavior\ReadHtmlCacheBehavior [ RunTime:0.000000s ]
INFO: [ app_begin ] --END-- [ RunTime:0.000000s ]
SQL: SHOW COLUMNS FROM `ecm_advertisement` [ RunTime:0.000000s ]
SQL: SELECT COUNT(*) AS tp_count FROM `ecm_advertisement` WHERE `fenxiaoshang_userid` = '5279401545896263' LIMIT 1   [ RunTime:0.000000s ]
SQL: SELECT * FROM `ecm_advertisement` WHERE `fenxiaoshang_userid` = '5279401545896263' ORDER BY times desc LIMIT 0,200   [ RunTime:0.000000s ]
INFO: [ view_parse ] --START--
NOTIC: [8] Undefined offset: 1 D:\wwwroot\wgcadmin_22fqiz\web\ThinkPHP\Library\Think\Template.class.php 第 523 行.
INFO: [ template_filter ] --START--
INFO: Run Behavior\ContentReplaceBehavior [ RunTime:0.000000s ]
INFO: [ template_filter ] --END-- [ RunTime:0.000000s ]
INFO: Run Behavior\ParseTemplateBehavior [ RunTime:0.000000s ]
INFO: [ view_parse ] --END-- [ RunTime:0.015625s ]
INFO: [ view_filter ] --START--
INFO: Run Behavior\WriteHtmlCacheBehavior [ RunTime:0.000000s ]
INFO: [ view_filter ] --END-- [ RunTime:0.000000s ]
INFO: [ app_end ] --START--
INFO: Run Behavior\ShowPageTraceBehavior [ RunTime:0.000000s ]
INFO: [ app_end ] --END-- [ RunTime:0.000000s ]

[ 2018-12-30T11:39:47+08:00 ] 116.21.93.13 /index.php/Admin/Headline/adds
INFO: [ app_init ] --START--
INFO: Run Behavior\BuildLiteBehavior [ RunTime:0.000000s ]
INFO: [ app_init ] --END-- [ RunTime:0.000000s ]
NOTIC: [8] Use of undefined constant URL_MODEL - assumed 'URL_MODEL' D:\wwwroot\wgcadmin_22fqiz\web\Application\Admin\Conf\config.php 第 4 行.
INFO: [ app_begin ] --START--
INFO: Run Behavior\ReadHtmlCacheBehavior [ RunTime:0.000000s ]
INFO: [ app_begin ] --END-- [ RunTime:0.000000s ]
INFO: [ view_parse ] --START--
INFO: [ template_filter ] --START--
INFO: Run Behavior\ContentReplaceBehavior [ RunTime:0.000000s ]
INFO: [ template_filter ] --END-- [ RunTime:0.000000s ]
INFO: Run Behavior\ParseTemplateBehavior [ RunTime:0.015625s ]
INFO: [ view_parse ] --END-- [ RunTime:0.015625s ]
INFO: [ view_filter ] --START--
INFO: Run Behavior\WriteHtmlCacheBehavior [ RunTime:0.000000s ]
INFO: [ view_filter ] --END-- [ RunTime:0.000000s ]
INFO: [ app_end ] --START--
INFO: Run Behavior\ShowPageTraceBehavior [ RunTime:0.000000s ]
INFO: [ app_end ] --END-- [ RunTime:0.000000s ]

[ 2018-12-30T11:40:47+08:00 ] 116.21.93.13 /index.php/Admin/Headline/addForms
INFO: [ app_init ] --START--
INFO: Run Behavior\BuildLiteBehavior [ RunTime:0.000000s ]
INFO: [ app_init ] --END-- [ RunTime:0.000000s ]
NOTIC: [8] Use of undefined constant URL_MODEL - assumed 'URL_MODEL' D:\wwwroot\wgcadmin_22fqiz\web\Application\Admin\Conf\config.php 第 4 行.
INFO: [ app_begin ] --START--
INFO: Run Behavior\ReadHtmlCacheBehavior [ RunTime:0.000000s ]
INFO: [ app_begin ] --END-- [ RunTime:0.000000s ]
NOTIC: [2] call_user_func() expects parameter 1 to be a valid callback, no array or string given D:\wwwroot\wgcadmin_22fqiz\web\ThinkPHP\Library\Think\Upload.class.php 第 170 行.
SQL: SHOW COLUMNS FROM `ecm_advertisement` [ RunTime:0.015625s ]
SQL: INSERT INTO `ecm_advertisement` (`title`,`content`,`pic`,`describe`,`type`,`laiyuan`,`province`,`city`,`district`,`kehu`,`times`,`fenxiaoshang_userid`) VALUES ('公司案例','&lt;p style=&quot;text-align: center;&quot;&gt;&lt;span style=&quot;font-size: 20px;&quot;&gt;公司案例&lt;/span&gt;&lt;/p&gt;&lt;p style=&quot;text-align: center;&quot;&gt;&lt;span style=&quot;font-size: 20px;&quot;&gt;&lt;/span&gt;&lt;/p&gt;&lt;p&gt;&lt;img src=&quot;http://wgcmanage.59jiaju.com/ueditor/php/upload/image/20181230/1546141238119077.jpg&quot; style=&quot;&quot; title=&quot;1546141238119077.jpg&quot;/&gt;&lt;/p&gt;&lt;p&gt;&lt;img src=&quot;http://wgcmanage.59jiaju.com/ueditor/php/upload/image/20181230/1546141238999972.jpg&quot; style=&quot;&quot; title=&quot;1546141238999972.jpg&quot;/&gt;&lt;/p&gt;&lt;p&gt;&lt;img src=&quot;http://wgcmanage.59jiaju.com/ueditor/php/upload/image/20181230/1546141238625251.jpg&quot; style=&quot;&quot; title=&quot;1546141238625251.jpg&quot;/&gt;&lt;/p&gt;&lt;p&gt;&lt;img src=&quot;http://wgcmanage.59jiaju.com/ueditor/php/upload/image/20181230/1546141239147340.jpg&quot; style=&quot;&quot; title=&quot;1546141239147340.jpg&quot;/&gt;&lt;/p&gt;&lt;p&gt;&lt;img src=&quot;http://wgcmanage.59jiaju.com/ueditor/php/upload/image/20181230/1546141239896136.jpg&quot; style=&quot;&quot; title=&quot;1546141239896136.jpg&quot;/&gt;&lt;/p&gt;&lt;p&gt;&lt;img src=&quot;http://wgcmanage.59jiaju.com/ueditor/php/upload/image/20181230/1546141239990161.jpg&quot; style=&quot;&quot; title=&quot;1546141239990161.jpg&quot;/&gt;&lt;/p&gt;&lt;p&gt;&lt;img src=&quot;http://wgcmanage.59jiaju.com/ueditor/php/upload/image/20181230/1546141240419990.jpg&quot; style=&quot;&quot; title=&quot;1546141240419990.jpg&quot;/&gt;&lt;/p&gt;&lt;p&gt;&lt;img src=&quot;http://wgcmanage.59jiaju.com/ueditor/php/upload/image/20181230/1546141240435911.jpg&quot; style=&quot;&quot; title=&quot;1546141240435911.jpg&quot;/&gt;&lt;/p&gt;&lt;p style=&quot;text-align: center;&quot;&gt;&lt;span style=&quot;font-size: 20px;&quot;&gt;&lt;br/&gt;&lt;/span&gt;&lt;br/&gt;&lt;/p&gt;','/Uploads/2018-12-30/5c283e3f60b95.jpg','公司案例','59','微工程','广东省','广州市','海珠区','创跃装饰',1546141247,'5279401545896263') [ RunTime:0.000000s ]

[ 2018-12-30T11:40:47+08:00 ] 116.21.93.13 /index.php/Admin/Headline/index.html
INFO: [ app_init ] --START--
INFO: Run Behavior\BuildLiteBehavior [ RunTime:0.000000s ]
INFO: [ app_init ] --END-- [ RunTime:0.000000s ]
NOTIC: [8] Use of undefined constant URL_MODEL - assumed 'URL_MODEL' D:\wwwroot\wgcadmin_22fqiz\web\Application\Admin\Conf\config.php 第 4 行.
INFO: [ app_begin ] --START--
INFO: Run Behavior\ReadHtmlCacheBehavior [ RunTime:0.000000s ]
INFO: [ app_begin ] --END-- [ RunTime:0.000000s ]
SQL: SHOW COLUMNS FROM `ecm_advertisement` [ RunTime:0.000000s ]
SQL: SELECT COUNT(*) AS tp_count FROM `ecm_advertisement` WHERE `fenxiaoshang_userid` = '5279401545896263' LIMIT 1   [ RunTime:0.015625s ]
SQL: SELECT * FROM `ecm_advertisement` WHERE `fenxiaoshang_userid` = '5279401545896263' ORDER BY times desc LIMIT 0,200   [ RunTime:0.000000s ]
INFO: [ view_parse ] --START--
NOTIC: [8] Undefined offset: 1 D:\wwwroot\wgcadmin_22fqiz\web\ThinkPHP\Library\Think\Template.class.php 第 523 行.
INFO: [ template_filter ] --START--
INFO: Run Behavior\ContentReplaceBehavior [ RunTime:0.000000s ]
INFO: [ template_filter ] --END-- [ RunTime:0.000000s ]
INFO: Run Behavior\ParseTemplateBehavior [ RunTime:0.015625s ]
INFO: [ view_parse ] --END-- [ RunTime:0.015625s ]
INFO: [ view_filter ] --START--
INFO: Run Behavior\WriteHtmlCacheBehavior [ RunTime:0.000000s ]
INFO: [ view_filter ] --END-- [ RunTime:0.000000s ]
INFO: [ app_end ] --START--
INFO: Run Behavior\ShowPageTraceBehavior [ RunTime:0.000000s ]
INFO: [ app_end ] --END-- [ RunTime:0.000000s ]

