[ 2018-11-22T06:28:07+08:00 ] 47.92.35.138 /index.php/Admin/Index/index.html
INFO: [ app_init ] --START--
INFO: Run Behavior\BuildLiteBehavior [ RunTime:0.000000s ]
INFO: [ app_init ] --END-- [ RunTime:0.000000s ]
NOTIC: [8] Use of undefined constant URL_MODEL - assumed 'URL_MODEL' D:\wwwroot\wgcadmin_22fqiz\web\Application\Admin\Conf\config.php 第 4 行.
INFO: [ app_begin ] --START--
INFO: Run Behavior\ReadHtmlCacheBehavior [ RunTime:0.000000s ]
INFO: [ app_begin ] --END-- [ RunTime:0.000000s ]

[ 2018-11-22T07:53:13+08:00 ] 47.92.151.67 /index.php/Admin/Index/index.html
INFO: [ app_init ] --START--
INFO: Run Behavior\BuildLiteBehavior [ RunTime:0.000000s ]
INFO: [ app_init ] --END-- [ RunTime:0.000000s ]
NOTIC: [8] Use of undefined constant URL_MODEL - assumed 'URL_MODEL' D:\wwwroot\wgcadmin_22fqiz\web\Application\Admin\Conf\config.php 第 4 行.
INFO: [ app_begin ] --START--
INFO: Run Behavior\ReadHtmlCacheBehavior [ RunTime:0.000000s ]
INFO: [ app_begin ] --END-- [ RunTime:0.000000s ]

[ 2018-11-22T13:43:05+08:00 ] 218.20.5.244 /index.php/Admin/Index/index.html
INFO: [ app_init ] --START--
INFO: Run Behavior\BuildLiteBehavior [ RunTime:0.000000s ]
INFO: [ app_init ] --END-- [ RunTime:0.000000s ]
NOTIC: [8] Use of undefined constant URL_MODEL - assumed 'URL_MODEL' D:\wwwroot\wgcadmin_22fqiz\web\Application\Admin\Conf\config.php 第 4 行.
INFO: [ app_begin ] --START--
INFO: Run Behavior\ReadHtmlCacheBehavior [ RunTime:0.000000s ]
INFO: [ app_begin ] --END-- [ RunTime:0.000000s ]

[ 2018-11-22T13:43:06+08:00 ] 218.20.5.244 /index.php/Admin/Admin/login.html
INFO: [ app_init ] --START--
INFO: Run Behavior\BuildLiteBehavior [ RunTime:0.000000s ]
INFO: [ app_init ] --END-- [ RunTime:0.000000s ]
NOTIC: [8] Use of undefined constant URL_MODEL - assumed 'URL_MODEL' D:\wwwroot\wgcadmin_22fqiz\web\Application\Admin\Conf\config.php 第 4 行.
INFO: [ app_begin ] --START--
INFO: Run Behavior\ReadHtmlCacheBehavior [ RunTime:0.000000s ]
INFO: [ app_begin ] --END-- [ RunTime:0.000000s ]
INFO: [ view_parse ] --START--
INFO: [ template_filter ] --START--
INFO: Run Behavior\ContentReplaceBehavior [ RunTime:0.000000s ]
INFO: [ template_filter ] --END-- [ RunTime:0.000000s ]
NOTIC: [8] Undefined variable: think D:\wwwroot\wgcadmin_22fqiz\web\Application\Runtime\Cache\Admin\2275611bb46a2a49189a5a4b00fcf970.php 第 64 行.
NOTIC: [8] Undefined variable: think D:\wwwroot\wgcadmin_22fqiz\web\Application\Runtime\Cache\Admin\2275611bb46a2a49189a5a4b00fcf970.php 第 69 行.
INFO: Run Behavior\ParseTemplateBehavior [ RunTime:0.015625s ]
INFO: [ view_parse ] --END-- [ RunTime:0.015625s ]
INFO: [ view_filter ] --START--
INFO: Run Behavior\WriteHtmlCacheBehavior [ RunTime:0.000000s ]
INFO: [ view_filter ] --END-- [ RunTime:0.000000s ]
INFO: [ app_end ] --START--
INFO: Run Behavior\ShowPageTraceBehavior [ RunTime:0.000000s ]
INFO: [ app_end ] --END-- [ RunTime:0.015625s ]

[ 2018-11-22T13:43:52+08:00 ] 218.20.5.244 /index.php/Admin/Admin/login.html
INFO: [ app_init ] --START--
INFO: Run Behavior\BuildLiteBehavior [ RunTime:0.000000s ]
INFO: [ app_init ] --END-- [ RunTime:0.000000s ]
NOTIC: [8] Use of undefined constant URL_MODEL - assumed 'URL_MODEL' D:\wwwroot\wgcadmin_22fqiz\web\Application\Admin\Conf\config.php 第 4 行.
INFO: [ app_begin ] --START--
INFO: Run Behavior\ReadHtmlCacheBehavior [ RunTime:0.000000s ]
INFO: [ app_begin ] --END-- [ RunTime:0.000000s ]
INFO: [ view_parse ] --START--
INFO: [ template_filter ] --START--
INFO: Run Behavior\ContentReplaceBehavior [ RunTime:0.000000s ]
INFO: [ template_filter ] --END-- [ RunTime:0.000000s ]
NOTIC: [8] Undefined variable: think D:\wwwroot\wgcadmin_22fqiz\web\Application\Runtime\Cache\Admin\2275611bb46a2a49189a5a4b00fcf970.php 第 64 行.
NOTIC: [8] Undefined variable: think D:\wwwroot\wgcadmin_22fqiz\web\Application\Runtime\Cache\Admin\2275611bb46a2a49189a5a4b00fcf970.php 第 69 行.
INFO: Run Behavior\ParseTemplateBehavior [ RunTime:0.015625s ]
INFO: [ view_parse ] --END-- [ RunTime:0.015625s ]
INFO: [ view_filter ] --START--
INFO: Run Behavior\WriteHtmlCacheBehavior [ RunTime:0.000000s ]
INFO: [ view_filter ] --END-- [ RunTime:0.000000s ]
INFO: [ app_end ] --START--
INFO: Run Behavior\ShowPageTraceBehavior [ RunTime:0.000000s ]
INFO: [ app_end ] --END-- [ RunTime:0.000000s ]

[ 2018-11-22T13:44:05+08:00 ] 223.166.222.109 /index.php/Admin/Index/index.html
INFO: [ app_init ] --START--
INFO: Run Behavior\BuildLiteBehavior [ RunTime:0.000000s ]
INFO: [ app_init ] --END-- [ RunTime:0.000000s ]
NOTIC: [8] Use of undefined constant URL_MODEL - assumed 'URL_MODEL' D:\wwwroot\wgcadmin_22fqiz\web\Application\Admin\Conf\config.php 第 4 行.
INFO: [ app_begin ] --START--
INFO: Run Behavior\ReadHtmlCacheBehavior [ RunTime:0.000000s ]
INFO: [ app_begin ] --END-- [ RunTime:0.000000s ]

[ 2018-11-22T13:44:06+08:00 ] 61.151.178.166 /index.php/Admin/Admin/login.html
INFO: [ app_init ] --START--
INFO: Run Behavior\BuildLiteBehavior [ RunTime:0.000000s ]
INFO: [ app_init ] --END-- [ RunTime:0.000000s ]
NOTIC: [8] Use of undefined constant URL_MODEL - assumed 'URL_MODEL' D:\wwwroot\wgcadmin_22fqiz\web\Application\Admin\Conf\config.php 第 4 行.
INFO: [ app_begin ] --START--
INFO: Run Behavior\ReadHtmlCacheBehavior [ RunTime:0.000000s ]
INFO: [ app_begin ] --END-- [ RunTime:0.000000s ]
INFO: [ view_parse ] --START--
INFO: [ template_filter ] --START--
INFO: Run Behavior\ContentReplaceBehavior [ RunTime:0.000000s ]
INFO: [ template_filter ] --END-- [ RunTime:0.000000s ]
NOTIC: [8] Undefined variable: think D:\wwwroot\wgcadmin_22fqiz\web\Application\Runtime\Cache\Admin\2275611bb46a2a49189a5a4b00fcf970.php 第 64 行.
NOTIC: [8] Undefined variable: think D:\wwwroot\wgcadmin_22fqiz\web\Application\Runtime\Cache\Admin\2275611bb46a2a49189a5a4b00fcf970.php 第 69 行.
INFO: Run Behavior\ParseTemplateBehavior [ RunTime:0.000000s ]
INFO: [ view_parse ] --END-- [ RunTime:0.000000s ]
INFO: [ view_filter ] --START--
INFO: Run Behavior\WriteHtmlCacheBehavior [ RunTime:0.000000s ]
INFO: [ view_filter ] --END-- [ RunTime:0.000000s ]
INFO: [ app_end ] --START--
INFO: Run Behavior\ShowPageTraceBehavior [ RunTime:0.000000s ]
INFO: [ app_end ] --END-- [ RunTime:0.000000s ]

[ 2018-11-22T13:49:23+08:00 ] 218.20.5.244 /index.php/Admin/Admin/login.html
INFO: [ app_init ] --START--
INFO: Run Behavior\BuildLiteBehavior [ RunTime:0.000000s ]
INFO: [ app_init ] --END-- [ RunTime:0.000000s ]
NOTIC: [8] Use of undefined constant URL_MODEL - assumed 'URL_MODEL' D:\wwwroot\wgcadmin_22fqiz\web\Application\Admin\Conf\config.php 第 4 行.
INFO: [ app_begin ] --START--
INFO: Run Behavior\ReadHtmlCacheBehavior [ RunTime:0.000000s ]
INFO: [ app_begin ] --END-- [ RunTime:0.000000s ]
INFO: [ view_parse ] --START--
INFO: [ template_filter ] --START--
INFO: Run Behavior\ContentReplaceBehavior [ RunTime:0.000000s ]
INFO: [ template_filter ] --END-- [ RunTime:0.000000s ]
NOTIC: [8] Undefined variable: think D:\wwwroot\wgcadmin_22fqiz\web\Application\Runtime\Cache\Admin\2275611bb46a2a49189a5a4b00fcf970.php 第 64 行.
NOTIC: [8] Undefined variable: think D:\wwwroot\wgcadmin_22fqiz\web\Application\Runtime\Cache\Admin\2275611bb46a2a49189a5a4b00fcf970.php 第 69 行.
INFO: Run Behavior\ParseTemplateBehavior [ RunTime:0.000000s ]
INFO: [ view_parse ] --END-- [ RunTime:0.000000s ]
INFO: [ view_filter ] --START--
INFO: Run Behavior\WriteHtmlCacheBehavior [ RunTime:0.000000s ]
INFO: [ view_filter ] --END-- [ RunTime:0.000000s ]
INFO: [ app_end ] --START--
INFO: Run Behavior\ShowPageTraceBehavior [ RunTime:0.000000s ]
INFO: [ app_end ] --END-- [ RunTime:0.000000s ]

[ 2018-11-22T13:50:54+08:00 ] 218.20.5.244 /index.php/Admin/Admin/checkuser
INFO: [ app_init ] --START--
INFO: Run Behavior\BuildLiteBehavior [ RunTime:0.000000s ]
INFO: [ app_init ] --END-- [ RunTime:0.000000s ]
NOTIC: [8] Use of undefined constant URL_MODEL - assumed 'URL_MODEL' D:\wwwroot\wgcadmin_22fqiz\web\Application\Admin\Conf\config.php 第 4 行.
INFO: [ app_begin ] --START--
INFO: Run Behavior\ReadHtmlCacheBehavior [ RunTime:0.000000s ]
INFO: [ app_begin ] --END-- [ RunTime:0.000000s ]
SQL: SHOW COLUMNS FROM `ecm_member` [ RunTime:0.015624s ]
SQL: SHOW COLUMNS FROM `ecm_gongsi` [ RunTime:0.000000s ]
SQL: SELECT member.user_id AS user_id,member.fenxiaoshang AS fenxiaoshang,member.fenxiaoshang_name AS fenxiaoshang_name FROM ecm_member member LEFT JOIN ecm_gongsi gongsi ON member.user_id=gongsi.muid WHERE member.user_name = '10001' LIMIT 1   [ RunTime:0.000000s ]
SQL: SELECT `user_id` FROM `ecm_member` WHERE `user_name` = '10001' AND `password` = 'd12e2a6ced0b1e90be3bc167602c673b' LIMIT 1   [ RunTime:0.000000s ]

[ 2018-11-22T13:51:32+08:00 ] 218.20.5.244 /index.php/Admin/Admin/login.html
INFO: [ app_init ] --START--
INFO: Run Behavior\BuildLiteBehavior [ RunTime:0.000000s ]
INFO: [ app_init ] --END-- [ RunTime:0.000000s ]
NOTIC: [8] Use of undefined constant URL_MODEL - assumed 'URL_MODEL' D:\wwwroot\wgcadmin_22fqiz\web\Application\Admin\Conf\config.php 第 4 行.
INFO: [ app_begin ] --START--
INFO: Run Behavior\ReadHtmlCacheBehavior [ RunTime:0.000000s ]
INFO: [ app_begin ] --END-- [ RunTime:0.000000s ]
INFO: [ view_parse ] --START--
INFO: [ template_filter ] --START--
INFO: Run Behavior\ContentReplaceBehavior [ RunTime:0.000000s ]
INFO: [ template_filter ] --END-- [ RunTime:0.000000s ]
NOTIC: [8] Undefined variable: think D:\wwwroot\wgcadmin_22fqiz\web\Application\Runtime\Cache\Admin\2275611bb46a2a49189a5a4b00fcf970.php 第 64 行.
NOTIC: [8] Undefined variable: think D:\wwwroot\wgcadmin_22fqiz\web\Application\Runtime\Cache\Admin\2275611bb46a2a49189a5a4b00fcf970.php 第 69 行.
INFO: Run Behavior\ParseTemplateBehavior [ RunTime:0.015624s ]
INFO: [ view_parse ] --END-- [ RunTime:0.015624s ]
INFO: [ view_filter ] --START--
INFO: Run Behavior\WriteHtmlCacheBehavior [ RunTime:0.000000s ]
INFO: [ view_filter ] --END-- [ RunTime:0.000000s ]
INFO: [ app_end ] --START--
INFO: Run Behavior\ShowPageTraceBehavior [ RunTime:0.000000s ]
INFO: [ app_end ] --END-- [ RunTime:0.000000s ]

[ 2018-11-22T13:52:10+08:00 ] 218.20.5.244 /index.php/Admin/Admin/checkuser
INFO: [ app_init ] --START--
INFO: Run Behavior\BuildLiteBehavior [ RunTime:0.000000s ]
INFO: [ app_init ] --END-- [ RunTime:0.000000s ]
NOTIC: [8] Use of undefined constant URL_MODEL - assumed 'URL_MODEL' D:\wwwroot\wgcadmin_22fqiz\web\Application\Admin\Conf\config.php 第 4 行.
INFO: [ app_begin ] --START--
INFO: Run Behavior\ReadHtmlCacheBehavior [ RunTime:0.000000s ]
INFO: [ app_begin ] --END-- [ RunTime:0.000000s ]
SQL: SHOW COLUMNS FROM `ecm_member` [ RunTime:0.000000s ]
SQL: SHOW COLUMNS FROM `ecm_gongsi` [ RunTime:0.000000s ]
SQL: SELECT member.user_id AS user_id,member.fenxiaoshang AS fenxiaoshang,member.fenxiaoshang_name AS fenxiaoshang_name FROM ecm_member member LEFT JOIN ecm_gongsi gongsi ON member.user_id=gongsi.muid WHERE member.user_name = '10001' LIMIT 1   [ RunTime:0.000000s ]
SQL: SELECT `user_id` FROM `ecm_member` WHERE `user_name` = '10001' AND `password` = '6b2d265a9de8503a8f54ae837935b7af' LIMIT 1   [ RunTime:0.000000s ]
SQL: SELECT `isadmin` FROM `ecm_member` WHERE `isadmin` = 1 AND `user_id` = 10001 LIMIT 1   [ RunTime:0.000000s ]
NOTIC: [8] A session had already been started - ignoring session_start() D:\wwwroot\wgcadmin_22fqiz\web\Application\Admin\Controller\AdminController.class.php 第 67 行.
SQL: SELECT m.user_id,m.roleid,m.user_name,m.kehu,m.fenxiaoshang_userid,m.userphoto,g.name,g.zhiwei,r.rolename,m.storeid FROM ecm_member m LEFT JOIN ecm_gongyingshang g ON m.user_id = g.user_id LEFT JOIN ecm_role r ON m.roleid = r.id  WHERE m.user_id = '10001' LIMIT 1   [ RunTime:0.000000s ]
SQL: SELECT `fenxiaoshang_name` FROM `ecm_member` WHERE `user_id` = 10001 LIMIT 1   [ RunTime:0.000000s ]
SQL: SELECT `fenxiaoshang_userid` FROM `ecm_member` WHERE `user_id` = 10001 LIMIT 1   [ RunTime:0.000000s ]
NOTIC: [8] Undefined variable: pwd D:\wwwroot\wgcadmin_22fqiz\web\Application\Admin\Controller\AdminController.class.php 第 72 行.
NOTIC: [8] Undefined index: wgcadmininfo D:\wwwroot\wgcadmin_22fqiz\web\Application\Admin\Controller\AdminController.class.php 第 77 行.

[ 2018-11-22T13:52:22+08:00 ] 218.20.5.244 /index.php/Admin/Index/index.html
INFO: [ app_init ] --START--
INFO: Run Behavior\BuildLiteBehavior [ RunTime:0.000000s ]
INFO: [ app_init ] --END-- [ RunTime:0.000000s ]
NOTIC: [8] Use of undefined constant URL_MODEL - assumed 'URL_MODEL' D:\wwwroot\wgcadmin_22fqiz\web\Application\Admin\Conf\config.php 第 4 行.
INFO: [ app_begin ] --START--
INFO: Run Behavior\ReadHtmlCacheBehavior [ RunTime:0.000000s ]
INFO: [ app_begin ] --END-- [ RunTime:0.000000s ]
NOTIC: [8] A session had already been started - ignoring session_start() D:\wwwroot\wgcadmin_22fqiz\web\Application\Admin\Controller\IndexController.class.php 第 7 行.
NOTIC: [8] A session had already been started - ignoring session_start() D:\wwwroot\wgcadmin_22fqiz\web\Application\Admin\Controller\CategoryController.class.php 第 129 行.
SQL: SHOW COLUMNS FROM `ecm_category` [ RunTime:0.000000s ]
SQL: SELECT `id`,`pid`,`catname`,`caticon`,`m`,`c`,`a`,`orderlist` FROM `ecm_category` WHERE `display` = 1 AND `storeid` = 'b65e2727ec76202a16d7fd77dfa8a2de'  [ RunTime:0.000000s ]
INFO: [ view_parse ] --START--
INFO: [ template_filter ] --START--
INFO: Run Behavior\ContentReplaceBehavior [ RunTime:0.000000s ]
INFO: [ template_filter ] --END-- [ RunTime:0.000000s ]
INFO: Run Behavior\ParseTemplateBehavior [ RunTime:0.015625s ]
INFO: [ view_parse ] --END-- [ RunTime:0.015625s ]
INFO: [ view_filter ] --START--
INFO: Run Behavior\WriteHtmlCacheBehavior [ RunTime:0.000000s ]
INFO: [ view_filter ] --END-- [ RunTime:0.000000s ]
INFO: [ app_end ] --START--
INFO: Run Behavior\ShowPageTraceBehavior [ RunTime:0.000000s ]
INFO: [ app_end ] --END-- [ RunTime:0.000000s ]

[ 2018-11-22T13:52:22+08:00 ] 218.20.5.244 /index.php/Admin/Index/welcome
INFO: [ app_init ] --START--
INFO: Run Behavior\BuildLiteBehavior [ RunTime:0.000000s ]
INFO: [ app_init ] --END-- [ RunTime:0.000000s ]
NOTIC: [8] Use of undefined constant URL_MODEL - assumed 'URL_MODEL' D:\wwwroot\wgcadmin_22fqiz\web\Application\Admin\Conf\config.php 第 4 行.
INFO: [ app_begin ] --START--
INFO: Run Behavior\ReadHtmlCacheBehavior [ RunTime:0.000000s ]
INFO: [ app_begin ] --END-- [ RunTime:0.000000s ]
SQL: SHOW COLUMNS FROM `ecm_member` [ RunTime:0.000000s ]
SQL: SELECT COUNT(*) AS tp_count FROM `ecm_member` WHERE `user_id` > 4474 AND `fenxiaoshang_userid` = '9800611541647779' LIMIT 1   [ RunTime:0.015625s ]
SQL: SELECT COUNT(*) AS tp_count FROM `ecm_member` WHERE ( regtime >= '1542816000' and user_id >4474 and fenxiaoshang_userid = 9800611541647779 ) LIMIT 1   [ RunTime:0.015625s ]
SQL: SELECT COUNT(*) AS tp_count FROM `ecm_member` WHERE ( regtime >= '1542729600' and user_id >4474 and fenxiaoshang_userid = 9800611541647779 ) LIMIT 1   [ RunTime:0.031249s ]
SQL: SELECT COUNT(*) AS tp_count FROM `ecm_member` WHERE ( regtime >= '1542729600' and user_id >4474 and fenxiaoshang_userid = 9800611541647779 ) LIMIT 1   [ RunTime:0.015625s ]
SQL: SELECT COUNT(*) AS tp_count FROM `ecm_member` WHERE ( regtime >= '1540137600' and user_id >4474 and fenxiaoshang_userid = 9800611541647779 ) LIMIT 1   [ RunTime:0.015625s ]
SQL: SELECT COUNT(*) AS tp_count FROM `ecm_member` WHERE `position_type` = 1 AND `fenxiaoshang_userid` = '9800611541647779' LIMIT 1   [ RunTime:0.000000s ]
INFO: [ view_parse ] --START--
INFO: [ template_filter ] --START--
INFO: Run Behavior\ContentReplaceBehavior [ RunTime:0.000000s ]
INFO: [ template_filter ] --END-- [ RunTime:0.000000s ]
INFO: Run Behavior\ParseTemplateBehavior [ RunTime:0.015624s ]
INFO: [ view_parse ] --END-- [ RunTime:0.015624s ]
INFO: [ view_filter ] --START--
INFO: Run Behavior\WriteHtmlCacheBehavior [ RunTime:0.000000s ]
INFO: [ view_filter ] --END-- [ RunTime:0.000000s ]
INFO: [ app_end ] --START--
INFO: Run Behavior\ShowPageTraceBehavior [ RunTime:0.000000s ]
INFO: [ app_end ] --END-- [ RunTime:0.000000s ]

[ 2018-11-22T13:53:22+08:00 ] 101.91.62.65 /index.php/Admin/Index/index.html
INFO: [ app_init ] --START--
INFO: Run Behavior\BuildLiteBehavior [ RunTime:0.000000s ]
INFO: [ app_init ] --END-- [ RunTime:0.000000s ]
NOTIC: [8] Use of undefined constant URL_MODEL - assumed 'URL_MODEL' D:\wwwroot\wgcadmin_22fqiz\web\Application\Admin\Conf\config.php 第 4 行.
INFO: [ app_begin ] --START--
INFO: Run Behavior\ReadHtmlCacheBehavior [ RunTime:0.000000s ]
INFO: [ app_begin ] --END-- [ RunTime:0.000000s ]

[ 2018-11-22T14:17:24+08:00 ] 218.20.5.244 /index.php/Admin/Index/index.html
INFO: [ app_init ] --START--
INFO: Run Behavior\BuildLiteBehavior [ RunTime:0.000000s ]
INFO: [ app_init ] --END-- [ RunTime:0.000000s ]
NOTIC: [8] Use of undefined constant URL_MODEL - assumed 'URL_MODEL' D:\wwwroot\wgcadmin_22fqiz\web\Application\Admin\Conf\config.php 第 4 行.
INFO: [ app_begin ] --START--
INFO: Run Behavior\ReadHtmlCacheBehavior [ RunTime:0.000000s ]
INFO: [ app_begin ] --END-- [ RunTime:0.000000s ]

[ 2018-11-22T14:17:25+08:00 ] 218.20.5.244 /index.php/Admin/Admin/login.html
INFO: [ app_init ] --START--
INFO: Run Behavior\BuildLiteBehavior [ RunTime:0.000000s ]
INFO: [ app_init ] --END-- [ RunTime:0.000000s ]
NOTIC: [8] Use of undefined constant URL_MODEL - assumed 'URL_MODEL' D:\wwwroot\wgcadmin_22fqiz\web\Application\Admin\Conf\config.php 第 4 行.
INFO: [ app_begin ] --START--
INFO: Run Behavior\ReadHtmlCacheBehavior [ RunTime:0.000000s ]
INFO: [ app_begin ] --END-- [ RunTime:0.000000s ]
INFO: [ view_parse ] --START--
INFO: [ template_filter ] --START--
INFO: Run Behavior\ContentReplaceBehavior [ RunTime:0.000000s ]
INFO: [ template_filter ] --END-- [ RunTime:0.000000s ]
NOTIC: [8] Undefined variable: think D:\wwwroot\wgcadmin_22fqiz\web\Application\Runtime\Cache\Admin\2275611bb46a2a49189a5a4b00fcf970.php 第 64 行.
NOTIC: [8] Undefined variable: think D:\wwwroot\wgcadmin_22fqiz\web\Application\Runtime\Cache\Admin\2275611bb46a2a49189a5a4b00fcf970.php 第 69 行.
INFO: Run Behavior\ParseTemplateBehavior [ RunTime:0.015625s ]
INFO: [ view_parse ] --END-- [ RunTime:0.015625s ]
INFO: [ view_filter ] --START--
INFO: Run Behavior\WriteHtmlCacheBehavior [ RunTime:0.000000s ]
INFO: [ view_filter ] --END-- [ RunTime:0.000000s ]
INFO: [ app_end ] --START--
INFO: Run Behavior\ShowPageTraceBehavior [ RunTime:0.015625s ]
INFO: [ app_end ] --END-- [ RunTime:0.015625s ]

[ 2018-11-22T14:17:36+08:00 ] 218.20.5.244 /index.php/Admin/Admin/checkuser
INFO: [ app_init ] --START--
INFO: Run Behavior\BuildLiteBehavior [ RunTime:0.000000s ]
INFO: [ app_init ] --END-- [ RunTime:0.000000s ]
NOTIC: [8] Use of undefined constant URL_MODEL - assumed 'URL_MODEL' D:\wwwroot\wgcadmin_22fqiz\web\Application\Admin\Conf\config.php 第 4 行.
INFO: [ app_begin ] --START--
INFO: Run Behavior\ReadHtmlCacheBehavior [ RunTime:0.000000s ]
INFO: [ app_begin ] --END-- [ RunTime:0.000000s ]
SQL: SHOW COLUMNS FROM `ecm_member` [ RunTime:0.000000s ]
SQL: SHOW COLUMNS FROM `ecm_gongsi` [ RunTime:0.000000s ]
SQL: SELECT member.user_id AS user_id,member.fenxiaoshang AS fenxiaoshang,member.fenxiaoshang_name AS fenxiaoshang_name FROM ecm_member member LEFT JOIN ecm_gongsi gongsi ON member.user_id=gongsi.muid WHERE member.user_name = '10002' LIMIT 1   [ RunTime:0.000000s ]
SQL: SELECT `user_id` FROM `ecm_member` WHERE `user_name` = '10002' AND `password` = 'e4fd03c61534b25deb9accd4b57c2baf' LIMIT 1   [ RunTime:0.000000s ]
SQL: SELECT `isadmin` FROM `ecm_member` WHERE `isadmin` = 1 AND `user_id` = 10002 LIMIT 1   [ RunTime:0.000000s ]
NOTIC: [8] A session had already been started - ignoring session_start() D:\wwwroot\wgcadmin_22fqiz\web\Application\Admin\Controller\AdminController.class.php 第 67 行.
SQL: SELECT m.user_id,m.roleid,m.user_name,m.kehu,m.fenxiaoshang_userid,m.userphoto,g.name,g.zhiwei,r.rolename,m.storeid FROM ecm_member m LEFT JOIN ecm_gongyingshang g ON m.user_id = g.user_id LEFT JOIN ecm_role r ON m.roleid = r.id  WHERE m.user_id = '10002' LIMIT 1   [ RunTime:0.015625s ]
SQL: SELECT `fenxiaoshang_name` FROM `ecm_member` WHERE `user_id` = 10002 LIMIT 1   [ RunTime:0.000000s ]
SQL: SELECT `fenxiaoshang_userid` FROM `ecm_member` WHERE `user_id` = 10002 LIMIT 1   [ RunTime:0.000000s ]
NOTIC: [8] Undefined variable: pwd D:\wwwroot\wgcadmin_22fqiz\web\Application\Admin\Controller\AdminController.class.php 第 72 行.

[ 2018-11-22T14:17:37+08:00 ] 218.20.5.244 /index.php/Admin/Index/index.html
INFO: [ app_init ] --START--
INFO: Run Behavior\BuildLiteBehavior [ RunTime:0.000000s ]
INFO: [ app_init ] --END-- [ RunTime:0.000000s ]
NOTIC: [8] Use of undefined constant URL_MODEL - assumed 'URL_MODEL' D:\wwwroot\wgcadmin_22fqiz\web\Application\Admin\Conf\config.php 第 4 行.
INFO: [ app_begin ] --START--
INFO: Run Behavior\ReadHtmlCacheBehavior [ RunTime:0.000000s ]
INFO: [ app_begin ] --END-- [ RunTime:0.000000s ]
NOTIC: [8] A session had already been started - ignoring session_start() D:\wwwroot\wgcadmin_22fqiz\web\Application\Admin\Controller\IndexController.class.php 第 7 行.
NOTIC: [8] A session had already been started - ignoring session_start() D:\wwwroot\wgcadmin_22fqiz\web\Application\Admin\Controller\CategoryController.class.php 第 129 行.
SQL: SHOW COLUMNS FROM `ecm_category` [ RunTime:0.000000s ]
SQL: SELECT `id`,`pid`,`catname`,`caticon`,`m`,`c`,`a`,`orderlist` FROM `ecm_category` WHERE `display` = 1 AND `storeid` = 'b65e2727ec76202a16d7fd77dfa8a2de'  [ RunTime:0.000000s ]
INFO: [ view_parse ] --START--
INFO: [ template_filter ] --START--
INFO: Run Behavior\ContentReplaceBehavior [ RunTime:0.000000s ]
INFO: [ template_filter ] --END-- [ RunTime:0.000000s ]
INFO: Run Behavior\ParseTemplateBehavior [ RunTime:0.015625s ]
INFO: [ view_parse ] --END-- [ RunTime:0.015625s ]
INFO: [ view_filter ] --START--
INFO: Run Behavior\WriteHtmlCacheBehavior [ RunTime:0.000000s ]
INFO: [ view_filter ] --END-- [ RunTime:0.000000s ]
INFO: [ app_end ] --START--
INFO: Run Behavior\ShowPageTraceBehavior [ RunTime:0.000000s ]
INFO: [ app_end ] --END-- [ RunTime:0.000000s ]

[ 2018-11-22T14:17:38+08:00 ] 218.20.5.244 /index.php/Admin/Index/welcome
INFO: [ app_init ] --START--
INFO: Run Behavior\BuildLiteBehavior [ RunTime:0.000000s ]
INFO: [ app_init ] --END-- [ RunTime:0.000000s ]
NOTIC: [8] Use of undefined constant URL_MODEL - assumed 'URL_MODEL' D:\wwwroot\wgcadmin_22fqiz\web\Application\Admin\Conf\config.php 第 4 行.
INFO: [ app_begin ] --START--
INFO: Run Behavior\ReadHtmlCacheBehavior [ RunTime:0.000000s ]
INFO: [ app_begin ] --END-- [ RunTime:0.000000s ]
SQL: SHOW COLUMNS FROM `ecm_member` [ RunTime:0.000000s ]
SQL: SELECT COUNT(*) AS tp_count FROM `ecm_member` WHERE `user_id` > 4474 AND `fenxiaoshang_userid` = '6554361541647944' LIMIT 1   [ RunTime:0.031250s ]
SQL: SELECT COUNT(*) AS tp_count FROM `ecm_member` WHERE ( regtime >= '1542816000' and user_id >4474 and fenxiaoshang_userid = 6554361541647944 ) LIMIT 1   [ RunTime:0.015625s ]
SQL: SELECT COUNT(*) AS tp_count FROM `ecm_member` WHERE ( regtime >= '1542729600' and user_id >4474 and fenxiaoshang_userid = 6554361541647944 ) LIMIT 1   [ RunTime:0.015624s ]
SQL: SELECT COUNT(*) AS tp_count FROM `ecm_member` WHERE ( regtime >= '1542729600' and user_id >4474 and fenxiaoshang_userid = 6554361541647944 ) LIMIT 1   [ RunTime:0.031250s ]
SQL: SELECT COUNT(*) AS tp_count FROM `ecm_member` WHERE ( regtime >= '1540137600' and user_id >4474 and fenxiaoshang_userid = 6554361541647944 ) LIMIT 1   [ RunTime:0.015625s ]
SQL: SELECT COUNT(*) AS tp_count FROM `ecm_member` WHERE `position_type` = 1 AND `fenxiaoshang_userid` = '6554361541647944' LIMIT 1   [ RunTime:0.015625s ]
INFO: [ view_parse ] --START--
INFO: [ template_filter ] --START--
INFO: Run Behavior\ContentReplaceBehavior [ RunTime:0.000000s ]
INFO: [ template_filter ] --END-- [ RunTime:0.000000s ]
INFO: Run Behavior\ParseTemplateBehavior [ RunTime:0.015625s ]
INFO: [ view_parse ] --END-- [ RunTime:0.015625s ]
INFO: [ view_filter ] --START--
INFO: Run Behavior\WriteHtmlCacheBehavior [ RunTime:0.000000s ]
INFO: [ view_filter ] --END-- [ RunTime:0.000000s ]
INFO: [ app_end ] --START--
INFO: Run Behavior\ShowPageTraceBehavior [ RunTime:0.000000s ]
INFO: [ app_end ] --END-- [ RunTime:0.000000s ]

[ 2018-11-22T14:17:46+08:00 ] 218.20.5.244 /index.php/Admin/Headline/index_cls.html
INFO: [ app_init ] --START--
INFO: Run Behavior\BuildLiteBehavior [ RunTime:0.000000s ]
INFO: [ app_init ] --END-- [ RunTime:0.000000s ]
NOTIC: [8] Use of undefined constant URL_MODEL - assumed 'URL_MODEL' D:\wwwroot\wgcadmin_22fqiz\web\Application\Admin\Conf\config.php 第 4 行.
INFO: [ app_begin ] --START--
INFO: Run Behavior\ReadHtmlCacheBehavior [ RunTime:0.000000s ]
INFO: [ app_begin ] --END-- [ RunTime:0.000000s ]
SQL: SHOW COLUMNS FROM `ecm_chanpingtuijian` [ RunTime:0.000000s ]
SQL: SELECT COUNT(*) AS tp_count FROM `ecm_chanpingtuijian` WHERE `fenxiaoshang_userid` = '6554361541647944' LIMIT 1   [ RunTime:0.000000s ]
SQL: SELECT * FROM `ecm_chanpingtuijian` WHERE `fenxiaoshang_userid` = '6554361541647944' ORDER BY times desc LIMIT 0,200   [ RunTime:0.000000s ]
INFO: [ view_parse ] --START--
NOTIC: [8] Undefined offset: 1 D:\wwwroot\wgcadmin_22fqiz\web\ThinkPHP\Library\Think\Template.class.php 第 523 行.
INFO: [ template_filter ] --START--
INFO: Run Behavior\ContentReplaceBehavior [ RunTime:0.000000s ]
INFO: [ template_filter ] --END-- [ RunTime:0.000000s ]
INFO: Run Behavior\ParseTemplateBehavior [ RunTime:0.015625s ]
INFO: [ view_parse ] --END-- [ RunTime:0.015625s ]
INFO: [ view_filter ] --START--
INFO: Run Behavior\WriteHtmlCacheBehavior [ RunTime:0.000000s ]
INFO: [ view_filter ] --END-- [ RunTime:0.000000s ]
INFO: [ app_end ] --START--
INFO: Run Behavior\ShowPageTraceBehavior [ RunTime:0.000000s ]
INFO: [ app_end ] --END-- [ RunTime:0.000000s ]

[ 2018-11-22T14:17:49+08:00 ] 218.20.5.244 /index.php/Admin/Headline/adds_cls
INFO: [ app_init ] --START--
INFO: Run Behavior\BuildLiteBehavior [ RunTime:0.000000s ]
INFO: [ app_init ] --END-- [ RunTime:0.000000s ]
NOTIC: [8] Use of undefined constant URL_MODEL - assumed 'URL_MODEL' D:\wwwroot\wgcadmin_22fqiz\web\Application\Admin\Conf\config.php 第 4 行.
INFO: [ app_begin ] --START--
INFO: Run Behavior\ReadHtmlCacheBehavior [ RunTime:0.000000s ]
INFO: [ app_begin ] --END-- [ RunTime:0.000000s ]
INFO: [ view_parse ] --START--
INFO: [ template_filter ] --START--
INFO: Run Behavior\ContentReplaceBehavior [ RunTime:0.000000s ]
INFO: [ template_filter ] --END-- [ RunTime:0.000000s ]
INFO: Run Behavior\ParseTemplateBehavior [ RunTime:0.015625s ]
INFO: [ view_parse ] --END-- [ RunTime:0.015625s ]
INFO: [ view_filter ] --START--
INFO: Run Behavior\WriteHtmlCacheBehavior [ RunTime:0.000000s ]
INFO: [ view_filter ] --END-- [ RunTime:0.000000s ]
INFO: [ app_end ] --START--
INFO: Run Behavior\ShowPageTraceBehavior [ RunTime:0.000000s ]
INFO: [ app_end ] --END-- [ RunTime:0.000000s ]

[ 2018-11-22T14:18:28+08:00 ] 218.20.5.244 /index.php/Admin/Headline/addForms_cls
INFO: [ app_init ] --START--
INFO: Run Behavior\BuildLiteBehavior [ RunTime:0.000000s ]
INFO: [ app_init ] --END-- [ RunTime:0.000000s ]
NOTIC: [8] Use of undefined constant URL_MODEL - assumed 'URL_MODEL' D:\wwwroot\wgcadmin_22fqiz\web\Application\Admin\Conf\config.php 第 4 行.
INFO: [ app_begin ] --START--
INFO: Run Behavior\ReadHtmlCacheBehavior [ RunTime:0.000000s ]
INFO: [ app_begin ] --END-- [ RunTime:0.000000s ]
NOTIC: [2] call_user_func() expects parameter 1 to be a valid callback, no array or string given D:\wwwroot\wgcadmin_22fqiz\web\ThinkPHP\Library\Think\Upload.class.php 第 170 行.
SQL: SHOW COLUMNS FROM `ecm_chanpingtuijian` [ RunTime:0.000000s ]
SQL: INSERT INTO `ecm_chanpingtuijian` (`content`,`pic`,`describe`,`type`,`laiyuan`,`province`,`city`,`district`,`kehu`,`times`,`m_name`,`shopname`,`shopaddress`,`price`,`tel`,`fenxiaoshang_userid`) VALUES ('&lt;p style=&quot;text-align: center;&quot;&gt;&lt;img src=&quot;http://wgcmanage.59jiaju.com/ueditor/php/upload/image/20181122/1542867505138205.jpg&quot; title=&quot;1542867505138205.jpg&quot; alt=&quot;service.jpg&quot;/&gt;&lt;/p&gt;','/Uploads/2018-11-22/5bf64a342896c.jpg','2','57','微工程','天津市','市辖区','和平区','材料商',1542867508,'2','2','2','2','2','6554361541647944') [ RunTime:0.000000s ]

[ 2018-11-22T14:18:28+08:00 ] 218.20.5.244 /index.php/Admin/Headline/index_cls.html
INFO: [ app_init ] --START--
INFO: Run Behavior\BuildLiteBehavior [ RunTime:0.000000s ]
INFO: [ app_init ] --END-- [ RunTime:0.000000s ]
NOTIC: [8] Use of undefined constant URL_MODEL - assumed 'URL_MODEL' D:\wwwroot\wgcadmin_22fqiz\web\Application\Admin\Conf\config.php 第 4 行.
INFO: [ app_begin ] --START--
INFO: Run Behavior\ReadHtmlCacheBehavior [ RunTime:0.000000s ]
INFO: [ app_begin ] --END-- [ RunTime:0.000000s ]
SQL: SHOW COLUMNS FROM `ecm_chanpingtuijian` [ RunTime:0.015625s ]
SQL: SELECT COUNT(*) AS tp_count FROM `ecm_chanpingtuijian` WHERE `fenxiaoshang_userid` = '6554361541647944' LIMIT 1   [ RunTime:0.000000s ]
SQL: SELECT * FROM `ecm_chanpingtuijian` WHERE `fenxiaoshang_userid` = '6554361541647944' ORDER BY times desc LIMIT 0,200   [ RunTime:0.000000s ]
INFO: [ view_parse ] --START--
NOTIC: [8] Undefined offset: 1 D:\wwwroot\wgcadmin_22fqiz\web\ThinkPHP\Library\Think\Template.class.php 第 523 行.
INFO: [ template_filter ] --START--
INFO: Run Behavior\ContentReplaceBehavior [ RunTime:0.000000s ]
INFO: [ template_filter ] --END-- [ RunTime:0.000000s ]
INFO: Run Behavior\ParseTemplateBehavior [ RunTime:0.000000s ]
INFO: [ view_parse ] --END-- [ RunTime:0.000000s ]
INFO: [ view_filter ] --START--
INFO: Run Behavior\WriteHtmlCacheBehavior [ RunTime:0.000000s ]
INFO: [ view_filter ] --END-- [ RunTime:0.000000s ]
INFO: [ app_end ] --START--
INFO: Run Behavior\ShowPageTraceBehavior [ RunTime:0.015625s ]
INFO: [ app_end ] --END-- [ RunTime:0.015625s ]

[ 2018-11-22T14:24:02+08:00 ] 218.20.5.244 /index.php/Admin/Headline/del_cls.html
INFO: [ app_init ] --START--
INFO: Run Behavior\BuildLiteBehavior [ RunTime:0.000000s ]
INFO: [ app_init ] --END-- [ RunTime:0.000000s ]
NOTIC: [8] Use of undefined constant URL_MODEL - assumed 'URL_MODEL' D:\wwwroot\wgcadmin_22fqiz\web\Application\Admin\Conf\config.php 第 4 行.
INFO: [ app_begin ] --START--
INFO: Run Behavior\ReadHtmlCacheBehavior [ RunTime:0.000000s ]
INFO: [ app_begin ] --END-- [ RunTime:0.000000s ]
SQL: SHOW COLUMNS FROM `ecm_chanpingtuijian` [ RunTime:0.015625s ]
SQL: DELETE FROM `ecm_chanpingtuijian` WHERE `id` = 4 [ RunTime:0.000000s ]

[ 2018-11-22T14:24:02+08:00 ] 218.20.5.244 /index.php/Admin/Headline/index_cls.html
INFO: [ app_init ] --START--
INFO: Run Behavior\BuildLiteBehavior [ RunTime:0.000000s ]
INFO: [ app_init ] --END-- [ RunTime:0.000000s ]
NOTIC: [8] Use of undefined constant URL_MODEL - assumed 'URL_MODEL' D:\wwwroot\wgcadmin_22fqiz\web\Application\Admin\Conf\config.php 第 4 行.
INFO: [ app_begin ] --START--
INFO: Run Behavior\ReadHtmlCacheBehavior [ RunTime:0.000000s ]
INFO: [ app_begin ] --END-- [ RunTime:0.000000s ]
SQL: SHOW COLUMNS FROM `ecm_chanpingtuijian` [ RunTime:0.000000s ]
SQL: SELECT COUNT(*) AS tp_count FROM `ecm_chanpingtuijian` WHERE `fenxiaoshang_userid` = '6554361541647944' LIMIT 1   [ RunTime:0.000000s ]
SQL: SELECT * FROM `ecm_chanpingtuijian` WHERE `fenxiaoshang_userid` = '6554361541647944' ORDER BY times desc LIMIT 0,200   [ RunTime:0.000000s ]
INFO: [ view_parse ] --START--
NOTIC: [8] Undefined offset: 1 D:\wwwroot\wgcadmin_22fqiz\web\ThinkPHP\Library\Think\Template.class.php 第 523 行.
INFO: [ template_filter ] --START--
INFO: Run Behavior\ContentReplaceBehavior [ RunTime:0.000000s ]
INFO: [ template_filter ] --END-- [ RunTime:0.000000s ]
INFO: Run Behavior\ParseTemplateBehavior [ RunTime:0.031250s ]
INFO: [ view_parse ] --END-- [ RunTime:0.031250s ]
INFO: [ view_filter ] --START--
INFO: Run Behavior\WriteHtmlCacheBehavior [ RunTime:0.000000s ]
INFO: [ view_filter ] --END-- [ RunTime:0.000000s ]
INFO: [ app_end ] --START--
INFO: Run Behavior\ShowPageTraceBehavior [ RunTime:0.000000s ]
INFO: [ app_end ] --END-- [ RunTime:0.000000s ]

[ 2018-11-22T14:32:01+08:00 ] 218.20.5.244 /index.php/Admin/Headline/index.html
INFO: [ app_init ] --START--
INFO: Run Behavior\BuildLiteBehavior [ RunTime:0.000000s ]
INFO: [ app_init ] --END-- [ RunTime:0.000000s ]
NOTIC: [8] Use of undefined constant URL_MODEL - assumed 'URL_MODEL' D:\wwwroot\wgcadmin_22fqiz\web\Application\Admin\Conf\config.php 第 4 行.
INFO: [ app_begin ] --START--
INFO: Run Behavior\ReadHtmlCacheBehavior [ RunTime:0.000000s ]
INFO: [ app_begin ] --END-- [ RunTime:0.000000s ]
SQL: SHOW COLUMNS FROM `ecm_advertisement` [ RunTime:0.000000s ]
SQL: SELECT COUNT(*) AS tp_count FROM `ecm_advertisement` WHERE `fenxiaoshang_userid` = '6554361541647944' LIMIT 1   [ RunTime:0.000000s ]
SQL: SELECT * FROM `ecm_advertisement` WHERE `fenxiaoshang_userid` = '6554361541647944' ORDER BY times desc LIMIT 0,200   [ RunTime:0.015625s ]
INFO: [ view_parse ] --START--
NOTIC: [8] Undefined offset: 1 D:\wwwroot\wgcadmin_22fqiz\web\ThinkPHP\Library\Think\Template.class.php 第 523 行.
INFO: [ template_filter ] --START--
INFO: Run Behavior\ContentReplaceBehavior [ RunTime:0.000000s ]
INFO: [ template_filter ] --END-- [ RunTime:0.000000s ]
INFO: Run Behavior\ParseTemplateBehavior [ RunTime:0.015625s ]
INFO: [ view_parse ] --END-- [ RunTime:0.015625s ]
INFO: [ view_filter ] --START--
INFO: Run Behavior\WriteHtmlCacheBehavior [ RunTime:0.000000s ]
INFO: [ view_filter ] --END-- [ RunTime:0.000000s ]
INFO: [ app_end ] --START--
INFO: Run Behavior\ShowPageTraceBehavior [ RunTime:0.000000s ]
INFO: [ app_end ] --END-- [ RunTime:0.000000s ]

[ 2018-11-22T14:32:02+08:00 ] 218.20.5.244 /index.php/Admin/Headline/adds
INFO: [ app_init ] --START--
INFO: Run Behavior\BuildLiteBehavior [ RunTime:0.000000s ]
INFO: [ app_init ] --END-- [ RunTime:0.000000s ]
NOTIC: [8] Use of undefined constant URL_MODEL - assumed 'URL_MODEL' D:\wwwroot\wgcadmin_22fqiz\web\Application\Admin\Conf\config.php 第 4 行.
INFO: [ app_begin ] --START--
INFO: Run Behavior\ReadHtmlCacheBehavior [ RunTime:0.000000s ]
INFO: [ app_begin ] --END-- [ RunTime:0.000000s ]
INFO: [ view_parse ] --START--
INFO: [ template_filter ] --START--
INFO: Run Behavior\ContentReplaceBehavior [ RunTime:0.000000s ]
INFO: [ template_filter ] --END-- [ RunTime:0.000000s ]
INFO: Run Behavior\ParseTemplateBehavior [ RunTime:0.000000s ]
INFO: [ view_parse ] --END-- [ RunTime:0.000000s ]
INFO: [ view_filter ] --START--
INFO: Run Behavior\WriteHtmlCacheBehavior [ RunTime:0.000000s ]
INFO: [ view_filter ] --END-- [ RunTime:0.000000s ]
INFO: [ app_end ] --START--
INFO: Run Behavior\ShowPageTraceBehavior [ RunTime:0.000000s ]
INFO: [ app_end ] --END-- [ RunTime:0.000000s ]

[ 2018-11-22T14:32:24+08:00 ] 218.20.5.244 /index.php/Admin/Headline/addForms
INFO: [ app_init ] --START--
INFO: Run Behavior\BuildLiteBehavior [ RunTime:0.000000s ]
INFO: [ app_init ] --END-- [ RunTime:0.000000s ]
NOTIC: [8] Use of undefined constant URL_MODEL - assumed 'URL_MODEL' D:\wwwroot\wgcadmin_22fqiz\web\Application\Admin\Conf\config.php 第 4 行.
INFO: [ app_begin ] --START--
INFO: Run Behavior\ReadHtmlCacheBehavior [ RunTime:0.000000s ]
INFO: [ app_begin ] --END-- [ RunTime:0.000000s ]
NOTIC: [2] call_user_func() expects parameter 1 to be a valid callback, no array or string given D:\wwwroot\wgcadmin_22fqiz\web\ThinkPHP\Library\Think\Upload.class.php 第 170 行.
SQL: SHOW COLUMNS FROM `ecm_advertisement` [ RunTime:0.015625s ]
SQL: INSERT INTO `ecm_advertisement` (`title`,`content`,`pic`,`describe`,`type`,`laiyuan`,`province`,`city`,`district`,`kehu`,`times`,`fenxiaoshang_userid`) VALUES ('123','&lt;p&gt;&lt;img src=&quot;http://wgcmanage.59jiaju.com/ueditor/php/upload/image/20181122/1542868340750130.jpg&quot; title=&quot;1542868340750130.jpg&quot; alt=&quot;xiangce.jpg&quot;/&gt;&lt;/p&gt;','/Uploads/2018-11-22/5bf64d784756a.jpg','123','55','微工程','内蒙古自治区','呼和浩特市','市辖区','材料商',1542868344,'6554361541647944') [ RunTime:0.000000s ]

[ 2018-11-22T14:32:24+08:00 ] 218.20.5.244 /index.php/Admin/Headline/index.html
INFO: [ app_init ] --START--
INFO: Run Behavior\BuildLiteBehavior [ RunTime:0.000000s ]
INFO: [ app_init ] --END-- [ RunTime:0.000000s ]
NOTIC: [8] Use of undefined constant URL_MODEL - assumed 'URL_MODEL' D:\wwwroot\wgcadmin_22fqiz\web\Application\Admin\Conf\config.php 第 4 行.
INFO: [ app_begin ] --START--
INFO: Run Behavior\ReadHtmlCacheBehavior [ RunTime:0.000000s ]
INFO: [ app_begin ] --END-- [ RunTime:0.000000s ]
SQL: SHOW COLUMNS FROM `ecm_advertisement` [ RunTime:0.000000s ]
SQL: SELECT COUNT(*) AS tp_count FROM `ecm_advertisement` WHERE `fenxiaoshang_userid` = '6554361541647944' LIMIT 1   [ RunTime:0.000000s ]
SQL: SELECT * FROM `ecm_advertisement` WHERE `fenxiaoshang_userid` = '6554361541647944' ORDER BY times desc LIMIT 0,200   [ RunTime:0.000000s ]
INFO: [ view_parse ] --START--
NOTIC: [8] Undefined offset: 1 D:\wwwroot\wgcadmin_22fqiz\web\ThinkPHP\Library\Think\Template.class.php 第 523 行.
INFO: [ template_filter ] --START--
INFO: Run Behavior\ContentReplaceBehavior [ RunTime:0.000000s ]
INFO: [ template_filter ] --END-- [ RunTime:0.000000s ]
INFO: Run Behavior\ParseTemplateBehavior [ RunTime:0.015625s ]
INFO: [ view_parse ] --END-- [ RunTime:0.015625s ]
INFO: [ view_filter ] --START--
INFO: Run Behavior\WriteHtmlCacheBehavior [ RunTime:0.000000s ]
INFO: [ view_filter ] --END-- [ RunTime:0.000000s ]
INFO: [ app_end ] --START--
INFO: Run Behavior\ShowPageTraceBehavior [ RunTime:0.000000s ]
INFO: [ app_end ] --END-- [ RunTime:0.000000s ]

[ 2018-11-22T14:32:27+08:00 ] 218.20.5.244 /index.php/Admin/Headline/adds
INFO: [ app_init ] --START--
INFO: Run Behavior\BuildLiteBehavior [ RunTime:0.000000s ]
INFO: [ app_init ] --END-- [ RunTime:0.000000s ]
NOTIC: [8] Use of undefined constant URL_MODEL - assumed 'URL_MODEL' D:\wwwroot\wgcadmin_22fqiz\web\Application\Admin\Conf\config.php 第 4 行.
INFO: [ app_begin ] --START--
INFO: Run Behavior\ReadHtmlCacheBehavior [ RunTime:0.000000s ]
INFO: [ app_begin ] --END-- [ RunTime:0.000000s ]
INFO: [ view_parse ] --START--
INFO: [ template_filter ] --START--
INFO: Run Behavior\ContentReplaceBehavior [ RunTime:0.000000s ]
INFO: [ template_filter ] --END-- [ RunTime:0.000000s ]
INFO: Run Behavior\ParseTemplateBehavior [ RunTime:0.015625s ]
INFO: [ view_parse ] --END-- [ RunTime:0.015625s ]
INFO: [ view_filter ] --START--
INFO: Run Behavior\WriteHtmlCacheBehavior [ RunTime:0.000000s ]
INFO: [ view_filter ] --END-- [ RunTime:0.000000s ]
INFO: [ app_end ] --START--
INFO: Run Behavior\ShowPageTraceBehavior [ RunTime:0.000000s ]
INFO: [ app_end ] --END-- [ RunTime:0.000000s ]

[ 2018-11-22T14:32:45+08:00 ] 218.20.5.244 /index.php/Admin/Headline/addForms
INFO: [ app_init ] --START--
INFO: Run Behavior\BuildLiteBehavior [ RunTime:0.000000s ]
INFO: [ app_init ] --END-- [ RunTime:0.000000s ]
NOTIC: [8] Use of undefined constant URL_MODEL - assumed 'URL_MODEL' D:\wwwroot\wgcadmin_22fqiz\web\Application\Admin\Conf\config.php 第 4 行.
INFO: [ app_begin ] --START--
INFO: Run Behavior\ReadHtmlCacheBehavior [ RunTime:0.000000s ]
INFO: [ app_begin ] --END-- [ RunTime:0.000000s ]
NOTIC: [2] call_user_func() expects parameter 1 to be a valid callback, no array or string given D:\wwwroot\wgcadmin_22fqiz\web\ThinkPHP\Library\Think\Upload.class.php 第 170 行.
SQL: SHOW COLUMNS FROM `ecm_advertisement` [ RunTime:0.000000s ]
SQL: INSERT INTO `ecm_advertisement` (`title`,`content`,`pic`,`describe`,`type`,`laiyuan`,`province`,`city`,`district`,`kehu`,`times`,`fenxiaoshang_userid`) VALUES ('广州益膳房餐厅精装修设计效果图','&lt;p style=&quot;text-align: center;&quot;&gt;&lt;img src=&quot;http://wgcmanage.59jiaju.com/ueditor/php/upload/image/20181122/1542868363131956.jpg&quot; title=&quot;1542868363131956.jpg&quot; alt=&quot;pingguoban.jpg&quot;/&gt;&lt;/p&gt;','/Uploads/2018-11-22/5bf64d8daa8dd.jpg','然后一起去东京和巴黎','54','微工程','吉林省','长春市','市辖区','材料商',1542868365,'6554361541647944') [ RunTime:0.000000s ]

[ 2018-11-22T14:32:45+08:00 ] 218.20.5.244 /index.php/Admin/Headline/index.html
INFO: [ app_init ] --START--
INFO: Run Behavior\BuildLiteBehavior [ RunTime:0.000000s ]
INFO: [ app_init ] --END-- [ RunTime:0.000000s ]
NOTIC: [8] Use of undefined constant URL_MODEL - assumed 'URL_MODEL' D:\wwwroot\wgcadmin_22fqiz\web\Application\Admin\Conf\config.php 第 4 行.
INFO: [ app_begin ] --START--
INFO: Run Behavior\ReadHtmlCacheBehavior [ RunTime:0.000000s ]
INFO: [ app_begin ] --END-- [ RunTime:0.000000s ]
SQL: SHOW COLUMNS FROM `ecm_advertisement` [ RunTime:0.000000s ]
SQL: SELECT COUNT(*) AS tp_count FROM `ecm_advertisement` WHERE `fenxiaoshang_userid` = '6554361541647944' LIMIT 1   [ RunTime:0.000000s ]
SQL: SELECT * FROM `ecm_advertisement` WHERE `fenxiaoshang_userid` = '6554361541647944' ORDER BY times desc LIMIT 0,200   [ RunTime:0.015625s ]
INFO: [ view_parse ] --START--
NOTIC: [8] Undefined offset: 1 D:\wwwroot\wgcadmin_22fqiz\web\ThinkPHP\Library\Think\Template.class.php 第 523 行.
INFO: [ template_filter ] --START--
INFO: Run Behavior\ContentReplaceBehavior [ RunTime:0.000000s ]
INFO: [ template_filter ] --END-- [ RunTime:0.000000s ]
INFO: Run Behavior\ParseTemplateBehavior [ RunTime:0.015625s ]
INFO: [ view_parse ] --END-- [ RunTime:0.015625s ]
INFO: [ view_filter ] --START--
INFO: Run Behavior\WriteHtmlCacheBehavior [ RunTime:0.000000s ]
INFO: [ view_filter ] --END-- [ RunTime:0.000000s ]
INFO: [ app_end ] --START--
INFO: Run Behavior\ShowPageTraceBehavior [ RunTime:0.000000s ]
INFO: [ app_end ] --END-- [ RunTime:0.000000s ]

[ 2018-11-22T14:34:02+08:00 ] 218.20.5.244 /index.php/Admin/Headline/del.html
INFO: [ app_init ] --START--
INFO: Run Behavior\BuildLiteBehavior [ RunTime:0.000000s ]
INFO: [ app_init ] --END-- [ RunTime:0.000000s ]
NOTIC: [8] Use of undefined constant URL_MODEL - assumed 'URL_MODEL' D:\wwwroot\wgcadmin_22fqiz\web\Application\Admin\Conf\config.php 第 4 行.
INFO: [ app_begin ] --START--
INFO: Run Behavior\ReadHtmlCacheBehavior [ RunTime:0.000000s ]
INFO: [ app_begin ] --END-- [ RunTime:0.000000s ]
SQL: SHOW COLUMNS FROM `ecm_advertisement` [ RunTime:0.000000s ]
SQL: DELETE FROM `ecm_advertisement` WHERE `id` = 1260 [ RunTime:0.000000s ]

[ 2018-11-22T14:34:02+08:00 ] 218.20.5.244 /index.php/Admin/Headline/index.html
INFO: [ app_init ] --START--
INFO: Run Behavior\BuildLiteBehavior [ RunTime:0.000000s ]
INFO: [ app_init ] --END-- [ RunTime:0.000000s ]
NOTIC: [8] Use of undefined constant URL_MODEL - assumed 'URL_MODEL' D:\wwwroot\wgcadmin_22fqiz\web\Application\Admin\Conf\config.php 第 4 行.
INFO: [ app_begin ] --START--
INFO: Run Behavior\ReadHtmlCacheBehavior [ RunTime:0.000000s ]
INFO: [ app_begin ] --END-- [ RunTime:0.000000s ]
SQL: SHOW COLUMNS FROM `ecm_advertisement` [ RunTime:0.000000s ]
SQL: SELECT COUNT(*) AS tp_count FROM `ecm_advertisement` WHERE `fenxiaoshang_userid` = '6554361541647944' LIMIT 1   [ RunTime:0.000000s ]
SQL: SELECT * FROM `ecm_advertisement` WHERE `fenxiaoshang_userid` = '6554361541647944' ORDER BY times desc LIMIT 0,200   [ RunTime:0.000000s ]
INFO: [ view_parse ] --START--
NOTIC: [8] Undefined offset: 1 D:\wwwroot\wgcadmin_22fqiz\web\ThinkPHP\Library\Think\Template.class.php 第 523 行.
INFO: [ template_filter ] --START--
INFO: Run Behavior\ContentReplaceBehavior [ RunTime:0.000000s ]
INFO: [ template_filter ] --END-- [ RunTime:0.000000s ]
INFO: Run Behavior\ParseTemplateBehavior [ RunTime:0.015625s ]
INFO: [ view_parse ] --END-- [ RunTime:0.015625s ]
INFO: [ view_filter ] --START--
INFO: Run Behavior\WriteHtmlCacheBehavior [ RunTime:0.000000s ]
INFO: [ view_filter ] --END-- [ RunTime:0.000000s ]
INFO: [ app_end ] --START--
INFO: Run Behavior\ShowPageTraceBehavior [ RunTime:0.000000s ]
INFO: [ app_end ] --END-- [ RunTime:0.000000s ]

[ 2018-11-22T14:34:05+08:00 ] 218.20.5.244 /index.php/Admin/Headline/del.html
INFO: [ app_init ] --START--
INFO: Run Behavior\BuildLiteBehavior [ RunTime:0.000000s ]
INFO: [ app_init ] --END-- [ RunTime:0.000000s ]
NOTIC: [8] Use of undefined constant URL_MODEL - assumed 'URL_MODEL' D:\wwwroot\wgcadmin_22fqiz\web\Application\Admin\Conf\config.php 第 4 行.
INFO: [ app_begin ] --START--
INFO: Run Behavior\ReadHtmlCacheBehavior [ RunTime:0.000000s ]
INFO: [ app_begin ] --END-- [ RunTime:0.000000s ]
SQL: SHOW COLUMNS FROM `ecm_advertisement` [ RunTime:0.000000s ]
SQL: DELETE FROM `ecm_advertisement` WHERE `id` = 1259 [ RunTime:0.000000s ]

[ 2018-11-22T14:34:05+08:00 ] 218.20.5.244 /index.php/Admin/Headline/index.html
INFO: [ app_init ] --START--
INFO: Run Behavior\BuildLiteBehavior [ RunTime:0.000000s ]
INFO: [ app_init ] --END-- [ RunTime:0.000000s ]
NOTIC: [8] Use of undefined constant URL_MODEL - assumed 'URL_MODEL' D:\wwwroot\wgcadmin_22fqiz\web\Application\Admin\Conf\config.php 第 4 行.
INFO: [ app_begin ] --START--
INFO: Run Behavior\ReadHtmlCacheBehavior [ RunTime:0.015625s ]
INFO: [ app_begin ] --END-- [ RunTime:0.015625s ]
SQL: SHOW COLUMNS FROM `ecm_advertisement` [ RunTime:0.000000s ]
SQL: SELECT COUNT(*) AS tp_count FROM `ecm_advertisement` WHERE `fenxiaoshang_userid` = '6554361541647944' LIMIT 1   [ RunTime:0.015625s ]
SQL: SELECT * FROM `ecm_advertisement` WHERE `fenxiaoshang_userid` = '6554361541647944' ORDER BY times desc LIMIT 0,200   [ RunTime:0.000000s ]
INFO: [ view_parse ] --START--
NOTIC: [8] Undefined offset: 1 D:\wwwroot\wgcadmin_22fqiz\web\ThinkPHP\Library\Think\Template.class.php 第 523 行.
INFO: [ template_filter ] --START--
INFO: Run Behavior\ContentReplaceBehavior [ RunTime:0.000000s ]
INFO: [ template_filter ] --END-- [ RunTime:0.000000s ]
INFO: Run Behavior\ParseTemplateBehavior [ RunTime:0.015625s ]
INFO: [ view_parse ] --END-- [ RunTime:0.015625s ]
INFO: [ view_filter ] --START--
INFO: Run Behavior\WriteHtmlCacheBehavior [ RunTime:0.000000s ]
INFO: [ view_filter ] --END-- [ RunTime:0.000000s ]
INFO: [ app_end ] --START--
INFO: Run Behavior\ShowPageTraceBehavior [ RunTime:0.000000s ]
INFO: [ app_end ] --END-- [ RunTime:0.000000s ]

[ 2018-11-22T16:20:10+08:00 ] 218.20.5.244 /index.php/Admin/Index/index.html
INFO: [ app_init ] --START--
INFO: Run Behavior\BuildLiteBehavior [ RunTime:0.000000s ]
INFO: [ app_init ] --END-- [ RunTime:0.000000s ]
NOTIC: [8] Use of undefined constant URL_MODEL - assumed 'URL_MODEL' D:\wwwroot\wgcadmin_22fqiz\web\Application\Admin\Conf\config.php 第 4 行.
INFO: [ app_begin ] --START--
INFO: Run Behavior\ReadHtmlCacheBehavior [ RunTime:0.000000s ]
INFO: [ app_begin ] --END-- [ RunTime:0.000000s ]

[ 2018-11-22T16:20:11+08:00 ] 218.20.5.244 /index.php/Admin/Admin/login.html
INFO: [ app_init ] --START--
INFO: Run Behavior\BuildLiteBehavior [ RunTime:0.000000s ]
INFO: [ app_init ] --END-- [ RunTime:0.000000s ]
NOTIC: [8] Use of undefined constant URL_MODEL - assumed 'URL_MODEL' D:\wwwroot\wgcadmin_22fqiz\web\Application\Admin\Conf\config.php 第 4 行.
INFO: [ app_begin ] --START--
INFO: Run Behavior\ReadHtmlCacheBehavior [ RunTime:0.000000s ]
INFO: [ app_begin ] --END-- [ RunTime:0.000000s ]
INFO: [ view_parse ] --START--
INFO: [ template_filter ] --START--
INFO: Run Behavior\ContentReplaceBehavior [ RunTime:0.000000s ]
INFO: [ template_filter ] --END-- [ RunTime:0.000000s ]
NOTIC: [8] Undefined variable: think D:\wwwroot\wgcadmin_22fqiz\web\Application\Runtime\Cache\Admin\2275611bb46a2a49189a5a4b00fcf970.php 第 64 行.
NOTIC: [8] Undefined variable: think D:\wwwroot\wgcadmin_22fqiz\web\Application\Runtime\Cache\Admin\2275611bb46a2a49189a5a4b00fcf970.php 第 69 行.
INFO: Run Behavior\ParseTemplateBehavior [ RunTime:0.015625s ]
INFO: [ view_parse ] --END-- [ RunTime:0.015625s ]
INFO: [ view_filter ] --START--
INFO: Run Behavior\WriteHtmlCacheBehavior [ RunTime:0.000000s ]
INFO: [ view_filter ] --END-- [ RunTime:0.000000s ]
INFO: [ app_end ] --START--
INFO: Run Behavior\ShowPageTraceBehavior [ RunTime:0.000000s ]
INFO: [ app_end ] --END-- [ RunTime:0.000000s ]

[ 2018-11-22T16:22:38+08:00 ] 218.20.5.244 /index.php/Admin/Index/index.html
INFO: [ app_init ] --START--
INFO: Run Behavior\BuildLiteBehavior [ RunTime:0.000000s ]
INFO: [ app_init ] --END-- [ RunTime:0.000000s ]
NOTIC: [8] Use of undefined constant URL_MODEL - assumed 'URL_MODEL' D:\wwwroot\wgcadmin_22fqiz\web\Application\Admin\Conf\config.php 第 4 行.
INFO: [ app_begin ] --START--
INFO: Run Behavior\ReadHtmlCacheBehavior [ RunTime:0.000000s ]
INFO: [ app_begin ] --END-- [ RunTime:0.000000s ]

[ 2018-11-22T16:22:40+08:00 ] 218.20.5.244 /index.php/Admin/Admin/login.html
INFO: [ app_init ] --START--
INFO: Run Behavior\BuildLiteBehavior [ RunTime:0.000000s ]
INFO: [ app_init ] --END-- [ RunTime:0.000000s ]
NOTIC: [8] Use of undefined constant URL_MODEL - assumed 'URL_MODEL' D:\wwwroot\wgcadmin_22fqiz\web\Application\Admin\Conf\config.php 第 4 行.
INFO: [ app_begin ] --START--
INFO: Run Behavior\ReadHtmlCacheBehavior [ RunTime:0.015625s ]
INFO: [ app_begin ] --END-- [ RunTime:0.015625s ]
INFO: [ view_parse ] --START--
INFO: [ template_filter ] --START--
INFO: Run Behavior\ContentReplaceBehavior [ RunTime:0.000000s ]
INFO: [ template_filter ] --END-- [ RunTime:0.000000s ]
NOTIC: [8] Undefined variable: think D:\wwwroot\wgcadmin_22fqiz\web\Application\Runtime\Cache\Admin\2275611bb46a2a49189a5a4b00fcf970.php 第 64 行.
NOTIC: [8] Undefined variable: think D:\wwwroot\wgcadmin_22fqiz\web\Application\Runtime\Cache\Admin\2275611bb46a2a49189a5a4b00fcf970.php 第 69 行.
INFO: Run Behavior\ParseTemplateBehavior [ RunTime:0.000000s ]
INFO: [ view_parse ] --END-- [ RunTime:0.000000s ]
INFO: [ view_filter ] --START--
INFO: Run Behavior\WriteHtmlCacheBehavior [ RunTime:0.000000s ]
INFO: [ view_filter ] --END-- [ RunTime:0.000000s ]
INFO: [ app_end ] --START--
INFO: Run Behavior\ShowPageTraceBehavior [ RunTime:0.000000s ]
INFO: [ app_end ] --END-- [ RunTime:0.000000s ]

[ 2018-11-22T16:22:49+08:00 ] 218.20.5.244 /index.php/Admin/Admin/checkuser
INFO: [ app_init ] --START--
INFO: Run Behavior\BuildLiteBehavior [ RunTime:0.000000s ]
INFO: [ app_init ] --END-- [ RunTime:0.000000s ]
NOTIC: [8] Use of undefined constant URL_MODEL - assumed 'URL_MODEL' D:\wwwroot\wgcadmin_22fqiz\web\Application\Admin\Conf\config.php 第 4 行.
INFO: [ app_begin ] --START--
INFO: Run Behavior\ReadHtmlCacheBehavior [ RunTime:0.000000s ]
INFO: [ app_begin ] --END-- [ RunTime:0.000000s ]
SQL: SHOW COLUMNS FROM `ecm_member` [ RunTime:0.000000s ]
SQL: SHOW COLUMNS FROM `ecm_gongsi` [ RunTime:0.000000s ]
SQL: SELECT member.user_id AS user_id,member.fenxiaoshang AS fenxiaoshang,member.fenxiaoshang_name AS fenxiaoshang_name FROM ecm_member member LEFT JOIN ecm_gongsi gongsi ON member.user_id=gongsi.muid WHERE member.user_name = '10000' LIMIT 1   [ RunTime:0.000000s ]
SQL: SELECT `user_id` FROM `ecm_member` WHERE `user_name` = '10000' AND `password` = '83aaf4349db4d0c7c868de859710a53d' LIMIT 1   [ RunTime:0.000000s ]
SQL: SELECT `isadmin` FROM `ecm_member` WHERE `isadmin` = 1 AND `user_id` = 10000 LIMIT 1   [ RunTime:0.000000s ]
NOTIC: [8] A session had already been started - ignoring session_start() D:\wwwroot\wgcadmin_22fqiz\web\Application\Admin\Controller\AdminController.class.php 第 67 行.
SQL: SELECT m.user_id,m.roleid,m.user_name,m.kehu,m.fenxiaoshang_userid,m.userphoto,g.name,g.zhiwei,r.rolename,m.storeid FROM ecm_member m LEFT JOIN ecm_gongyingshang g ON m.user_id = g.user_id LEFT JOIN ecm_role r ON m.roleid = r.id  WHERE m.user_id = '10000' LIMIT 1   [ RunTime:0.000000s ]
SQL: SELECT `fenxiaoshang_name` FROM `ecm_member` WHERE `user_id` = 10000 LIMIT 1   [ RunTime:0.000000s ]
SQL: SELECT `fenxiaoshang_userid` FROM `ecm_member` WHERE `user_id` = 10000 LIMIT 1   [ RunTime:0.000000s ]
NOTIC: [8] Undefined variable: pwd D:\wwwroot\wgcadmin_22fqiz\web\Application\Admin\Controller\AdminController.class.php 第 72 行.

[ 2018-11-22T16:22:50+08:00 ] 218.20.5.244 /index.php/Admin/Index/index.html
INFO: [ app_init ] --START--
INFO: Run Behavior\BuildLiteBehavior [ RunTime:0.000000s ]
INFO: [ app_init ] --END-- [ RunTime:0.000000s ]
NOTIC: [8] Use of undefined constant URL_MODEL - assumed 'URL_MODEL' D:\wwwroot\wgcadmin_22fqiz\web\Application\Admin\Conf\config.php 第 4 行.
INFO: [ app_begin ] --START--
INFO: Run Behavior\ReadHtmlCacheBehavior [ RunTime:0.000000s ]
INFO: [ app_begin ] --END-- [ RunTime:0.000000s ]
NOTIC: [8] A session had already been started - ignoring session_start() D:\wwwroot\wgcadmin_22fqiz\web\Application\Admin\Controller\IndexController.class.php 第 7 行.
NOTIC: [8] A session had already been started - ignoring session_start() D:\wwwroot\wgcadmin_22fqiz\web\Application\Admin\Controller\CategoryController.class.php 第 129 行.
SQL: SHOW COLUMNS FROM `ecm_category` [ RunTime:0.000000s ]
SQL: SELECT `id`,`pid`,`catname`,`caticon`,`m`,`c`,`a`,`orderlist` FROM `ecm_category` WHERE `display` = 1 AND `storeid` = 'b65e2727ec76202a16d7fd77dfa8a2de'  [ RunTime:0.000000s ]
INFO: [ view_parse ] --START--
INFO: [ template_filter ] --START--
INFO: Run Behavior\ContentReplaceBehavior [ RunTime:0.000000s ]
INFO: [ template_filter ] --END-- [ RunTime:0.000000s ]
INFO: Run Behavior\ParseTemplateBehavior [ RunTime:0.015625s ]
INFO: [ view_parse ] --END-- [ RunTime:0.015625s ]
INFO: [ view_filter ] --START--
INFO: Run Behavior\WriteHtmlCacheBehavior [ RunTime:0.000000s ]
INFO: [ view_filter ] --END-- [ RunTime:0.000000s ]
INFO: [ app_end ] --START--
INFO: Run Behavior\ShowPageTraceBehavior [ RunTime:0.000000s ]
INFO: [ app_end ] --END-- [ RunTime:0.000000s ]

[ 2018-11-22T16:22:50+08:00 ] 218.20.5.244 /index.php/Admin/Index/welcome
INFO: [ app_init ] --START--
INFO: Run Behavior\BuildLiteBehavior [ RunTime:0.000000s ]
INFO: [ app_init ] --END-- [ RunTime:0.000000s ]
NOTIC: [8] Use of undefined constant URL_MODEL - assumed 'URL_MODEL' D:\wwwroot\wgcadmin_22fqiz\web\Application\Admin\Conf\config.php 第 4 行.
INFO: [ app_begin ] --START--
INFO: Run Behavior\ReadHtmlCacheBehavior [ RunTime:0.000000s ]
INFO: [ app_begin ] --END-- [ RunTime:0.000000s ]
SQL: SHOW COLUMNS FROM `ecm_member` [ RunTime:0.015625s ]
SQL: SELECT COUNT(*) AS tp_count FROM `ecm_member` WHERE `user_id` > 4474 LIMIT 1   [ RunTime:0.000000s ]
SQL: SELECT COUNT(*) AS tp_count FROM `ecm_member` WHERE `position_type` = 1 LIMIT 1   [ RunTime:0.000000s ]
NOTIC: [8] Undefined variable: jinri D:\wwwroot\wgcadmin_22fqiz\web\Application\Admin\Controller\IndexController.class.php 第 100 行.
NOTIC: [8] Undefined variable: zuori D:\wwwroot\wgcadmin_22fqiz\web\Application\Admin\Controller\IndexController.class.php 第 101 行.
NOTIC: [8] Undefined variable: benzhou D:\wwwroot\wgcadmin_22fqiz\web\Application\Admin\Controller\IndexController.class.php 第 102 行.
NOTIC: [8] Undefined variable: benyue D:\wwwroot\wgcadmin_22fqiz\web\Application\Admin\Controller\IndexController.class.php 第 103 行.
INFO: [ view_parse ] --START--
INFO: [ template_filter ] --START--
INFO: Run Behavior\ContentReplaceBehavior [ RunTime:0.000000s ]
INFO: [ template_filter ] --END-- [ RunTime:0.000000s ]
INFO: Run Behavior\ParseTemplateBehavior [ RunTime:0.000000s ]
INFO: [ view_parse ] --END-- [ RunTime:0.000000s ]
INFO: [ view_filter ] --START--
INFO: Run Behavior\WriteHtmlCacheBehavior [ RunTime:0.000000s ]
INFO: [ view_filter ] --END-- [ RunTime:0.000000s ]
INFO: [ app_end ] --START--
INFO: Run Behavior\ShowPageTraceBehavior [ RunTime:0.000000s ]
INFO: [ app_end ] --END-- [ RunTime:0.000000s ]

[ 2018-11-22T16:22:58+08:00 ] 218.20.5.244 /index.php/Admin/Fenxiangshang/listss.html
INFO: [ app_init ] --START--
INFO: Run Behavior\BuildLiteBehavior [ RunTime:0.000000s ]
INFO: [ app_init ] --END-- [ RunTime:0.000000s ]
NOTIC: [8] Use of undefined constant URL_MODEL - assumed 'URL_MODEL' D:\wwwroot\wgcadmin_22fqiz\web\Application\Admin\Conf\config.php 第 4 行.
INFO: [ app_begin ] --START--
INFO: Run Behavior\ReadHtmlCacheBehavior [ RunTime:0.000000s ]
INFO: [ app_begin ] --END-- [ RunTime:0.000000s ]
SQL: SHOW COLUMNS FROM `ecm_member` [ RunTime:0.000000s ]
SQL: SHOW COLUMNS FROM `ecm_gongyingshang` [ RunTime:0.015625s ]
SQL: SELECT COUNT(*) AS tp_count FROM ecm_member member LEFT JOIN ecm_gongyingshang gongyingshang ON member.user_id=gongyingshang.user_id WHERE member.fenxiaoshang = 1 AND gongyingshang.name <> '' LIMIT 1   [ RunTime:0.031250s ]
SQL: SELECT member.user_id AS user_id,member.user_name AS user_name,member.shenfen AS shenfen,member.shenfentype AS shenfentype,member.balance AS balance,member.userphoto AS userphoto,member.xiangxi AS xiangxi,member.regtime AS regtime,member.token AS token,member.fenxiaoshang AS fenxiaoshang,member.fenxiaoshang_name AS fenxiaoshang_name,member.fenxiaoshang_time AS fenxiaoshang_time,member.postion AS postion,member.type AS type,member.is_user AS is_user,member.pai AS pai,gongyingshang.name AS name,gongyingshang.sex AS sex,gongyingshang.bumen AS bumen,gongyingshang.nianling AS nianling,gongyingshang.huji AS huji,gongyingshang.zhiwei AS zhiwei,gongyingshang.user_id AS uid FROM ecm_member member LEFT JOIN ecm_gongyingshang gongyingshang ON member.user_id=gongyingshang.user_id WHERE member.fenxiaoshang = 1 AND gongyingshang.name <> '' ORDER BY member.user_id desc LIMIT 0,20   [ RunTime:0.031250s ]
INFO: [ view_parse ] --START--
NOTIC: [8] Undefined offset: 1 D:\wwwroot\wgcadmin_22fqiz\web\ThinkPHP\Library\Think\Template.class.php 第 523 行.
NOTIC: [8] Undefined offset: 1 D:\wwwroot\wgcadmin_22fqiz\web\ThinkPHP\Library\Think\Template.class.php 第 523 行.
INFO: [ template_filter ] --START--
INFO: Run Behavior\ContentReplaceBehavior [ RunTime:0.000000s ]
INFO: [ template_filter ] --END-- [ RunTime:0.000000s ]
INFO: Run Behavior\ParseTemplateBehavior [ RunTime:0.000000s ]
INFO: [ view_parse ] --END-- [ RunTime:0.000000s ]
INFO: [ view_filter ] --START--
INFO: Run Behavior\WriteHtmlCacheBehavior [ RunTime:0.000000s ]
INFO: [ view_filter ] --END-- [ RunTime:0.000000s ]
INFO: [ app_end ] --START--
INFO: Run Behavior\ShowPageTraceBehavior [ RunTime:0.015625s ]
INFO: [ app_end ] --END-- [ RunTime:0.015625s ]

[ 2018-11-22T16:23:03+08:00 ] 218.20.5.244 /index.php/Admin/Index/index.html
INFO: [ app_init ] --START--
INFO: Run Behavior\BuildLiteBehavior [ RunTime:0.000000s ]
INFO: [ app_init ] --END-- [ RunTime:0.015625s ]
NOTIC: [8] Use of undefined constant URL_MODEL - assumed 'URL_MODEL' D:\wwwroot\wgcadmin_22fqiz\web\Application\Admin\Conf\config.php 第 4 行.
INFO: [ app_begin ] --START--
INFO: Run Behavior\ReadHtmlCacheBehavior [ RunTime:0.000000s ]
INFO: [ app_begin ] --END-- [ RunTime:0.000000s ]
NOTIC: [8] A session had already been started - ignoring session_start() D:\wwwroot\wgcadmin_22fqiz\web\Application\Admin\Controller\IndexController.class.php 第 7 行.
NOTIC: [8] A session had already been started - ignoring session_start() D:\wwwroot\wgcadmin_22fqiz\web\Application\Admin\Controller\CategoryController.class.php 第 129 行.
SQL: SHOW COLUMNS FROM `ecm_category` [ RunTime:0.000000s ]
SQL: SELECT `id`,`pid`,`catname`,`caticon`,`m`,`c`,`a`,`orderlist` FROM `ecm_category` WHERE `display` = 1 AND `storeid` = 'b65e2727ec76202a16d7fd77dfa8a2de'  [ RunTime:0.015625s ]
INFO: [ view_parse ] --START--
INFO: [ template_filter ] --START--
INFO: Run Behavior\ContentReplaceBehavior [ RunTime:0.000000s ]
INFO: [ template_filter ] --END-- [ RunTime:0.000000s ]
INFO: Run Behavior\ParseTemplateBehavior [ RunTime:0.015625s ]
INFO: [ view_parse ] --END-- [ RunTime:0.015625s ]
INFO: [ view_filter ] --START--
INFO: Run Behavior\WriteHtmlCacheBehavior [ RunTime:0.000000s ]
INFO: [ view_filter ] --END-- [ RunTime:0.000000s ]
INFO: [ app_end ] --START--
INFO: Run Behavior\ShowPageTraceBehavior [ RunTime:0.000000s ]
INFO: [ app_end ] --END-- [ RunTime:0.000000s ]

[ 2018-11-22T16:23:03+08:00 ] 218.20.5.244 /index.php/Admin/Index/welcome
INFO: [ app_init ] --START--
INFO: Run Behavior\BuildLiteBehavior [ RunTime:0.000000s ]
INFO: [ app_init ] --END-- [ RunTime:0.000000s ]
NOTIC: [8] Use of undefined constant URL_MODEL - assumed 'URL_MODEL' D:\wwwroot\wgcadmin_22fqiz\web\Application\Admin\Conf\config.php 第 4 行.
INFO: [ app_begin ] --START--
INFO: Run Behavior\ReadHtmlCacheBehavior [ RunTime:0.000000s ]
INFO: [ app_begin ] --END-- [ RunTime:0.000000s ]
SQL: SHOW COLUMNS FROM `ecm_member` [ RunTime:0.015625s ]
SQL: SELECT COUNT(*) AS tp_count FROM `ecm_member` WHERE `user_id` > 4474 LIMIT 1   [ RunTime:0.000000s ]
SQL: SELECT COUNT(*) AS tp_count FROM `ecm_member` WHERE `position_type` = 1 LIMIT 1   [ RunTime:0.000000s ]
NOTIC: [8] Undefined variable: jinri D:\wwwroot\wgcadmin_22fqiz\web\Application\Admin\Controller\IndexController.class.php 第 100 行.
NOTIC: [8] Undefined variable: zuori D:\wwwroot\wgcadmin_22fqiz\web\Application\Admin\Controller\IndexController.class.php 第 101 行.
NOTIC: [8] Undefined variable: benzhou D:\wwwroot\wgcadmin_22fqiz\web\Application\Admin\Controller\IndexController.class.php 第 102 行.
NOTIC: [8] Undefined variable: benyue D:\wwwroot\wgcadmin_22fqiz\web\Application\Admin\Controller\IndexController.class.php 第 103 行.
INFO: [ view_parse ] --START--
INFO: [ template_filter ] --START--
INFO: Run Behavior\ContentReplaceBehavior [ RunTime:0.000000s ]
INFO: [ template_filter ] --END-- [ RunTime:0.000000s ]
INFO: Run Behavior\ParseTemplateBehavior [ RunTime:0.015625s ]
INFO: [ view_parse ] --END-- [ RunTime:0.015625s ]
INFO: [ view_filter ] --START--
INFO: Run Behavior\WriteHtmlCacheBehavior [ RunTime:0.000000s ]
INFO: [ view_filter ] --END-- [ RunTime:0.000000s ]
INFO: [ app_end ] --START--
INFO: Run Behavior\ShowPageTraceBehavior [ RunTime:0.000000s ]
INFO: [ app_end ] --END-- [ RunTime:0.000000s ]

[ 2018-11-22T16:23:19+08:00 ] 218.20.5.244 /index.php/Admin/User/index.html
INFO: [ app_init ] --START--
INFO: Run Behavior\BuildLiteBehavior [ RunTime:0.000000s ]
INFO: [ app_init ] --END-- [ RunTime:0.000000s ]
NOTIC: [8] Use of undefined constant URL_MODEL - assumed 'URL_MODEL' D:\wwwroot\wgcadmin_22fqiz\web\Application\Admin\Conf\config.php 第 4 行.
INFO: [ app_begin ] --START--
INFO: Run Behavior\ReadHtmlCacheBehavior [ RunTime:0.000000s ]
INFO: [ app_begin ] --END-- [ RunTime:0.000000s ]
SQL: SHOW COLUMNS FROM `ecm_member` [ RunTime:0.000000s ]
SQL: SHOW COLUMNS FROM `ecm_gongyingshang` [ RunTime:0.000000s ]
SQL: SELECT COUNT(*) AS tp_count FROM ecm_member member LEFT JOIN ecm_gongyingshang gongyingshang ON member.user_id=gongyingshang.user_id WHERE gongyingshang.name <> '' LIMIT 1   [ RunTime:0.015625s ]
SQL: SELECT member.user_id AS user_id,member.user_name AS user_name,member.shenfen AS shenfen,member.shenfentype AS shenfentype,member.balance AS balance,member.userphoto AS userphoto,member.xiangxi AS xiangxi,member.regtime AS regtime,member.token AS token,member.fenxiaoshang AS fenxiaoshang,member.fenxiaoshang_name AS fenxiaoshang_name,member.fenxiaoshang_time AS fenxiaoshang_time,member.postion AS postion,member.type AS type,member.is_user AS is_user,member.pai AS pai,gongyingshang.name AS name,gongyingshang.sex AS sex,gongyingshang.bumen AS bumen,gongyingshang.nianling AS nianling,gongyingshang.huji AS huji,gongyingshang.zhiwei AS zhiwei,gongyingshang.user_id AS uid FROM ecm_member member LEFT JOIN ecm_gongyingshang gongyingshang ON member.user_id=gongyingshang.user_id WHERE gongyingshang.name <> '' ORDER BY member.user_id desc LIMIT 0,20   [ RunTime:0.046875s ]
SQL: SHOW COLUMNS FROM `ecm_capital` [ RunTime:0.000000s ]
SQL: SELECT `hasmoney` FROM `ecm_capital` WHERE `user_id` = 1473405971 LIMIT 1   [ RunTime:0.000000s ]
SQL: SELECT `hasmoney` FROM `ecm_capital` WHERE `user_id` = 1473405970 LIMIT 1   [ RunTime:0.000000s ]
SQL: SELECT `hasmoney` FROM `ecm_capital` WHERE `user_id` = 1473405969 LIMIT 1   [ RunTime:0.000000s ]
SQL: SELECT `hasmoney` FROM `ecm_capital` WHERE `user_id` = 1473405968 LIMIT 1   [ RunTime:0.000000s ]
SQL: SELECT `hasmoney` FROM `ecm_capital` WHERE `user_id` = 1473405967 LIMIT 1   [ RunTime:0.000000s ]
SQL: SELECT `hasmoney` FROM `ecm_capital` WHERE `user_id` = 1473405966 LIMIT 1   [ RunTime:0.000000s ]
SQL: SELECT `hasmoney` FROM `ecm_capital` WHERE `user_id` = 1473405965 LIMIT 1   [ RunTime:0.000000s ]
SQL: SELECT `hasmoney` FROM `ecm_capital` WHERE `user_id` = 1473405964 LIMIT 1   [ RunTime:0.000000s ]
SQL: SELECT `hasmoney` FROM `ecm_capital` WHERE `user_id` = 1473405963 LIMIT 1   [ RunTime:0.000000s ]
SQL: SELECT `hasmoney` FROM `ecm_capital` WHERE `user_id` = 1473405961 LIMIT 1   [ RunTime:0.000000s ]
SQL: SELECT `hasmoney` FROM `ecm_capital` WHERE `user_id` = 1473405959 LIMIT 1   [ RunTime:0.000000s ]
SQL: SELECT `hasmoney` FROM `ecm_capital` WHERE `user_id` = 1473405958 LIMIT 1   [ RunTime:0.000000s ]
SQL: SELECT `hasmoney` FROM `ecm_capital` WHERE `user_id` = 1473405957 LIMIT 1   [ RunTime:0.000000s ]
SQL: SELECT `hasmoney` FROM `ecm_capital` WHERE `user_id` = 1473405956 LIMIT 1   [ RunTime:0.000000s ]
SQL: SELECT `hasmoney` FROM `ecm_capital` WHERE `user_id` = 1473405955 LIMIT 1   [ RunTime:0.000000s ]
SQL: SELECT `hasmoney` FROM `ecm_capital` WHERE `user_id` = 1473405954 LIMIT 1   [ RunTime:0.000000s ]
SQL: SELECT `hasmoney` FROM `ecm_capital` WHERE `user_id` = 1473405953 LIMIT 1   [ RunTime:0.000000s ]
SQL: SELECT `hasmoney` FROM `ecm_capital` WHERE `user_id` = 1473405952 LIMIT 1   [ RunTime:0.000000s ]
SQL: SELECT `hasmoney` FROM `ecm_capital` WHERE `user_id` = 1473405951 LIMIT 1   [ RunTime:0.000000s ]
SQL: SELECT `hasmoney` FROM `ecm_capital` WHERE `user_id` = 1473405950 LIMIT 1   [ RunTime:0.000000s ]
INFO: [ view_parse ] --START--
NOTIC: [8] Undefined offset: 1 D:\wwwroot\wgcadmin_22fqiz\web\ThinkPHP\Library\Think\Template.class.php 第 523 行.
INFO: [ template_filter ] --START--
INFO: Run Behavior\ContentReplaceBehavior [ RunTime:0.000000s ]
INFO: [ template_filter ] --END-- [ RunTime:0.000000s ]
NOTIC: [8] Undefined variable: wgcadmininfo D:\wwwroot\wgcadmin_22fqiz\web\Application\Runtime\Cache\Admin\65e605872ed5d34210f5b33beb13f5a3.php 第 87 行.
INFO: Run Behavior\ParseTemplateBehavior [ RunTime:0.015625s ]
INFO: [ view_parse ] --END-- [ RunTime:0.015625s ]
INFO: [ view_filter ] --START--
INFO: Run Behavior\WriteHtmlCacheBehavior [ RunTime:0.000000s ]
INFO: [ view_filter ] --END-- [ RunTime:0.000000s ]
INFO: [ app_end ] --START--
INFO: Run Behavior\ShowPageTraceBehavior [ RunTime:0.000000s ]
INFO: [ app_end ] --END-- [ RunTime:0.000000s ]

[ 2018-11-22T16:23:29+08:00 ] 218.20.5.244 /index.php/Admin/User/index.html
INFO: [ app_init ] --START--
INFO: Run Behavior\BuildLiteBehavior [ RunTime:0.000000s ]
INFO: [ app_init ] --END-- [ RunTime:0.000000s ]
NOTIC: [8] Use of undefined constant URL_MODEL - assumed 'URL_MODEL' D:\wwwroot\wgcadmin_22fqiz\web\Application\Admin\Conf\config.php 第 4 行.
INFO: [ app_begin ] --START--
INFO: Run Behavior\ReadHtmlCacheBehavior [ RunTime:0.000000s ]
INFO: [ app_begin ] --END-- [ RunTime:0.000000s ]
SQL: SHOW COLUMNS FROM `ecm_member` [ RunTime:0.015625s ]
SQL: SHOW COLUMNS FROM `ecm_gongyingshang` [ RunTime:0.000000s ]
SQL: SELECT COUNT(*) AS tp_count FROM ecm_member member LEFT JOIN ecm_gongyingshang gongyingshang ON member.user_id=gongyingshang.user_id WHERE ( `name` LIKE '%1000006%' OR `user_name` LIKE '%1000006%' OR `type` LIKE '%1000006%' ) LIMIT 1   [ RunTime:2.343750s ]
SQL: SELECT member.user_id AS user_id,member.user_name AS user_name,member.shenfen AS shenfen,member.shenfentype AS shenfentype,member.balance AS balance,member.userphoto AS userphoto,member.xiangxi AS xiangxi,member.regtime AS regtime,member.token AS token,member.fenxiaoshang AS fenxiaoshang,member.fenxiaoshang_name AS fenxiaoshang_name,member.fenxiaoshang_time AS fenxiaoshang_time,member.postion AS postion,member.type AS type,member.is_user AS is_user,member.pai AS pai,gongyingshang.name AS name,gongyingshang.sex AS sex,gongyingshang.bumen AS bumen,gongyingshang.nianling AS nianling,gongyingshang.huji AS huji,gongyingshang.zhiwei AS zhiwei,gongyingshang.user_id AS uid FROM ecm_member member LEFT JOIN ecm_gongyingshang gongyingshang ON member.user_id=gongyingshang.user_id WHERE ( `name` LIKE '%1000006%' OR `user_name` LIKE '%1000006%' OR `type` LIKE '%1000006%' ) ORDER BY member.user_id desc LIMIT 0,20   [ RunTime:3.859375s ]
SQL: SHOW COLUMNS FROM `ecm_capital` [ RunTime:0.000000s ]
SQL: SELECT `hasmoney` FROM `ecm_capital` WHERE `user_id` = 1473405972 LIMIT 1   [ RunTime:0.000000s ]
INFO: [ view_parse ] --START--
NOTIC: [8] Undefined offset: 1 D:\wwwroot\wgcadmin_22fqiz\web\ThinkPHP\Library\Think\Template.class.php 第 523 行.
INFO: [ template_filter ] --START--
INFO: Run Behavior\ContentReplaceBehavior [ RunTime:0.000000s ]
INFO: [ template_filter ] --END-- [ RunTime:0.000000s ]
NOTIC: [8] Undefined variable: wgcadmininfo D:\wwwroot\wgcadmin_22fqiz\web\Application\Runtime\Cache\Admin\65e605872ed5d34210f5b33beb13f5a3.php 第 87 行.
INFO: Run Behavior\ParseTemplateBehavior [ RunTime:0.015625s ]
INFO: [ view_parse ] --END-- [ RunTime:0.015625s ]
INFO: [ view_filter ] --START--
INFO: Run Behavior\WriteHtmlCacheBehavior [ RunTime:0.000000s ]
INFO: [ view_filter ] --END-- [ RunTime:0.000000s ]
INFO: [ app_end ] --START--
INFO: Run Behavior\ShowPageTraceBehavior [ RunTime:0.000000s ]
INFO: [ app_end ] --END-- [ RunTime:0.000000s ]

[ 2018-11-22T16:23:36+08:00 ] 218.20.5.244 /index.php/Admin/User/bianji_fxs/id/1473405972.html
INFO: [ app_init ] --START--
INFO: Run Behavior\BuildLiteBehavior [ RunTime:0.000000s ]
INFO: [ app_init ] --END-- [ RunTime:0.015625s ]
NOTIC: [8] Use of undefined constant URL_MODEL - assumed 'URL_MODEL' D:\wwwroot\wgcadmin_22fqiz\web\Application\Admin\Conf\config.php 第 4 行.
INFO: [ app_begin ] --START--
INFO: Run Behavior\ReadHtmlCacheBehavior [ RunTime:0.000000s ]
INFO: [ app_begin ] --END-- [ RunTime:0.000000s ]
INFO: [ view_parse ] --START--
INFO: [ template_filter ] --START--
INFO: Run Behavior\ContentReplaceBehavior [ RunTime:0.000000s ]
INFO: [ template_filter ] --END-- [ RunTime:0.000000s ]
NOTIC: [8] Undefined variable: list D:\wwwroot\wgcadmin_22fqiz\web\Application\Runtime\Cache\Admin\f67cd17c5973f84ab4c4704188e9a62e.php 第 41 行.
INFO: Run Behavior\ParseTemplateBehavior [ RunTime:0.000000s ]
INFO: [ view_parse ] --END-- [ RunTime:0.000000s ]
INFO: [ view_filter ] --START--
INFO: Run Behavior\WriteHtmlCacheBehavior [ RunTime:0.000000s ]
INFO: [ view_filter ] --END-- [ RunTime:0.000000s ]
INFO: [ app_end ] --START--
INFO: Run Behavior\ShowPageTraceBehavior [ RunTime:0.000000s ]
INFO: [ app_end ] --END-- [ RunTime:0.000000s ]

[ 2018-11-22T16:23:49+08:00 ] 218.20.5.244 /index.php/Admin/User/user_edit_fxs.html
INFO: [ app_init ] --START--
INFO: Run Behavior\BuildLiteBehavior [ RunTime:0.000000s ]
INFO: [ app_init ] --END-- [ RunTime:0.000000s ]
NOTIC: [8] Use of undefined constant URL_MODEL - assumed 'URL_MODEL' D:\wwwroot\wgcadmin_22fqiz\web\Application\Admin\Conf\config.php 第 4 行.
INFO: [ app_begin ] --START--
INFO: Run Behavior\ReadHtmlCacheBehavior [ RunTime:0.000000s ]
INFO: [ app_begin ] --END-- [ RunTime:0.000000s ]
SQL: SHOW COLUMNS FROM `ecm_member` [ RunTime:0.000000s ]
SQL: SELECT * FROM `ecm_member` WHERE `user_id` = 1473405972 LIMIT 1   [ RunTime:0.015625s ]
SQL: UPDATE `ecm_member` SET `fenxiaoshang_name`='鲁班名匠',`postion`=36,`fenxiaoshang`=1,`fenxiaoshang_time`=1542875016,`user_id`=1473405972,`isadmin`=1,`fenxiaoshang_userid`='8780921542875016' WHERE `user_id` = 1473405972 [ RunTime:0.000000s ]
SQL: UPDATE `ecm_member` SET `kehu`='鲁班名匠' WHERE `user_id` = 1473405972 [ RunTime:0.000000s ]
INFO: [ view_parse ] --START--
NOTIC: [2] file_get_contents(./Application/Admin/View/Public/head.html): failed to open stream: No such file or directory D:\wwwroot\wgcadmin_22fqiz\web\ThinkPHP\Library\Think\Template.class.php 第 692 行.
NOTIC: [2] file_get_contents(./Application/Admin/View/Public/wei.html): failed to open stream: No such file or directory D:\wwwroot\wgcadmin_22fqiz\web\ThinkPHP\Library\Think\Template.class.php 第 692 行.
INFO: [ template_filter ] --START--
INFO: Run Behavior\ContentReplaceBehavior [ RunTime:0.000000s ]
INFO: [ template_filter ] --END-- [ RunTime:0.000000s ]
INFO: Run Behavior\ParseTemplateBehavior [ RunTime:0.000000s ]
INFO: [ view_parse ] --END-- [ RunTime:0.000000s ]
INFO: [ view_filter ] --START--
INFO: Run Behavior\WriteHtmlCacheBehavior [ RunTime:0.000000s ]
INFO: [ view_filter ] --END-- [ RunTime:0.000000s ]
INFO: [ app_end ] --START--
INFO: Run Behavior\ShowPageTraceBehavior [ RunTime:0.000000s ]
INFO: [ app_end ] --END-- [ RunTime:0.000000s ]

[ 2018-11-22T16:23:50+08:00 ] 218.20.5.244 /index.php/Admin/User/index.html
INFO: [ app_init ] --START--
INFO: Run Behavior\BuildLiteBehavior [ RunTime:0.000000s ]
INFO: [ app_init ] --END-- [ RunTime:0.000000s ]
NOTIC: [8] Use of undefined constant URL_MODEL - assumed 'URL_MODEL' D:\wwwroot\wgcadmin_22fqiz\web\Application\Admin\Conf\config.php 第 4 行.
INFO: [ app_begin ] --START--
INFO: Run Behavior\ReadHtmlCacheBehavior [ RunTime:0.000000s ]
INFO: [ app_begin ] --END-- [ RunTime:0.000000s ]
SQL: SHOW COLUMNS FROM `ecm_member` [ RunTime:0.015625s ]
SQL: SHOW COLUMNS FROM `ecm_gongyingshang` [ RunTime:0.000000s ]
SQL: SELECT COUNT(*) AS tp_count FROM ecm_member member LEFT JOIN ecm_gongyingshang gongyingshang ON member.user_id=gongyingshang.user_id WHERE gongyingshang.name <> '' LIMIT 1   [ RunTime:0.000000s ]
SQL: SELECT member.user_id AS user_id,member.user_name AS user_name,member.shenfen AS shenfen,member.shenfentype AS shenfentype,member.balance AS balance,member.userphoto AS userphoto,member.xiangxi AS xiangxi,member.regtime AS regtime,member.token AS token,member.fenxiaoshang AS fenxiaoshang,member.fenxiaoshang_name AS fenxiaoshang_name,member.fenxiaoshang_time AS fenxiaoshang_time,member.postion AS postion,member.type AS type,member.is_user AS is_user,member.pai AS pai,gongyingshang.name AS name,gongyingshang.sex AS sex,gongyingshang.bumen AS bumen,gongyingshang.nianling AS nianling,gongyingshang.huji AS huji,gongyingshang.zhiwei AS zhiwei,gongyingshang.user_id AS uid FROM ecm_member member LEFT JOIN ecm_gongyingshang gongyingshang ON member.user_id=gongyingshang.user_id WHERE gongyingshang.name <> '' ORDER BY member.user_id desc LIMIT 0,20   [ RunTime:0.046875s ]
SQL: SHOW COLUMNS FROM `ecm_capital` [ RunTime:0.000000s ]
SQL: SELECT `hasmoney` FROM `ecm_capital` WHERE `user_id` = 1473405971 LIMIT 1   [ RunTime:0.000000s ]
SQL: SELECT `hasmoney` FROM `ecm_capital` WHERE `user_id` = 1473405970 LIMIT 1   [ RunTime:0.000000s ]
SQL: SELECT `hasmoney` FROM `ecm_capital` WHERE `user_id` = 1473405969 LIMIT 1   [ RunTime:0.000000s ]
SQL: SELECT `hasmoney` FROM `ecm_capital` WHERE `user_id` = 1473405968 LIMIT 1   [ RunTime:0.000000s ]
SQL: SELECT `hasmoney` FROM `ecm_capital` WHERE `user_id` = 1473405967 LIMIT 1   [ RunTime:0.000000s ]
SQL: SELECT `hasmoney` FROM `ecm_capital` WHERE `user_id` = 1473405966 LIMIT 1   [ RunTime:0.000000s ]
SQL: SELECT `hasmoney` FROM `ecm_capital` WHERE `user_id` = 1473405965 LIMIT 1   [ RunTime:0.000000s ]
SQL: SELECT `hasmoney` FROM `ecm_capital` WHERE `user_id` = 1473405964 LIMIT 1   [ RunTime:0.000000s ]
SQL: SELECT `hasmoney` FROM `ecm_capital` WHERE `user_id` = 1473405963 LIMIT 1   [ RunTime:0.000000s ]
SQL: SELECT `hasmoney` FROM `ecm_capital` WHERE `user_id` = 1473405961 LIMIT 1   [ RunTime:0.000000s ]
SQL: SELECT `hasmoney` FROM `ecm_capital` WHERE `user_id` = 1473405959 LIMIT 1   [ RunTime:0.000000s ]
SQL: SELECT `hasmoney` FROM `ecm_capital` WHERE `user_id` = 1473405958 LIMIT 1   [ RunTime:0.000000s ]
SQL: SELECT `hasmoney` FROM `ecm_capital` WHERE `user_id` = 1473405957 LIMIT 1   [ RunTime:0.000000s ]
SQL: SELECT `hasmoney` FROM `ecm_capital` WHERE `user_id` = 1473405956 LIMIT 1   [ RunTime:0.000000s ]
SQL: SELECT `hasmoney` FROM `ecm_capital` WHERE `user_id` = 1473405955 LIMIT 1   [ RunTime:0.000000s ]
SQL: SELECT `hasmoney` FROM `ecm_capital` WHERE `user_id` = 1473405954 LIMIT 1   [ RunTime:0.000000s ]
SQL: SELECT `hasmoney` FROM `ecm_capital` WHERE `user_id` = 1473405953 LIMIT 1   [ RunTime:0.000000s ]
SQL: SELECT `hasmoney` FROM `ecm_capital` WHERE `user_id` = 1473405952 LIMIT 1   [ RunTime:0.000000s ]
SQL: SELECT `hasmoney` FROM `ecm_capital` WHERE `user_id` = 1473405951 LIMIT 1   [ RunTime:0.000000s ]
SQL: SELECT `hasmoney` FROM `ecm_capital` WHERE `user_id` = 1473405950 LIMIT 1   [ RunTime:0.000000s ]
INFO: [ view_parse ] --START--
NOTIC: [8] Undefined offset: 1 D:\wwwroot\wgcadmin_22fqiz\web\ThinkPHP\Library\Think\Template.class.php 第 523 行.
INFO: [ template_filter ] --START--
INFO: Run Behavior\ContentReplaceBehavior [ RunTime:0.000000s ]
INFO: [ template_filter ] --END-- [ RunTime:0.000000s ]
NOTIC: [8] Undefined variable: wgcadmininfo D:\wwwroot\wgcadmin_22fqiz\web\Application\Runtime\Cache\Admin\65e605872ed5d34210f5b33beb13f5a3.php 第 87 行.
INFO: Run Behavior\ParseTemplateBehavior [ RunTime:0.015625s ]
INFO: [ view_parse ] --END-- [ RunTime:0.015625s ]
INFO: [ view_filter ] --START--
INFO: Run Behavior\WriteHtmlCacheBehavior [ RunTime:0.000000s ]
INFO: [ view_filter ] --END-- [ RunTime:0.000000s ]
INFO: [ app_end ] --START--
INFO: Run Behavior\ShowPageTraceBehavior [ RunTime:0.000000s ]
INFO: [ app_end ] --END-- [ RunTime:0.000000s ]

[ 2018-11-22T16:24:33+08:00 ] 218.20.5.244 /index.php/Admin/Admin/logout
INFO: [ app_init ] --START--
INFO: Run Behavior\BuildLiteBehavior [ RunTime:0.000000s ]
INFO: [ app_init ] --END-- [ RunTime:0.000000s ]
NOTIC: [8] Use of undefined constant URL_MODEL - assumed 'URL_MODEL' D:\wwwroot\wgcadmin_22fqiz\web\Application\Admin\Conf\config.php 第 4 行.
INFO: [ app_begin ] --START--
INFO: Run Behavior\ReadHtmlCacheBehavior [ RunTime:0.000000s ]
INFO: [ app_begin ] --END-- [ RunTime:0.000000s ]
NOTIC: [8] A session had already been started - ignoring session_start() D:\wwwroot\wgcadmin_22fqiz\web\Application\Admin\Controller\AdminController.class.php 第 20 行.

[ 2018-11-22T16:24:36+08:00 ] 218.20.5.244 /index.php/Admin/Admin/login.html
INFO: [ app_init ] --START--
INFO: Run Behavior\BuildLiteBehavior [ RunTime:0.000000s ]
INFO: [ app_init ] --END-- [ RunTime:0.000000s ]
NOTIC: [8] Use of undefined constant URL_MODEL - assumed 'URL_MODEL' D:\wwwroot\wgcadmin_22fqiz\web\Application\Admin\Conf\config.php 第 4 行.
INFO: [ app_begin ] --START--
INFO: Run Behavior\ReadHtmlCacheBehavior [ RunTime:0.000000s ]
INFO: [ app_begin ] --END-- [ RunTime:0.000000s ]
INFO: [ view_parse ] --START--
INFO: [ template_filter ] --START--
INFO: Run Behavior\ContentReplaceBehavior [ RunTime:0.000000s ]
INFO: [ template_filter ] --END-- [ RunTime:0.000000s ]
NOTIC: [8] Undefined variable: think D:\wwwroot\wgcadmin_22fqiz\web\Application\Runtime\Cache\Admin\2275611bb46a2a49189a5a4b00fcf970.php 第 64 行.
NOTIC: [8] Undefined variable: think D:\wwwroot\wgcadmin_22fqiz\web\Application\Runtime\Cache\Admin\2275611bb46a2a49189a5a4b00fcf970.php 第 69 行.
INFO: Run Behavior\ParseTemplateBehavior [ RunTime:0.015625s ]
INFO: [ view_parse ] --END-- [ RunTime:0.015625s ]
INFO: [ view_filter ] --START--
INFO: Run Behavior\WriteHtmlCacheBehavior [ RunTime:0.000000s ]
INFO: [ view_filter ] --END-- [ RunTime:0.000000s ]
INFO: [ app_end ] --START--
INFO: Run Behavior\ShowPageTraceBehavior [ RunTime:0.000000s ]
INFO: [ app_end ] --END-- [ RunTime:0.000000s ]

[ 2018-11-22T16:24:44+08:00 ] 218.20.5.244 /index.php/Admin/Admin/checkuser
INFO: [ app_init ] --START--
INFO: Run Behavior\BuildLiteBehavior [ RunTime:0.000000s ]
INFO: [ app_init ] --END-- [ RunTime:0.000000s ]
NOTIC: [8] Use of undefined constant URL_MODEL - assumed 'URL_MODEL' D:\wwwroot\wgcadmin_22fqiz\web\Application\Admin\Conf\config.php 第 4 行.
INFO: [ app_begin ] --START--
INFO: Run Behavior\ReadHtmlCacheBehavior [ RunTime:0.000000s ]
INFO: [ app_begin ] --END-- [ RunTime:0.000000s ]
SQL: SHOW COLUMNS FROM `ecm_member` [ RunTime:0.015625s ]
SQL: SHOW COLUMNS FROM `ecm_gongsi` [ RunTime:0.000000s ]
SQL: SELECT member.user_id AS user_id,member.fenxiaoshang AS fenxiaoshang,member.fenxiaoshang_name AS fenxiaoshang_name FROM ecm_member member LEFT JOIN ecm_gongsi gongsi ON member.user_id=gongsi.muid WHERE member.user_name = '1000006' LIMIT 1   [ RunTime:0.000000s ]
SQL: SELECT `user_id` FROM `ecm_member` WHERE `user_name` = '1000006' AND `password` = 'e10adc3949ba59abbe56e057f20f883e' LIMIT 1   [ RunTime:0.000000s ]
SQL: SELECT `isadmin` FROM `ecm_member` WHERE `isadmin` = 1 AND `user_id` = 1473405972 LIMIT 1   [ RunTime:0.000000s ]
NOTIC: [8] A session had already been started - ignoring session_start() D:\wwwroot\wgcadmin_22fqiz\web\Application\Admin\Controller\AdminController.class.php 第 67 行.
SQL: SELECT m.user_id,m.roleid,m.user_name,m.kehu,m.fenxiaoshang_userid,m.userphoto,g.name,g.zhiwei,r.rolename,m.storeid FROM ecm_member m LEFT JOIN ecm_gongyingshang g ON m.user_id = g.user_id LEFT JOIN ecm_role r ON m.roleid = r.id  WHERE m.user_id = '1473405972' LIMIT 1   [ RunTime:0.000000s ]
SQL: SELECT `fenxiaoshang_name` FROM `ecm_member` WHERE `user_id` = 1473405972 LIMIT 1   [ RunTime:0.000000s ]
SQL: SELECT `fenxiaoshang_userid` FROM `ecm_member` WHERE `user_id` = 1473405972 LIMIT 1   [ RunTime:0.000000s ]
NOTIC: [8] Undefined variable: pwd D:\wwwroot\wgcadmin_22fqiz\web\Application\Admin\Controller\AdminController.class.php 第 72 行.

[ 2018-11-22T16:24:45+08:00 ] 218.20.5.244 /index.php/Admin/Index/index.html
INFO: [ app_init ] --START--
INFO: Run Behavior\BuildLiteBehavior [ RunTime:0.000000s ]
INFO: [ app_init ] --END-- [ RunTime:0.000000s ]
NOTIC: [8] Use of undefined constant URL_MODEL - assumed 'URL_MODEL' D:\wwwroot\wgcadmin_22fqiz\web\Application\Admin\Conf\config.php 第 4 行.
INFO: [ app_begin ] --START--
INFO: Run Behavior\ReadHtmlCacheBehavior [ RunTime:0.000000s ]
INFO: [ app_begin ] --END-- [ RunTime:0.000000s ]
NOTIC: [8] A session had already been started - ignoring session_start() D:\wwwroot\wgcadmin_22fqiz\web\Application\Admin\Controller\IndexController.class.php 第 7 行.
NOTIC: [8] A session had already been started - ignoring session_start() D:\wwwroot\wgcadmin_22fqiz\web\Application\Admin\Controller\CategoryController.class.php 第 129 行.
SQL: SHOW COLUMNS FROM `ecm_category` [ RunTime:0.000000s ]
SQL: SELECT `id`,`pid`,`catname`,`caticon`,`m`,`c`,`a`,`orderlist` FROM `ecm_category` WHERE `display` = 1 AND `storeid` = 'b65e2727ec76202a16d7fd77dfa8a2de'  [ RunTime:0.000000s ]
INFO: [ view_parse ] --START--
INFO: [ template_filter ] --START--
INFO: Run Behavior\ContentReplaceBehavior [ RunTime:0.000000s ]
INFO: [ template_filter ] --END-- [ RunTime:0.000000s ]
INFO: Run Behavior\ParseTemplateBehavior [ RunTime:0.015625s ]
INFO: [ view_parse ] --END-- [ RunTime:0.015625s ]
INFO: [ view_filter ] --START--
INFO: Run Behavior\WriteHtmlCacheBehavior [ RunTime:0.000000s ]
INFO: [ view_filter ] --END-- [ RunTime:0.000000s ]
INFO: [ app_end ] --START--
INFO: Run Behavior\ShowPageTraceBehavior [ RunTime:0.000000s ]
INFO: [ app_end ] --END-- [ RunTime:0.000000s ]

[ 2018-11-22T16:24:45+08:00 ] 218.20.5.244 /index.php/Admin/Index/welcome
INFO: [ app_init ] --START--
INFO: Run Behavior\BuildLiteBehavior [ RunTime:0.000000s ]
INFO: [ app_init ] --END-- [ RunTime:0.000000s ]
NOTIC: [8] Use of undefined constant URL_MODEL - assumed 'URL_MODEL' D:\wwwroot\wgcadmin_22fqiz\web\Application\Admin\Conf\config.php 第 4 行.
INFO: [ app_begin ] --START--
INFO: Run Behavior\ReadHtmlCacheBehavior [ RunTime:0.000000s ]
INFO: [ app_begin ] --END-- [ RunTime:0.000000s ]
SQL: SHOW COLUMNS FROM `ecm_member` [ RunTime:0.000000s ]
SQL: SELECT COUNT(*) AS tp_count FROM `ecm_member` WHERE `user_id` > 4474 AND `fenxiaoshang_userid` = '8780921542875016' LIMIT 1   [ RunTime:0.031250s ]
SQL: SELECT COUNT(*) AS tp_count FROM `ecm_member` WHERE ( regtime >= '1542816000' and user_id >4474 and fenxiaoshang_userid = 8780921542875016 ) LIMIT 1   [ RunTime:0.015625s ]
SQL: SELECT COUNT(*) AS tp_count FROM `ecm_member` WHERE ( regtime >= '1542729600' and user_id >4474 and fenxiaoshang_userid = 8780921542875016 ) LIMIT 1   [ RunTime:0.031250s ]
SQL: SELECT COUNT(*) AS tp_count FROM `ecm_member` WHERE ( regtime >= '1542729600' and user_id >4474 and fenxiaoshang_userid = 8780921542875016 ) LIMIT 1   [ RunTime:0.015625s ]
SQL: SELECT COUNT(*) AS tp_count FROM `ecm_member` WHERE ( regtime >= '1540137600' and user_id >4474 and fenxiaoshang_userid = 8780921542875016 ) LIMIT 1   [ RunTime:0.031250s ]
SQL: SELECT COUNT(*) AS tp_count FROM `ecm_member` WHERE `position_type` = 1 AND `fenxiaoshang_userid` = '8780921542875016' LIMIT 1   [ RunTime:0.000000s ]
INFO: [ view_parse ] --START--
INFO: [ template_filter ] --START--
INFO: Run Behavior\ContentReplaceBehavior [ RunTime:0.000000s ]
INFO: [ template_filter ] --END-- [ RunTime:0.000000s ]
INFO: Run Behavior\ParseTemplateBehavior [ RunTime:0.015625s ]
INFO: [ view_parse ] --END-- [ RunTime:0.015625s ]
INFO: [ view_filter ] --START--
INFO: Run Behavior\WriteHtmlCacheBehavior [ RunTime:0.000000s ]
INFO: [ view_filter ] --END-- [ RunTime:0.000000s ]
INFO: [ app_end ] --START--
INFO: Run Behavior\ShowPageTraceBehavior [ RunTime:0.000000s ]
INFO: [ app_end ] --END-- [ RunTime:0.000000s ]

[ 2018-11-22T16:25:04+08:00 ] 218.20.5.244 /index.php/Admin/Headline/index.html
INFO: [ app_init ] --START--
INFO: Run Behavior\BuildLiteBehavior [ RunTime:0.000000s ]
INFO: [ app_init ] --END-- [ RunTime:0.000000s ]
NOTIC: [8] Use of undefined constant URL_MODEL - assumed 'URL_MODEL' D:\wwwroot\wgcadmin_22fqiz\web\Application\Admin\Conf\config.php 第 4 行.
INFO: [ app_begin ] --START--
INFO: Run Behavior\ReadHtmlCacheBehavior [ RunTime:0.000000s ]
INFO: [ app_begin ] --END-- [ RunTime:0.000000s ]
SQL: SHOW COLUMNS FROM `ecm_advertisement` [ RunTime:0.000000s ]
SQL: SELECT COUNT(*) AS tp_count FROM `ecm_advertisement` WHERE `fenxiaoshang_userid` = '8780921542875016' LIMIT 1   [ RunTime:0.000000s ]
SQL: SELECT * FROM `ecm_advertisement` WHERE `fenxiaoshang_userid` = '8780921542875016' ORDER BY times desc LIMIT 0,200   [ RunTime:0.015625s ]
INFO: [ view_parse ] --START--
NOTIC: [8] Undefined offset: 1 D:\wwwroot\wgcadmin_22fqiz\web\ThinkPHP\Library\Think\Template.class.php 第 523 行.
INFO: [ template_filter ] --START--
INFO: Run Behavior\ContentReplaceBehavior [ RunTime:0.000000s ]
INFO: [ template_filter ] --END-- [ RunTime:0.000000s ]
INFO: Run Behavior\ParseTemplateBehavior [ RunTime:0.000000s ]
INFO: [ view_parse ] --END-- [ RunTime:0.000000s ]
INFO: [ view_filter ] --START--
INFO: Run Behavior\WriteHtmlCacheBehavior [ RunTime:0.000000s ]
INFO: [ view_filter ] --END-- [ RunTime:0.000000s ]
INFO: [ app_end ] --START--
INFO: Run Behavior\ShowPageTraceBehavior [ RunTime:0.000000s ]
INFO: [ app_end ] --END-- [ RunTime:0.000000s ]

[ 2018-11-22T16:25:05+08:00 ] 218.20.5.244 /index.php/Admin/Headline/adds
INFO: [ app_init ] --START--
INFO: Run Behavior\BuildLiteBehavior [ RunTime:0.000000s ]
INFO: [ app_init ] --END-- [ RunTime:0.000000s ]
NOTIC: [8] Use of undefined constant URL_MODEL - assumed 'URL_MODEL' D:\wwwroot\wgcadmin_22fqiz\web\Application\Admin\Conf\config.php 第 4 行.
INFO: [ app_begin ] --START--
INFO: Run Behavior\ReadHtmlCacheBehavior [ RunTime:0.000000s ]
INFO: [ app_begin ] --END-- [ RunTime:0.000000s ]
INFO: [ view_parse ] --START--
INFO: [ template_filter ] --START--
INFO: Run Behavior\ContentReplaceBehavior [ RunTime:0.000000s ]
INFO: [ template_filter ] --END-- [ RunTime:0.000000s ]
INFO: Run Behavior\ParseTemplateBehavior [ RunTime:0.015625s ]
INFO: [ view_parse ] --END-- [ RunTime:0.015625s ]
INFO: [ view_filter ] --START--
INFO: Run Behavior\WriteHtmlCacheBehavior [ RunTime:0.000000s ]
INFO: [ view_filter ] --END-- [ RunTime:0.000000s ]
INFO: [ app_end ] --START--
INFO: Run Behavior\ShowPageTraceBehavior [ RunTime:0.000000s ]
INFO: [ app_end ] --END-- [ RunTime:0.000000s ]

[ 2018-11-22T16:25:28+08:00 ] 218.20.5.244 /index.php/Admin/Headline/addForms
INFO: [ app_init ] --START--
INFO: Run Behavior\BuildLiteBehavior [ RunTime:0.000000s ]
INFO: [ app_init ] --END-- [ RunTime:0.000000s ]
NOTIC: [8] Use of undefined constant URL_MODEL - assumed 'URL_MODEL' D:\wwwroot\wgcadmin_22fqiz\web\Application\Admin\Conf\config.php 第 4 行.
INFO: [ app_begin ] --START--
INFO: Run Behavior\ReadHtmlCacheBehavior [ RunTime:0.000000s ]
INFO: [ app_begin ] --END-- [ RunTime:0.000000s ]
NOTIC: [2] call_user_func() expects parameter 1 to be a valid callback, no array or string given D:\wwwroot\wgcadmin_22fqiz\web\ThinkPHP\Library\Think\Upload.class.php 第 170 行.
SQL: SHOW COLUMNS FROM `ecm_advertisement` [ RunTime:0.000000s ]
SQL: INSERT INTO `ecm_advertisement` (`title`,`content`,`pic`,`describe`,`type`,`laiyuan`,`province`,`city`,`district`,`kehu`,`times`,`fenxiaoshang_userid`) VALUES ('广州益膳房餐厅精装修设计效果图','&lt;p style=&quot;text-align: center;&quot;&gt;&lt;img src=&quot;http://wgcmanage.59jiaju.com/ueditor/php/upload/image/20181122/1542875126580369.png&quot; title=&quot;1542875126580369.png&quot; alt=&quot;xinpinlogo.png&quot;/&gt;&lt;/p&gt;','/Uploads/2018-11-22/5bf667f8cd001.jpg','然后一起去东京和巴黎','57','微工程','广东省','广州市','市辖区','鲁班名匠',1542875128,'8780921542875016') [ RunTime:0.000000s ]

[ 2018-11-22T16:25:28+08:00 ] 218.20.5.244 /index.php/Admin/Headline/index.html
INFO: [ app_init ] --START--
INFO: Run Behavior\BuildLiteBehavior [ RunTime:0.000000s ]
INFO: [ app_init ] --END-- [ RunTime:0.000000s ]
NOTIC: [8] Use of undefined constant URL_MODEL - assumed 'URL_MODEL' D:\wwwroot\wgcadmin_22fqiz\web\Application\Admin\Conf\config.php 第 4 行.
INFO: [ app_begin ] --START--
INFO: Run Behavior\ReadHtmlCacheBehavior [ RunTime:0.000000s ]
INFO: [ app_begin ] --END-- [ RunTime:0.000000s ]
SQL: SHOW COLUMNS FROM `ecm_advertisement` [ RunTime:0.000000s ]
SQL: SELECT COUNT(*) AS tp_count FROM `ecm_advertisement` WHERE `fenxiaoshang_userid` = '8780921542875016' LIMIT 1   [ RunTime:0.015625s ]
SQL: SELECT * FROM `ecm_advertisement` WHERE `fenxiaoshang_userid` = '8780921542875016' ORDER BY times desc LIMIT 0,200   [ RunTime:0.000000s ]
INFO: [ view_parse ] --START--
NOTIC: [8] Undefined offset: 1 D:\wwwroot\wgcadmin_22fqiz\web\ThinkPHP\Library\Think\Template.class.php 第 523 行.
INFO: [ template_filter ] --START--
INFO: Run Behavior\ContentReplaceBehavior [ RunTime:0.000000s ]
INFO: [ template_filter ] --END-- [ RunTime:0.000000s ]
INFO: Run Behavior\ParseTemplateBehavior [ RunTime:0.015625s ]
INFO: [ view_parse ] --END-- [ RunTime:0.015625s ]
INFO: [ view_filter ] --START--
INFO: Run Behavior\WriteHtmlCacheBehavior [ RunTime:0.000000s ]
INFO: [ view_filter ] --END-- [ RunTime:0.000000s ]
INFO: [ app_end ] --START--
INFO: Run Behavior\ShowPageTraceBehavior [ RunTime:0.000000s ]
INFO: [ app_end ] --END-- [ RunTime:0.000000s ]

[ 2018-11-22T16:33:47+08:00 ] 218.20.5.244 /index.php/Admin/Headline/adds
INFO: [ app_init ] --START--
INFO: Run Behavior\BuildLiteBehavior [ RunTime:0.000000s ]
INFO: [ app_init ] --END-- [ RunTime:0.000000s ]
NOTIC: [8] Use of undefined constant URL_MODEL - assumed 'URL_MODEL' D:\wwwroot\wgcadmin_22fqiz\web\Application\Admin\Conf\config.php 第 4 行.
INFO: [ app_begin ] --START--
INFO: Run Behavior\ReadHtmlCacheBehavior [ RunTime:0.000000s ]
INFO: [ app_begin ] --END-- [ RunTime:0.000000s ]
INFO: [ view_parse ] --START--
INFO: [ template_filter ] --START--
INFO: Run Behavior\ContentReplaceBehavior [ RunTime:0.000000s ]
INFO: [ template_filter ] --END-- [ RunTime:0.000000s ]
INFO: Run Behavior\ParseTemplateBehavior [ RunTime:0.031250s ]
INFO: [ view_parse ] --END-- [ RunTime:0.031250s ]
INFO: [ view_filter ] --START--
INFO: Run Behavior\WriteHtmlCacheBehavior [ RunTime:0.000000s ]
INFO: [ view_filter ] --END-- [ RunTime:0.000000s ]
INFO: [ app_end ] --START--
INFO: Run Behavior\ShowPageTraceBehavior [ RunTime:0.000000s ]
INFO: [ app_end ] --END-- [ RunTime:0.000000s ]

[ 2018-11-22T16:34:36+08:00 ] 218.20.5.244 /index.php/Admin/Headline/addForms
INFO: [ app_init ] --START--
INFO: Run Behavior\BuildLiteBehavior [ RunTime:0.000000s ]
INFO: [ app_init ] --END-- [ RunTime:0.000000s ]
NOTIC: [8] Use of undefined constant URL_MODEL - assumed 'URL_MODEL' D:\wwwroot\wgcadmin_22fqiz\web\Application\Admin\Conf\config.php 第 4 行.
INFO: [ app_begin ] --START--
INFO: Run Behavior\ReadHtmlCacheBehavior [ RunTime:0.000000s ]
INFO: [ app_begin ] --END-- [ RunTime:0.000000s ]
NOTIC: [2] call_user_func() expects parameter 1 to be a valid callback, no array or string given D:\wwwroot\wgcadmin_22fqiz\web\ThinkPHP\Library\Think\Upload.class.php 第 170 行.
SQL: SHOW COLUMNS FROM `ecm_advertisement` [ RunTime:0.000000s ]
SQL: INSERT INTO `ecm_advertisement` (`title`,`content`,`pic`,`describe`,`type`,`laiyuan`,`province`,`city`,`district`,`kehu`,`times`,`fenxiaoshang_userid`) VALUES ('佛山金沙洲万达汉堡王开利风管机和多联式中央空调机组...','&lt;p style=&quot;text-align: center;&quot;&gt;&lt;img src=&quot;http://wgcmanage.59jiaju.com/ueditor/php/upload/image/20181122/1542875669742083.png&quot; title=&quot;1542875669742083.png&quot; alt=&quot;xinpin2.png&quot;/&gt;&lt;/p&gt;','/Uploads/2018-11-22/5bf66a1c52ee1.jpg','我们一起喵喵','54','微工程','广东省','广州市','市辖区','鲁班名匠',1542875676,'8780921542875016') [ RunTime:0.000000s ]

[ 2018-11-22T16:34:36+08:00 ] 218.20.5.244 /index.php/Admin/Headline/index.html
INFO: [ app_init ] --START--
INFO: Run Behavior\BuildLiteBehavior [ RunTime:0.000000s ]
INFO: [ app_init ] --END-- [ RunTime:0.000000s ]
NOTIC: [8] Use of undefined constant URL_MODEL - assumed 'URL_MODEL' D:\wwwroot\wgcadmin_22fqiz\web\Application\Admin\Conf\config.php 第 4 行.
INFO: [ app_begin ] --START--
INFO: Run Behavior\ReadHtmlCacheBehavior [ RunTime:0.000000s ]
INFO: [ app_begin ] --END-- [ RunTime:0.000000s ]
SQL: SHOW COLUMNS FROM `ecm_advertisement` [ RunTime:0.000000s ]
SQL: SELECT COUNT(*) AS tp_count FROM `ecm_advertisement` WHERE `fenxiaoshang_userid` = '8780921542875016' LIMIT 1   [ RunTime:0.000000s ]
SQL: SELECT * FROM `ecm_advertisement` WHERE `fenxiaoshang_userid` = '8780921542875016' ORDER BY times desc LIMIT 0,200   [ RunTime:0.015625s ]
INFO: [ view_parse ] --START--
NOTIC: [8] Undefined offset: 1 D:\wwwroot\wgcadmin_22fqiz\web\ThinkPHP\Library\Think\Template.class.php 第 523 行.
INFO: [ template_filter ] --START--
INFO: Run Behavior\ContentReplaceBehavior [ RunTime:0.000000s ]
INFO: [ template_filter ] --END-- [ RunTime:0.000000s ]
INFO: Run Behavior\ParseTemplateBehavior [ RunTime:0.015625s ]
INFO: [ view_parse ] --END-- [ RunTime:0.015625s ]
INFO: [ view_filter ] --START--
INFO: Run Behavior\WriteHtmlCacheBehavior [ RunTime:0.000000s ]
INFO: [ view_filter ] --END-- [ RunTime:0.000000s ]
INFO: [ app_end ] --START--
INFO: Run Behavior\ShowPageTraceBehavior [ RunTime:0.000000s ]
INFO: [ app_end ] --END-- [ RunTime:0.000000s ]

[ 2018-11-22T16:34:44+08:00 ] 180.163.220.3 /index.php/Admin/Index/index.html
INFO: [ app_init ] --START--
INFO: Run Behavior\BuildLiteBehavior [ RunTime:0.000000s ]
INFO: [ app_init ] --END-- [ RunTime:0.000000s ]
NOTIC: [8] Use of undefined constant URL_MODEL - assumed 'URL_MODEL' D:\wwwroot\wgcadmin_22fqiz\web\Application\Admin\Conf\config.php 第 4 行.
INFO: [ app_begin ] --START--
INFO: Run Behavior\ReadHtmlCacheBehavior [ RunTime:0.000000s ]
INFO: [ app_begin ] --END-- [ RunTime:0.000000s ]

[ 2018-11-22T16:34:56+08:00 ] 42.236.10.117 /index.php/Admin/Index/index.html
INFO: [ app_init ] --START--
INFO: Run Behavior\BuildLiteBehavior [ RunTime:0.000000s ]
INFO: [ app_init ] --END-- [ RunTime:0.000000s ]
NOTIC: [8] Use of undefined constant URL_MODEL - assumed 'URL_MODEL' D:\wwwroot\wgcadmin_22fqiz\web\Application\Admin\Conf\config.php 第 4 行.
INFO: [ app_begin ] --START--
INFO: Run Behavior\ReadHtmlCacheBehavior [ RunTime:0.000000s ]
INFO: [ app_begin ] --END-- [ RunTime:0.000000s ]

[ 2018-11-22T16:35:37+08:00 ] 42.236.10.106 /index.php/Admin/Index/index.html
INFO: [ app_init ] --START--
INFO: Run Behavior\BuildLiteBehavior [ RunTime:0.000000s ]
INFO: [ app_init ] --END-- [ RunTime:0.000000s ]
NOTIC: [8] Use of undefined constant URL_MODEL - assumed 'URL_MODEL' D:\wwwroot\wgcadmin_22fqiz\web\Application\Admin\Conf\config.php 第 4 行.
INFO: [ app_begin ] --START--
INFO: Run Behavior\ReadHtmlCacheBehavior [ RunTime:0.000000s ]
INFO: [ app_begin ] --END-- [ RunTime:0.000000s ]

[ 2018-11-22T16:36:04+08:00 ] 180.163.220.68 /index.php/Admin/Index/index.html
INFO: [ app_init ] --START--
INFO: Run Behavior\BuildLiteBehavior [ RunTime:0.000000s ]
INFO: [ app_init ] --END-- [ RunTime:0.000000s ]
NOTIC: [8] Use of undefined constant URL_MODEL - assumed 'URL_MODEL' D:\wwwroot\wgcadmin_22fqiz\web\Application\Admin\Conf\config.php 第 4 行.
INFO: [ app_begin ] --START--
INFO: Run Behavior\ReadHtmlCacheBehavior [ RunTime:0.000000s ]
INFO: [ app_begin ] --END-- [ RunTime:0.000000s ]

